TN:
SF:src\App.tsx
FN:18,App
FN:23,(anonymous_1)
FN:41,(anonymous_2)
FN:45,handleLogin
FN:50,handleLogout
FNF:5
FNH:5
FNDA:21,App
FNDA:9,(anonymous_1)
FNDA:8,(anonymous_2)
FNDA:1,handleLogin
FNDA:1,handleLogout
DA:19,21
DA:20,21
DA:21,21
DA:23,21
DA:24,9
DA:25,9
DA:26,3
DA:27,3
DA:30,6
DA:31,6
DA:32,3
DA:33,3
DA:35,2
DA:36,2
DA:37,2
DA:41,21
DA:42,8
DA:46,1
DA:47,1
DA:51,1
DA:52,1
DA:53,1
DA:54,1
DA:57,21
DA:58,8
DA:69,13
DA:70,9
DA:79,4
LF:28
LH:28
BRDA:25,0,0,3
BRDA:25,0,1,6
BRDA:57,1,0,8
BRDA:57,1,1,13
BRDA:69,2,0,9
BRDA:69,2,1,4
BRDA:84,3,0,0
BRDA:84,3,1,4
BRDA:85,4,0,0
BRDA:85,4,1,4
BRDA:85,5,0,21
BRDA:85,5,1,4
BRDA:85,5,2,4
BRDA:85,5,3,4
BRDA:85,5,4,4
BRDA:85,5,5,4
BRDA:85,5,6,4
BRDA:85,5,7,4
BRDA:89,6,0,0
BRDA:89,6,1,4
BRDA:89,7,0,21
BRDA:89,7,1,4
BRF:22
BRH:19
end_of_record
TN:
SF:src\api.ts
FN:6,request
FN:16,(anonymous_1)
FN:24,(anonymous_2)
FN:38,(anonymous_3)
FN:50,(anonymous_4)
FN:78,(anonymous_5)
FN:81,logout
FN:117,(anonymous_7)
FN:121,(anonymous_8)
FN:123,(anonymous_9)
FN:131,(anonymous_10)
FN:134,(anonymous_11)
FN:137,(anonymous_12)
FN:140,(anonymous_13)
FN:157,(anonymous_14)
FN:160,(anonymous_15)
FN:173,(anonymous_16)
FN:186,(anonymous_17)
FN:228,(anonymous_18)
FN:230,(anonymous_19)
FN:233,(anonymous_20)
FN:236,(anonymous_21)
FN:239,(anonymous_22)
FN:242,(anonymous_23)
FN:245,(anonymous_24)
FN:248,(anonymous_25)
FN:251,(anonymous_26)
FN:287,(anonymous_27)
FN:305,(anonymous_28)
FN:307,(anonymous_29)
FN:310,(anonymous_30)
FN:313,(anonymous_31)
FN:332,(anonymous_32)
FN:334,(anonymous_33)
FN:336,(anonymous_34)
FN:339,(anonymous_35)
FN:342,(anonymous_36)
FN:353,(anonymous_37)
FN:355,(anonymous_38)
FN:358,(anonymous_39)
FN:361,(anonymous_40)
FN:364,(anonymous_41)
FN:377,(anonymous_42)
FN:380,(anonymous_43)
FN:411,(anonymous_44)
FN:414,(anonymous_45)
FN:417,(anonymous_46)
FN:420,(anonymous_47)
FN:425,(anonymous_48)
FN:449,(anonymous_49)
FN:452,(anonymous_50)
FN:458,(anonymous_51)
FN:464,(anonymous_52)
FN:467,(anonymous_53)
FN:470,(anonymous_54)
FN:476,(anonymous_55)
FN:486,(anonymous_56)
FN:501,(anonymous_57)
FN:515,(anonymous_58)
FN:529,(anonymous_59)
FN:535,(anonymous_60)
FN:540,(anonymous_61)
FN:542,(anonymous_62)
FN:563,(anonymous_63)
FN:570,buildNvrObserveUrl
FN:589,(anonymous_65)
FNF:66
FNH:65
FNDA:71,request
FNDA:1,(anonymous_1)
FNDA:4,(anonymous_2)
FNDA:1,(anonymous_3)
FNDA:4,(anonymous_4)
FNDA:1,(anonymous_5)
FNDA:1,logout
FNDA:7,(anonymous_7)
FNDA:1,(anonymous_8)
FNDA:1,(anonymous_9)
FNDA:1,(anonymous_10)
FNDA:1,(anonymous_11)
FNDA:1,(anonymous_12)
FNDA:1,(anonymous_13)
FNDA:1,(anonymous_14)
FNDA:1,(anonymous_15)
FNDA:1,(anonymous_16)
FNDA:1,(anonymous_17)
FNDA:1,(anonymous_18)
FNDA:1,(anonymous_19)
FNDA:1,(anonymous_20)
FNDA:1,(anonymous_21)
FNDA:1,(anonymous_22)
FNDA:1,(anonymous_23)
FNDA:1,(anonymous_24)
FNDA:1,(anonymous_25)
FNDA:1,(anonymous_26)
FNDA:1,(anonymous_27)
FNDA:1,(anonymous_28)
FNDA:1,(anonymous_29)
FNDA:1,(anonymous_30)
FNDA:1,(anonymous_31)
FNDA:1,(anonymous_32)
FNDA:1,(anonymous_33)
FNDA:1,(anonymous_34)
FNDA:1,(anonymous_35)
FNDA:1,(anonymous_36)
FNDA:1,(anonymous_37)
FNDA:1,(anonymous_38)
FNDA:1,(anonymous_39)
FNDA:1,(anonymous_40)
FNDA:1,(anonymous_41)
FNDA:1,(anonymous_42)
FNDA:1,(anonymous_43)
FNDA:1,(anonymous_44)
FNDA:1,(anonymous_45)
FNDA:1,(anonymous_46)
FNDA:0,(anonymous_47)
FNDA:1,(anonymous_48)
FNDA:1,(anonymous_49)
FNDA:1,(anonymous_50)
FNDA:1,(anonymous_51)
FNDA:1,(anonymous_52)
FNDA:1,(anonymous_53)
FNDA:1,(anonymous_54)
FNDA:1,(anonymous_55)
FNDA:1,(anonymous_56)
FNDA:2,(anonymous_57)
FNDA:1,(anonymous_58)
FNDA:2,(anonymous_59)
FNDA:1,(anonymous_60)
FNDA:1,(anonymous_61)
FNDA:1,(anonymous_62)
FNDA:1,(anonymous_63)
FNDA:4,buildNvrObserveUrl
FNDA:1,(anonymous_65)
DA:4,3
DA:7,71
DA:8,71
DA:13,71
DA:15,69
DA:16,2
DA:17,2
DA:20,67
DA:24,4
DA:25,4
DA:38,3
DA:39,1
DA:50,4
DA:78,3
DA:79,1
DA:82,1
DA:83,1
DA:84,1
DA:85,1
DA:93,1
DA:117,7
DA:121,3
DA:123,3
DA:124,1
DA:131,3
DA:132,1
DA:134,3
DA:135,1
DA:137,3
DA:138,1
DA:140,3
DA:141,1
DA:157,3
DA:158,1
DA:160,3
DA:168,1
DA:173,3
DA:181,1
DA:186,3
DA:187,1
DA:228,3
DA:230,3
DA:231,1
DA:233,3
DA:234,1
DA:236,3
DA:237,1
DA:239,3
DA:240,1
DA:242,3
DA:243,1
DA:245,3
DA:246,1
DA:248,3
DA:249,1
DA:251,3
DA:259,1
DA:287,3
DA:305,3
DA:307,3
DA:308,1
DA:310,3
DA:311,1
DA:313,3
DA:314,1
DA:332,3
DA:334,3
DA:336,3
DA:337,1
DA:339,3
DA:340,1
DA:342,3
DA:343,1
DA:353,3
DA:355,3
DA:356,1
DA:358,3
DA:359,1
DA:361,3
DA:362,1
DA:364,3
DA:365,1
DA:377,3
DA:378,1
DA:380,3
DA:381,1
DA:411,3
DA:412,1
DA:414,3
DA:415,1
DA:417,3
DA:418,1
DA:420,3
DA:421,0
DA:425,3
DA:426,1
DA:449,3
DA:450,1
DA:452,3
DA:453,1
DA:458,3
DA:459,1
DA:464,3
DA:465,1
DA:467,3
DA:468,1
DA:470,3
DA:471,1
DA:476,3
DA:477,1
DA:486,3
DA:487,1
DA:501,3
DA:502,2
DA:515,3
DA:516,1
DA:529,3
DA:530,2
DA:535,3
DA:536,1
DA:540,3
DA:542,3
DA:543,1
DA:563,3
DA:571,4
DA:572,4
DA:573,4
DA:574,4
DA:575,4
DA:576,4
DA:589,3
LF:131
LH:130
BRDA:10,0,0,7
BRDA:10,0,1,64
BRDA:15,1,0,2
BRDA:15,1,1,67
BRDA:17,2,0,2
BRDA:17,2,1,1
BRDA:84,3,0,1
BRDA:84,3,1,0
BRDA:411,4,0,1
BRDA:412,5,0,0
BRDA:412,5,1,1
BRDA:501,6,0,2
BRDA:501,7,0,2
BRDA:529,8,0,2
BRDA:570,9,0,4
BRDA:571,10,0,1
BRDA:571,10,1,3
BRDA:574,11,0,1
BRDA:574,11,1,3
BRF:19
BRH:17
end_of_record
TN:
SF:src\components\ConfirmModal.tsx
FN:12,ConfirmModal
FN:31,(anonymous_1)
FN:57,(anonymous_2)
FNF:3
FNH:3
FNDA:143,ConfirmModal
FNDA:4,(anonymous_1)
FNDA:3,(anonymous_2)
DA:22,143
DA:24,4
DA:31,4
DA:58,3
LF:4
LH:4
BRDA:16,0,0,143
BRDA:17,1,0,143
BRDA:20,2,0,143
BRDA:22,3,0,139
BRDA:22,3,1,4
BRDA:33,4,0,4
BRDA:33,4,1,0
BRDA:37,5,0,143
BRDA:37,5,1,4
BRDA:56,6,0,4
BRDA:56,6,1,0
BRF:11
BRH:9
end_of_record
TN:
SF:src\components\FileBrowser.tsx
FN:20,FileBrowser
FN:28,(anonymous_1)
FN:32,(anonymous_2)
FN:37,(anonymous_3)
FN:38,(anonymous_4)
FN:41,(anonymous_5)
FN:51,(anonymous_6)
FN:73,(anonymous_7)
FN:79,(anonymous_8)
FN:85,(anonymous_9)
FN:87,(anonymous_10)
FN:89,(anonymous_11)
FN:103,(anonymous_12)
FN:111,(anonymous_13)
FN:113,(anonymous_14)
FN:114,(anonymous_15)
FN:115,(anonymous_16)
FN:121,(anonymous_17)
FN:122,(anonymous_18)
FN:122,(anonymous_19)
FN:124,(anonymous_20)
FN:126,(anonymous_21)
FN:126,(anonymous_22)
FN:130,(anonymous_23)
FN:131,(anonymous_24)
FN:131,(anonymous_25)
FN:163,(anonymous_26)
FN:177,(anonymous_27)
FN:181,(anonymous_28)
FN:212,(anonymous_29)
FN:215,(anonymous_30)
FN:254,(anonymous_31)
FN:264,(anonymous_32)
FN:275,(anonymous_33)
FNF:34
FNH:24
FNDA:66,FileBrowser
FNDA:25,(anonymous_1)
FNDA:23,(anonymous_2)
FNDA:13,(anonymous_3)
FNDA:13,(anonymous_4)
FNDA:12,(anonymous_5)
FNDA:6,(anonymous_6)
FNDA:3,(anonymous_7)
FNDA:1,(anonymous_8)
FNDA:1,(anonymous_9)
FNDA:0,(anonymous_10)
FNDA:0,(anonymous_11)
FNDA:4,(anonymous_12)
FNDA:4,(anonymous_13)
FNDA:1,(anonymous_14)
FNDA:1,(anonymous_15)
FNDA:1,(anonymous_16)
FNDA:0,(anonymous_17)
FNDA:0,(anonymous_18)
FNDA:0,(anonymous_19)
FNDA:0,(anonymous_20)
FNDA:0,(anonymous_21)
FNDA:0,(anonymous_22)
FNDA:1,(anonymous_23)
FNDA:1,(anonymous_24)
FNDA:1,(anonymous_25)
FNDA:1,(anonymous_26)
FNDA:3,(anonymous_27)
FNDA:0,(anonymous_28)
FNDA:13,(anonymous_29)
FNDA:4,(anonymous_30)
FNDA:4,(anonymous_31)
FNDA:0,(anonymous_32)
FNDA:5,(anonymous_33)
DA:21,66
DA:22,66
DA:23,66
DA:24,66
DA:25,66
DA:26,66
DA:28,66
DA:29,25
DA:30,25
DA:32,25
DA:34,23
DA:35,22
DA:36,22
DA:37,22
DA:38,22
DA:39,13
DA:40,13
DA:41,13
DA:42,12
DA:44,12
DA:45,12
DA:51,13
DA:52,6
DA:53,1
DA:55,13
DA:57,1
DA:59,13
DA:62,1
DA:68,66
DA:69,21
DA:70,21
DA:73,65
DA:74,3
DA:75,3
DA:76,3
DA:79,65
DA:80,1
DA:81,1
DA:82,1
DA:85,65
DA:86,1
DA:87,1
DA:88,0
DA:89,0
DA:90,0
DA:91,0
DA:92,0
DA:93,0
DA:94,0
DA:95,0
DA:96,0
DA:97,0
DA:98,0
DA:103,65
DA:104,4
DA:105,4
DA:106,4
DA:107,4
DA:108,4
DA:110,4
DA:111,4
DA:113,4
DA:114,1
DA:115,1
DA:116,1
DA:121,4
DA:122,0
DA:124,0
DA:125,0
DA:126,0
DA:130,4
DA:131,1
DA:134,4
DA:138,65
DA:163,1
DA:178,3
DA:181,0
DA:213,13
DA:216,4
DA:217,1
DA:255,4
DA:256,4
DA:257,4
DA:264,0
DA:276,5
LF:85
LH:68
BRDA:34,0,0,22
BRDA:34,0,1,1
BRDA:47,1,0,6
BRDA:47,1,1,6
BRDA:52,2,0,5
BRDA:52,2,1,1
BRDA:52,3,0,1
BRDA:52,3,1,4
BRDA:68,4,0,21
BRDA:68,4,1,45
BRDA:107,5,0,4
BRDA:107,5,1,1
BRDA:116,6,0,1
BRDA:116,6,1,0
BRDA:122,7,0,0
BRDA:122,7,1,0
BRDA:187,8,0,3
BRDA:187,8,1,0
BRDA:188,9,0,3
BRDA:188,9,1,0
BRDA:207,10,0,24
BRDA:207,10,1,41
BRDA:209,11,0,32
BRDA:209,11,1,9
BRDA:216,12,0,3
BRDA:216,12,1,1
BRDA:229,13,0,6
BRDA:229,13,1,7
BRDA:231,14,0,6
BRDA:231,14,1,7
BRDA:255,15,0,4
BRDA:255,15,1,0
BRDA:255,16,0,4
BRDA:255,16,1,4
BRDA:273,17,0,66
BRDA:273,17,1,5
BRF:36
BRH:30
end_of_record
TN:
SF:src\components\Layout.tsx
FN:8,useSidebarWidth
FN:36,Layout
FN:69,(anonymous_2)
FN:83,(anonymous_3)
FN:163,(anonymous_4)
FNF:5
FNH:5
FNDA:1,useSidebarWidth
FNDA:7,Layout
FNDA:28,(anonymous_2)
FNDA:28,(anonymous_3)
FNDA:1,(anonymous_4)
DA:7,2
DA:8,1
DA:10,2
DA:11,2
DA:13,2
DA:37,7
DA:38,7
DA:39,7
DA:40,7
DA:42,7
DA:44,7
DA:70,28
DA:71,7
DA:76,21
DA:77,7
DA:79,14
DA:80,7
DA:82,7
DA:84,28
DA:87,28
DA:163,1
LF:21
LH:21
BRDA:39,0,0,1
BRDA:39,0,1,6
BRDA:42,1,0,7
BRDA:42,1,1,0
BRDA:52,2,0,1
BRDA:52,2,1,6
BRDA:59,3,0,1
BRDA:59,3,1,6
BRDA:61,4,0,7
BRDA:61,4,1,0
BRDA:70,5,0,7
BRDA:70,5,1,21
BRDA:71,6,0,7
BRDA:71,6,1,0
BRDA:71,6,2,0
BRDA:71,6,3,0
BRDA:71,6,4,0
BRDA:71,6,5,0
BRDA:71,6,6,0
BRDA:71,6,7,0
BRDA:76,7,0,7
BRDA:76,7,1,14
BRDA:77,8,0,7
BRDA:77,8,1,0
BRDA:79,9,0,7
BRDA:79,9,1,7
BRDA:84,10,0,7
BRDA:84,10,1,21
BRDA:85,11,0,7
BRDA:85,11,1,1
BRDA:92,12,0,4
BRDA:92,12,1,24
BRDA:93,13,0,7
BRDA:93,13,1,21
BRDA:97,14,0,4
BRDA:97,14,1,24
BRDA:100,15,0,28
BRDA:100,15,1,24
BRDA:111,16,0,1
BRDA:111,16,1,6
BRDA:116,17,0,7
BRDA:116,17,1,6
BRDA:118,18,0,6
BRDA:118,18,1,0
BRDA:119,19,0,6
BRDA:119,19,1,0
BRDA:124,20,0,7
BRDA:124,20,1,6
BRDA:142,21,0,1
BRDA:142,21,1,6
BRDA:146,22,0,7
BRDA:146,22,1,0
BRDA:155,23,0,7
BRDA:155,23,1,6
BRDA:156,24,0,0
BRDA:156,24,1,6
BRDA:156,25,0,6
BRDA:156,25,1,0
BRDA:162,26,0,1
BRDA:162,26,1,6
BRDA:164,27,0,1
BRDA:164,27,1,6
BRDA:167,28,0,1
BRDA:167,28,1,6
BRDA:170,29,0,7
BRDA:170,29,1,6
BRF:66
BRH:51
end_of_record
TN:
SF:src\components\Select.tsx
FN:16,Select
FN:22,(anonymous_1)
FN:24,(anonymous_2)
FN:41,(anonymous_3)
FN:42,(anonymous_4)
FN:48,(anonymous_5)
FN:51,(anonymous_6)
FN:54,(anonymous_7)
FN:57,(anonymous_8)
FN:68,(anonymous_9)
FN:85,(anonymous_10)
FN:91,(anonymous_11)
FNF:12
FNH:11
FNDA:762,Select
FNDA:919,(anonymous_1)
FNDA:7,(anonymous_2)
FNDA:245,(anonymous_3)
FNDA:166,(anonymous_4)
FNDA:245,(anonymous_5)
FNDA:299,(anonymous_6)
FNDA:0,(anonymous_7)
FNDA:7,(anonymous_8)
FNDA:7,(anonymous_9)
FNDA:44,(anonymous_10)
FNDA:4,(anonymous_11)
DA:17,762
DA:18,762
DA:19,762
DA:20,762
DA:22,919
DA:24,762
DA:25,7
DA:26,7
DA:27,7
DA:28,7
DA:29,7
DA:31,7
DA:41,762
DA:42,245
DA:43,166
DA:44,166
DA:45,155
DA:47,245
DA:48,245
DA:51,762
DA:52,299
DA:53,7
DA:54,7
DA:55,7
DA:56,7
DA:57,7
DA:58,7
DA:59,7
DA:63,762
DA:68,7
DA:86,44
DA:91,4
LF:32
LH:32
BRDA:25,0,0,0
BRDA:25,0,1,7
BRDA:29,1,0,7
BRDA:29,1,1,0
BRDA:35,2,0,0
BRDA:35,2,1,7
BRDA:44,3,0,11
BRDA:44,3,1,155
BRDA:44,4,0,166
BRDA:44,4,1,159
BRDA:52,5,0,292
BRDA:52,5,1,7
BRDA:67,6,0,14
BRDA:67,6,1,748
BRDA:73,7,0,728
BRDA:73,7,1,34
BRDA:73,8,0,34
BRDA:73,8,1,30
BRDA:76,9,0,14
BRDA:76,9,1,748
BRDA:83,10,0,762
BRDA:83,10,1,14
BRDA:90,11,0,6
BRDA:90,11,1,38
BRDA:94,12,0,44
BRDA:94,12,1,6
BRF:26
BRH:23
end_of_record
TN:
SF:src\components\SessionBar.tsx
FN:5,SessionBar
FN:14,handleSwitch
FN:19,handleClose
FN:33,(anonymous_3)
FN:53,(anonymous_4)
FN:64,(anonymous_5)
FN:69,(anonymous_6)
FN:70,(anonymous_7)
FN:79,SessionThumbnail
FN:90,(anonymous_9)
FN:91,capture
FN:119,(anonymous_11)
FNF:12
FNH:12
FNDA:17,SessionBar
FNDA:1,handleSwitch
FNDA:1,handleClose
FNDA:1,(anonymous_3)
FNDA:1,(anonymous_4)
FNDA:23,(anonymous_5)
FNDA:1,(anonymous_6)
FNDA:1,(anonymous_7)
FNDA:23,SessionThumbnail
FNDA:18,(anonymous_9)
FNDA:18,capture
FNDA:18,(anonymous_11)
DA:6,17
DA:7,17
DA:8,17
DA:9,17
DA:10,17
DA:12,17
DA:15,1
DA:16,1
DA:20,1
DA:21,1
DA:22,1
DA:23,1
DA:27,16
DA:33,1
DA:53,1
DA:65,23
DA:69,1
DA:70,1
DA:87,23
DA:88,23
DA:90,23
DA:92,18
DA:93,18
DA:95,18
DA:96,18
DA:97,18
DA:99,0
DA:100,0
DA:102,0
DA:103,0
DA:104,0
DA:106,0
DA:107,0
DA:108,0
DA:109,0
DA:110,0
DA:112,0
DA:113,0
DA:114,0
DA:117,18
DA:118,18
DA:119,18
DA:122,23
LF:43
LH:30
BRDA:12,0,0,1
BRDA:12,0,1,16
BRDA:22,1,0,1
BRDA:22,1,1,0
BRDA:28,2,0,1
BRDA:28,2,1,15
BRDA:34,3,0,1
BRDA:34,3,1,15
BRDA:38,4,0,1
BRDA:38,4,1,15
BRDA:47,5,0,17
BRDA:47,5,1,15
BRDA:49,6,0,15
BRDA:49,6,1,2
BRDA:49,6,2,2
BRDA:93,7,0,0
BRDA:93,7,1,18
BRDA:97,8,0,18
BRDA:97,8,1,0
BRDA:100,9,0,0
BRDA:100,9,1,0
BRDA:104,10,0,0
BRDA:104,10,1,0
BRDA:104,11,0,0
BRDA:104,11,1,0
BRDA:119,12,0,18
BRDA:119,12,1,0
BRDA:124,13,0,15
BRDA:124,13,1,8
BRDA:124,14,0,1
BRDA:124,14,1,22
BRDA:152,15,0,23
BRDA:152,15,1,15
BRF:33
BRH:23
end_of_record
TN:
SF:src\components\SessionManager.tsx
FN:48,useSessionManager
FN:54,SessionManagerProvider
FN:64,(anonymous_2)
FN:65,(anonymous_3)
FN:68,(anonymous_4)
FN:70,(anonymous_5)
FN:84,(anonymous_6)
FN:90,(anonymous_7)
FN:113,(anonymous_8)
FN:117,(anonymous_9)
FN:118,(anonymous_10)
FN:121,(anonymous_11)
FN:122,(anonymous_12)
FN:127,(anonymous_13)
FN:128,(anonymous_14)
FN:135,(anonymous_15)
FN:142,(anonymous_16)
FN:144,(anonymous_17)
FN:148,(anonymous_18)
FN:150,(anonymous_19)
FN:164,(anonymous_20)
FN:177,(anonymous_21)
FN:179,(anonymous_22)
FN:182,(anonymous_23)
FN:184,(anonymous_24)
FN:188,(anonymous_25)
FN:190,(anonymous_26)
FN:210,(anonymous_27)
FN:215,(anonymous_28)
FN:216,(anonymous_29)
FN:217,(anonymous_30)
FN:224,(anonymous_31)
FN:227,(anonymous_32)
FN:227,(anonymous_33)
FN:228,(anonymous_34)
FN:228,(anonymous_35)
FN:229,(anonymous_36)
FN:231,(anonymous_37)
FN:239,(anonymous_38)
FN:241,(anonymous_39)
FN:245,(anonymous_40)
FNF:41
FNH:27
FNDA:86,useSessionManager
FNDA:86,SessionManagerProvider
FNDA:2,(anonymous_2)
FNDA:2,(anonymous_3)
FNDA:35,(anonymous_4)
FNDA:6,(anonymous_5)
FNDA:0,(anonymous_6)
FNDA:0,(anonymous_7)
FNDA:2,(anonymous_8)
FNDA:0,(anonymous_9)
FNDA:0,(anonymous_10)
FNDA:0,(anonymous_11)
FNDA:0,(anonymous_12)
FNDA:0,(anonymous_13)
FNDA:0,(anonymous_14)
FNDA:0,(anonymous_15)
FNDA:1,(anonymous_16)
FNDA:1,(anonymous_17)
FNDA:1,(anonymous_18)
FNDA:0,(anonymous_19)
FNDA:0,(anonymous_20)
FNDA:2,(anonymous_21)
FNDA:2,(anonymous_22)
FNDA:2,(anonymous_23)
FNDA:2,(anonymous_24)
FNDA:0,(anonymous_25)
FNDA:0,(anonymous_26)
FNDA:34,(anonymous_27)
FNDA:9,(anonymous_28)
FNDA:9,(anonymous_29)
FNDA:10,(anonymous_30)
FNDA:11,(anonymous_31)
FNDA:9,(anonymous_32)
FNDA:1,(anonymous_33)
FNDA:9,(anonymous_34)
FNDA:1,(anonymous_35)
FNDA:9,(anonymous_36)
FNDA:9,(anonymous_37)
FNDA:77,(anonymous_38)
FNDA:0,(anonymous_39)
FNDA:36,(anonymous_40)
DA:46,2
DA:49,86
DA:50,86
DA:51,85
DA:55,86
DA:56,86
DA:57,86
DA:58,86
DA:59,86
DA:62,86
DA:64,86
DA:65,2
DA:68,86
DA:70,35
DA:71,35
DA:73,34
DA:74,35
DA:76,35
DA:77,35
DA:78,35
DA:79,35
DA:80,35
DA:83,35
DA:84,35
DA:85,0
DA:89,35
DA:90,35
DA:91,0
DA:95,35
DA:97,35
DA:98,35
DA:113,35
DA:114,2
DA:115,1
DA:116,1
DA:117,1
DA:118,1
DA:119,0
DA:121,0
DA:122,0
DA:127,35
DA:128,0
DA:129,0
DA:130,0
DA:131,0
DA:132,0
DA:133,0
DA:138,35
DA:139,35
DA:142,35
DA:143,1
DA:144,1
DA:148,35
DA:149,1
DA:150,1
DA:151,0
DA:152,0
DA:153,0
DA:154,0
DA:155,0
DA:156,0
DA:157,0
DA:158,0
DA:159,0
DA:164,35
DA:165,0
DA:166,0
DA:167,0
DA:168,0
DA:169,0
DA:170,0
DA:171,0
DA:172,0
DA:173,0
DA:177,35
DA:178,2
DA:179,2
DA:182,35
DA:183,2
DA:184,2
DA:188,35
DA:189,0
DA:190,0
DA:191,0
DA:192,0
DA:193,0
DA:194,0
DA:195,0
DA:196,0
DA:198,0
DA:199,0
DA:200,0
DA:201,0
DA:208,35
DA:210,35
DA:211,35
DA:212,35
DA:215,86
DA:216,9
DA:217,10
DA:218,9
DA:219,9
DA:220,9
DA:221,9
DA:222,9
DA:224,11
DA:225,9
DA:227,9
DA:228,9
DA:229,9
DA:230,9
DA:231,9
DA:232,8
DA:234,1
DA:239,86
DA:240,77
DA:241,36
DA:242,0
DA:244,36
DA:245,36
DA:248,86
LF:121
LH:79
BRDA:50,0,0,1
BRDA:50,0,1,85
BRDA:71,1,0,1
BRDA:71,1,1,34
BRDA:73,2,0,0
BRDA:73,2,1,34
BRDA:114,3,0,1
BRDA:114,3,1,1
BRDA:129,4,0,0
BRDA:129,4,1,0
BRDA:129,5,0,0
BRDA:129,5,1,0
BRDA:166,6,0,0
BRDA:166,6,1,0
BRDA:169,7,0,0
BRDA:169,7,1,0
BRDA:169,8,0,0
BRDA:169,8,1,0
BRDA:172,9,0,0
BRDA:172,9,1,0
BRDA:172,10,0,0
BRDA:172,10,1,0
BRDA:178,11,0,2
BRDA:178,11,1,1
BRDA:183,12,0,2
BRDA:183,12,1,1
BRDA:189,13,0,0
BRDA:189,13,1,0
BRDA:192,14,0,0
BRDA:192,14,1,0
BRDA:195,15,0,0
BRDA:195,15,1,0
BRDA:195,16,0,0
BRDA:195,16,1,0
BRDA:200,17,0,0
BRDA:200,17,1,0
BRDA:200,18,0,0
BRDA:200,18,1,0
BRDA:200,18,2,0
BRDA:200,18,3,0
BRDA:218,19,0,9
BRDA:218,19,1,0
BRDA:230,20,0,8
BRDA:230,20,1,1
BRDA:232,21,0,1
BRDA:232,21,1,7
BRDA:240,22,0,41
BRDA:240,22,1,36
BRF:48
BRH:18
end_of_record
TN:
SF:src\components\SessionMenu.tsx
FN:21,SessionMenu
FN:36,(anonymous_1)
FN:45,(anonymous_2)
FN:49,(anonymous_3)
FN:58,(anonymous_4)
FN:60,(anonymous_5)
FN:82,(anonymous_6)
FN:133,(anonymous_7)
FN:136,(anonymous_8)
FN:138,(anonymous_9)
FN:146,(anonymous_10)
FN:170,(anonymous_11)
FN:175,(anonymous_12)
FN:226,(anonymous_13)
FN:262,(anonymous_14)
FNF:15
FNH:11
FNDA:42,SessionMenu
FNDA:24,(anonymous_1)
FNDA:9,(anonymous_2)
FNDA:2,(anonymous_3)
FNDA:1,(anonymous_4)
FNDA:0,(anonymous_5)
FNDA:10,(anonymous_6)
FNDA:3,(anonymous_7)
FNDA:3,(anonymous_8)
FNDA:0,(anonymous_9)
FNDA:9,(anonymous_10)
FNDA:4,(anonymous_11)
FNDA:1,(anonymous_12)
FNDA:0,(anonymous_13)
FNDA:0,(anonymous_14)
DA:29,42
DA:30,42
DA:31,42
DA:32,42
DA:33,42
DA:36,42
DA:37,24
DA:38,21
DA:39,21
DA:40,21
DA:45,42
DA:46,9
DA:48,9
DA:49,9
DA:50,2
DA:51,2
DA:52,2
DA:53,2
DA:54,2
DA:58,42
DA:59,1
DA:60,1
DA:64,42
DA:66,39
DA:82,10
DA:134,3
DA:136,3
DA:137,3
DA:146,9
DA:171,4
DA:175,1
DA:226,0
DA:262,0
LF:33
LH:31
BRDA:37,0,0,21
BRDA:37,0,1,3
BRDA:38,1,0,21
BRDA:38,1,1,20
BRDA:48,2,0,7
BRDA:48,2,1,2
BRDA:59,3,0,1
BRDA:59,3,1,0
BRDA:64,4,0,3
BRDA:64,4,1,39
BRDA:119,5,0,37
BRDA:119,5,1,2
BRDA:129,6,0,22
BRDA:129,6,1,15
BRDA:137,7,0,0
BRDA:137,7,1,3
BRDA:164,8,0,37
BRDA:164,8,1,3
BRDA:195,9,0,37
BRDA:195,9,1,6
BRDA:200,10,0,4
BRDA:200,10,1,2
BRDA:259,11,0,2
BRDA:259,11,1,2
BRDA:259,11,2,2
BRF:25
BRH:23
end_of_record
TN:
SF:src\components\SessionToolbar.tsx
FN:20,SessionToolbar
FN:35,(anonymous_1)
FN:36,(anonymous_2)
FN:38,(anonymous_3)
FN:42,(anonymous_4)
FN:44,(anonymous_5)
FN:50,(anonymous_6)
FN:53,(anonymous_7)
FN:76,(anonymous_8)
FN:78,(anonymous_9)
FN:80,(anonymous_10)
FN:98,(anonymous_11)
FN:99,(anonymous_12)
FN:100,(anonymous_13)
FN:105,(anonymous_14)
FN:122,(anonymous_15)
FN:126,(anonymous_16)
FN:141,(anonymous_17)
FN:157,(anonymous_18)
FN:161,(anonymous_19)
FN:176,(anonymous_20)
FN:178,(anonymous_21)
FN:180,(anonymous_22)
FN:198,(anonymous_23)
FN:202,(anonymous_24)
FN:225,(anonymous_25)
FN:241,(anonymous_26)
FN:245,(anonymous_27)
FN:273,(anonymous_28)
FN:325,(anonymous_29)
FN:347,(anonymous_30)
FN:356,(anonymous_31)
FN:381,(anonymous_32)
FN:414,(anonymous_33)
FN:447,(anonymous_34)
FN:448,(anonymous_35)
FN:453,(anonymous_36)
FN:475,(anonymous_37)
FNF:38
FNH:29
FNDA:74,SessionToolbar
FNDA:29,(anonymous_1)
FNDA:0,(anonymous_2)
FNDA:29,(anonymous_3)
FNDA:45,(anonymous_4)
FNDA:1,(anonymous_5)
FNDA:14,(anonymous_6)
FNDA:11,(anonymous_7)
FNDA:2,(anonymous_8)
FNDA:0,(anonymous_9)
FNDA:2,(anonymous_10)
FNDA:21,(anonymous_11)
FNDA:14,(anonymous_12)
FNDA:21,(anonymous_13)
FNDA:15,(anonymous_14)
FNDA:15,(anonymous_15)
FNDA:13,(anonymous_16)
FNDA:3,(anonymous_17)
FNDA:3,(anonymous_18)
FNDA:1,(anonymous_19)
FNDA:1,(anonymous_20)
FNDA:0,(anonymous_21)
FNDA:0,(anonymous_22)
FNDA:1,(anonymous_23)
FNDA:0,(anonymous_24)
FNDA:2,(anonymous_25)
FNDA:2,(anonymous_26)
FNDA:0,(anonymous_27)
FNDA:14,(anonymous_28)
FNDA:0,(anonymous_29)
FNDA:1,(anonymous_30)
FNDA:9,(anonymous_31)
FNDA:2,(anonymous_32)
FNDA:1,(anonymous_33)
FNDA:0,(anonymous_34)
FNDA:2,(anonymous_35)
FNDA:1,(anonymous_36)
FNDA:0,(anonymous_37)
DA:21,74
DA:22,74
DA:23,74
DA:24,74
DA:25,74
DA:26,74
DA:27,74
DA:28,74
DA:29,74
DA:30,74
DA:32,74
DA:35,74
DA:36,29
DA:37,29
DA:38,29
DA:42,74
DA:43,45
DA:44,14
DA:45,1
DA:46,1
DA:49,14
DA:50,14
DA:53,74
DA:55,11
DA:56,11
DA:57,11
DA:59,11
DA:60,11
DA:61,11
DA:62,11
DA:63,11
DA:64,11
DA:65,10
DA:66,10
DA:67,10
DA:68,10
DA:72,11
DA:76,74
DA:77,2
DA:78,2
DA:79,2
DA:80,2
DA:84,74
DA:98,21
DA:99,14
DA:100,21
DA:105,15
DA:123,15
DA:124,15
DA:127,13
DA:128,13
DA:141,3
DA:158,3
DA:159,3
DA:162,1
DA:163,0
DA:164,0
DA:177,1
DA:178,0
DA:180,1
DA:199,1
DA:200,1
DA:203,0
DA:204,0
DA:205,0
DA:225,2
DA:242,2
DA:243,2
DA:246,0
DA:247,0
DA:248,0
DA:273,14
DA:325,0
DA:347,1
DA:356,9
DA:381,2
DA:414,1
DA:447,0
DA:448,2
DA:453,1
DA:475,0
LF:81
LH:69
BRDA:20,0,0,74
BRDA:43,1,0,31
BRDA:43,1,1,14
BRDA:45,2,0,1
BRDA:45,2,1,0
BRDA:45,3,0,1
BRDA:45,3,1,1
BRDA:53,4,0,11
BRDA:65,5,0,0
BRDA:65,5,1,10
BRDA:72,6,0,11
BRDA:72,6,1,0
BRDA:77,7,0,2
BRDA:77,7,1,0
BRDA:103,8,0,74
BRDA:103,8,1,73
BRDA:139,9,0,74
BRDA:139,9,1,8
BRDA:150,10,0,3
BRDA:150,10,1,5
BRDA:151,11,0,3
BRDA:151,11,1,5
BRDA:162,12,0,0
BRDA:162,12,1,1
BRDA:177,13,0,0
BRDA:177,13,1,1
BRDA:183,14,0,0
BRDA:183,14,1,74
BRDA:191,15,0,0
BRDA:191,15,1,74
BRDA:192,16,0,0
BRDA:192,16,1,74
BRDA:203,17,0,0
BRDA:203,17,1,0
BRDA:209,18,0,0
BRDA:209,18,1,74
BRDA:223,19,0,74
BRDA:223,19,1,72
BRDA:223,19,2,4
BRDA:225,20,0,1
BRDA:225,20,1,1
BRDA:226,21,0,2
BRDA:226,21,1,2
BRDA:234,22,0,2
BRDA:234,22,1,2
BRDA:235,23,0,2
BRDA:235,23,1,2
BRDA:246,24,0,0
BRDA:246,24,1,0
BRDA:252,25,0,2
BRDA:252,25,1,2
BRDA:270,26,0,74
BRDA:270,26,1,39
BRDA:289,27,0,12
BRDA:289,27,1,27
BRDA:292,28,0,2
BRDA:292,28,1,10
BRDA:302,29,0,2
BRDA:302,29,1,10
BRDA:303,30,0,2
BRDA:303,30,1,10
BRDA:307,31,0,2
BRDA:307,31,1,10
BRDA:333,32,0,2
BRDA:333,32,1,10
BRDA:405,33,0,27
BRDA:405,33,1,11
BRDA:412,34,0,74
BRDA:412,34,1,3
BRDA:412,34,2,3
BRDA:444,35,0,3
BRDA:444,35,1,1
BRDA:472,36,0,3
BRDA:472,36,1,3
BRF:74
BRH:60
end_of_record
TN:
SF:src\components\SessionWatermark.tsx
FN:9,SessionWatermark
FN:11,(anonymous_1)
FN:15,(anonymous_2)
FN:18,(anonymous_3)
FN:19,(anonymous_4)
FN:20,(anonymous_5)
FN:24,(anonymous_6)
FN:25,(anonymous_7)
FN:26,(anonymous_8)
FN:30,(anonymous_9)
FN:75,(anonymous_10)
FN:78,(anonymous_11)
FN:83,(anonymous_12)
FN:103,formatTimestamp
FNF:14
FNH:11
FNDA:12,SessionWatermark
FNDA:7,(anonymous_1)
FNDA:7,(anonymous_2)
FNDA:6,(anonymous_3)
FNDA:1,(anonymous_4)
FNDA:7,(anonymous_5)
FNDA:7,(anonymous_6)
FNDA:0,(anonymous_7)
FNDA:7,(anonymous_8)
FNDA:12,(anonymous_9)
FNDA:7,(anonymous_10)
FNDA:0,(anonymous_11)
FNDA:0,(anonymous_12)
FNDA:7,formatTimestamp
DA:10,12
DA:11,12
DA:12,12
DA:15,12
DA:16,7
DA:17,7
DA:18,6
DA:20,7
DA:24,12
DA:25,7
DA:26,7
DA:30,12
DA:31,12
DA:32,5
DA:33,5
DA:35,4
DA:36,12
DA:37,12
DA:38,12
DA:39,12
DA:41,12
DA:42,12
DA:43,2
DA:44,2
DA:46,2
DA:47,12
DA:48,12
DA:49,12
DA:50,12
DA:52,12
DA:53,12
DA:54,12
DA:56,12
DA:57,12
DA:58,12
DA:61,12
DA:62,12
DA:63,12
DA:65,12
DA:66,40
DA:67,320
DA:71,2
DA:75,12
DA:76,7
DA:77,7
DA:78,0
DA:80,0
DA:82,0
DA:83,0
DA:86,12
DA:88,4
DA:104,7
LF:52
LH:48
BRDA:18,0,0,6
BRDA:18,0,1,0
BRDA:31,1,0,7
BRDA:31,1,1,5
BRDA:33,2,0,1
BRDA:33,2,1,4
BRDA:35,3,0,4
BRDA:35,3,1,0
BRDA:42,4,0,2
BRDA:42,4,1,10
BRDA:46,5,0,2
BRDA:46,5,1,1
BRDA:77,6,0,7
BRDA:77,6,1,0
BRDA:86,7,0,8
BRDA:86,7,1,4
BRDA:86,8,0,12
BRDA:86,8,1,5
BRF:18
BRH:15
end_of_record
TN:
SF:src\components\ThemeProvider.tsx
FN:17,getSystemTheme
FN:21,getSavedPreference
FN:27,resolveTheme
FN:31,ThemeProvider
FN:33,(anonymous_4)
FN:35,(anonymous_5)
FN:40,(anonymous_6)
FN:41,(anonymous_7)
FN:47,(anonymous_8)
FN:55,(anonymous_9)
FN:62,(anonymous_10)
FN:69,(anonymous_11)
FN:73,(anonymous_12)
FN:79,(anonymous_13)
FN:89,useTheme
FNF:15
FNH:14
FNDA:4,getSystemTheme
FNDA:10,getSavedPreference
FNDA:9,resolveTheme
FNDA:9,ThemeProvider
FNDA:5,(anonymous_4)
FNDA:4,(anonymous_5)
FNDA:4,(anonymous_6)
FNDA:4,(anonymous_7)
FNDA:4,(anonymous_8)
FNDA:3,(anonymous_9)
FNDA:5,(anonymous_10)
FNDA:9,(anonymous_11)
FNDA:0,(anonymous_12)
FNDA:4,(anonymous_13)
FNDA:14,useTheme
DA:13,2
DA:15,2
DA:18,4
DA:22,10
DA:23,10
DA:24,6
DA:28,9
DA:32,9
DA:33,9
DA:35,9
DA:36,4
DA:37,4
DA:38,4
DA:39,4
DA:40,4
DA:41,4
DA:42,4
DA:47,9
DA:48,4
DA:49,4
DA:50,4
DA:51,4
DA:52,4
DA:55,9
DA:56,3
DA:57,3
DA:58,3
DA:62,9
DA:63,5
DA:64,5
DA:65,5
DA:69,9
DA:70,9
DA:72,4
DA:73,4
DA:74,0
DA:75,0
DA:76,0
DA:78,4
DA:79,4
DA:82,9
DA:90,14
DA:91,14
DA:92,9
LF:44
LH:41
BRDA:18,0,0,4
BRDA:18,0,1,0
BRDA:23,1,0,4
BRDA:23,1,1,6
BRDA:23,2,0,10
BRDA:23,2,1,8
BRDA:23,2,2,6
BRDA:28,3,0,4
BRDA:28,3,1,5
BRDA:70,4,0,5
BRDA:70,4,1,4
BRDA:74,5,0,0
BRDA:74,5,1,0
BRDA:91,6,0,4
BRDA:91,6,1,10
BRF:15
BRH:12
end_of_record
TN:
SF:src\components\TouchToolbar.tsx
FN:42,TouchToolbar
FN:45,(anonymous_1)
FN:77,(anonymous_2)
FN:78,(anonymous_3)
FN:80,(anonymous_4)
FN:83,(anonymous_5)
FN:92,(anonymous_6)
FNF:7
FNH:6
FNDA:7,TouchToolbar
FNDA:2,(anonymous_1)
FNDA:5,(anonymous_2)
FNDA:0,(anonymous_3)
FNDA:18,(anonymous_4)
FNDA:2,(anonymous_5)
FNDA:3,(anonymous_6)
DA:23,1
DA:33,1
DA:43,7
DA:45,7
DA:47,4
DA:49,4
DA:52,7
DA:65,7
DA:77,5
DA:78,0
DA:81,18
DA:83,2
DA:92,3
LF:13
LH:12
BRDA:80,0,0,7
BRDA:80,0,1,3
BRDA:93,1,0,3
BRDA:93,1,1,4
BRDA:101,2,0,3
BRDA:101,2,1,4
BRF:6
BRH:6
end_of_record
TN:
SF:src\components\WhatsNewModal.tsx
FN:16,WhatsNewModal
FN:19,(anonymous_1)
FN:28,dismiss
FN:50,(anonymous_3)
FNF:4
FNH:2
FNDA:7,WhatsNewModal
FNDA:3,(anonymous_1)
FNDA:0,dismiss
FNDA:0,(anonymous_3)
DA:3,1
DA:9,1
DA:17,7
DA:19,7
DA:20,3
DA:21,3
DA:22,3
DA:23,3
DA:24,3
DA:29,0
DA:30,0
DA:32,0
DA:35,7
DA:37,3
DA:50,0
LF:15
LH:11
BRDA:20,0,0,0
BRDA:20,0,1,3
BRDA:23,1,0,3
BRDA:23,1,1,0
BRDA:29,2,0,0
BRDA:29,2,1,0
BRDA:35,3,0,4
BRDA:35,3,1,3
BRF:8
BRH:4
end_of_record
TN:
SF:src\components\usePopOut.ts
FN:14,usePopOut
FN:26,(anonymous_1)
FN:59,(anonymous_2)
FN:63,(anonymous_3)
FN:89,(anonymous_4)
FN:104,(anonymous_5)
FN:147,(anonymous_6)
FN:153,(anonymous_7)
FN:162,(anonymous_8)
FN:166,(anonymous_9)
FN:171,(anonymous_10)
FN:181,handleResize
FN:196,(anonymous_12)
FN:199,(anonymous_13)
FN:206,(anonymous_14)
FN:213,(anonymous_15)
FN:224,(anonymous_16)
FN:225,(anonymous_17)
FNF:18
FNH:9
FNDA:40,usePopOut
FNDA:6,(anonymous_1)
FNDA:0,(anonymous_2)
FNDA:0,(anonymous_3)
FNDA:17,(anonymous_4)
FNDA:2,(anonymous_5)
FNDA:0,(anonymous_6)
FNDA:0,(anonymous_7)
FNDA:0,(anonymous_8)
FNDA:0,(anonymous_9)
FNDA:0,(anonymous_10)
FNDA:15,handleResize
FNDA:15,(anonymous_12)
FNDA:0,(anonymous_13)
FNDA:0,(anonymous_14)
FNDA:10,(anonymous_15)
FNDA:20,(anonymous_16)
FNDA:20,(anonymous_17)
DA:18,40
DA:19,40
DA:20,40
DA:21,40
DA:23,40
DA:24,40
DA:26,40
DA:27,6
DA:30,5
DA:31,5
DA:32,5
DA:33,5
DA:34,5
DA:38,5
DA:39,5
DA:40,5
DA:41,5
DA:42,5
DA:44,5
DA:45,5
DA:46,5
DA:47,5
DA:48,5
DA:52,5
DA:53,5
DA:54,5
DA:55,5
DA:58,5
DA:59,5
DA:60,0
DA:62,5
DA:63,5
DA:64,0
DA:68,5
DA:69,5
DA:70,5
DA:71,5
DA:72,5
DA:73,5
DA:74,0
DA:76,5
DA:80,5
DA:81,5
DA:82,5
DA:84,5
DA:85,5
DA:86,5
DA:89,40
DA:90,17
DA:93,16
DA:94,16
DA:95,16
DA:96,16
DA:98,16
DA:99,16
DA:100,2
DA:101,1
DA:104,2
DA:105,1
DA:106,1
DA:107,1
DA:108,1
DA:115,16
DA:126,16
DA:127,16
DA:129,15
DA:132,15
DA:133,15
DA:134,15
DA:135,15
DA:136,15
DA:137,15
DA:138,15
DA:139,15
DA:140,15
DA:143,15
DA:146,15
DA:147,15
DA:148,0
DA:150,15
DA:152,15
DA:153,15
DA:154,0
DA:156,15
DA:159,15
DA:160,15
DA:162,15
DA:163,0
DA:164,0
DA:166,15
DA:167,0
DA:171,15
DA:172,0
DA:173,0
DA:174,0
DA:176,15
DA:179,15
DA:182,15
DA:183,15
DA:184,15
DA:185,15
DA:186,15
DA:187,15
DA:188,15
DA:189,15
DA:191,15
DA:194,15
DA:196,15
DA:199,15
DA:201,0
DA:203,15
DA:206,15
DA:207,0
DA:208,0
DA:209,0
DA:213,15
DA:214,10
DA:215,10
DA:216,10
DA:217,10
DA:220,15
DA:224,40
DA:225,20
DA:226,20
DA:227,20
DA:228,10
DA:230,20
DA:231,20
DA:235,40
LF:129
LH:114
BRDA:27,0,0,1
BRDA:27,0,1,5
BRDA:30,1,0,5
BRDA:30,1,1,0
BRDA:38,2,0,5
BRDA:38,2,1,0
BRDA:44,3,0,5
BRDA:44,3,1,0
BRDA:53,4,0,5
BRDA:53,4,1,0
BRDA:53,5,0,5
BRDA:53,5,1,5
BRDA:73,6,0,0
BRDA:73,6,1,5
BRDA:73,7,0,5
BRDA:73,7,1,5
BRDA:73,7,2,5
BRDA:73,7,3,0
BRDA:81,8,0,5
BRDA:81,8,1,0
BRDA:81,9,0,5
BRDA:81,9,1,5
BRDA:90,10,0,1
BRDA:90,10,1,16
BRDA:90,11,0,17
BRDA:90,11,1,17
BRDA:99,12,0,2
BRDA:99,12,1,14
BRDA:101,13,0,1
BRDA:101,13,1,0
BRDA:104,14,0,1
BRDA:104,14,1,0
BRDA:127,15,0,1
BRDA:127,15,1,15
BRDA:172,16,0,0
BRDA:172,16,1,0
BRDA:173,17,0,0
BRDA:173,17,1,0
BRDA:173,18,0,0
BRDA:173,18,1,0
BRDA:173,18,2,0
BRDA:173,18,3,0
BRDA:182,19,0,0
BRDA:182,19,1,15
BRDA:182,20,0,15
BRDA:182,20,1,15
BRDA:182,20,2,15
BRDA:185,21,0,0
BRDA:185,21,1,15
BRDA:185,22,0,15
BRDA:185,22,1,15
BRDA:188,23,0,15
BRDA:188,23,1,0
BRDA:188,24,0,15
BRDA:188,24,1,15
BRDA:207,25,0,0
BRDA:207,25,1,0
BRDA:227,26,0,10
BRDA:227,26,1,10
BRDA:227,27,0,20
BRDA:227,27,1,10
BRF:61
BRH:39
end_of_record
TN:
SF:src\pages\AdminSettings.tsx
FN:59,AdminSettings
FN:73,(anonymous_1)
FN:81,(anonymous_2)
FN:84,flash
FN:86,(anonymous_4)
FN:107,(anonymous_5)
FN:116,(anonymous_6)
FN:117,(anonymous_7)
FN:128,(anonymous_8)
FN:133,(anonymous_9)
FN:138,(anonymous_10)
FN:143,(anonymous_11)
FN:148,(anonymous_12)
FN:148,(anonymous_13)
FN:160,(anonymous_14)
FN:161,(anonymous_15)
FN:161,(anonymous_16)
FN:162,(anonymous_17)
FN:162,(anonymous_18)
FN:163,(anonymous_19)
FN:164,(anonymous_20)
FN:170,(anonymous_21)
FN:178,(anonymous_22)
FN:178,(anonymous_23)
FN:186,HealthTab
FN:191,refresh
FN:194,(anonymous_26)
FN:195,(anonymous_27)
FN:197,(anonymous_28)
FN:198,(anonymous_29)
FN:201,(anonymous_30)
FN:340,SsoTab
FN:347,(anonymous_32)
FN:353,handleTest
FN:382,(anonymous_34)
FN:386,(anonymous_35)
FN:390,(anonymous_36)
FN:414,(anonymous_37)
FN:430,KerberosTab
FN:444,(anonymous_39)
FN:453,(anonymous_40)
FN:455,(anonymous_41)
FN:462,handleSave
FN:501,handleDelete
FN:512,openNew
FN:523,openEdit
FN:569,(anonymous_46)
FN:576,(anonymous_47)
FN:578,(anonymous_48)
FN:581,(anonymous_49)
FN:581,(anonymous_50)
FN:586,(anonymous_51)
FN:590,(anonymous_52)
FN:595,(anonymous_53)
FN:599,(anonymous_54)
FN:608,(anonymous_55)
FN:617,(anonymous_56)
FN:634,(anonymous_57)
FN:663,(anonymous_58)
FN:669,(anonymous_59)
FN:683,RecordingsTab
FN:691,(anonymous_61)
FN:705,(anonymous_62)
FN:711,(anonymous_63)
FN:717,(anonymous_64)
FN:728,(anonymous_65)
FN:732,(anonymous_66)
FN:736,(anonymous_67)
FN:740,(anonymous_68)
FN:757,VaultTab
FN:767,(anonymous_70)
FN:768,(anonymous_71)
FN:774,(anonymous_72)
FN:777,(anonymous_73)
FN:782,handleSave
FN:815,(anonymous_75)
FN:821,(anonymous_76)
FN:838,(anonymous_77)
FN:842,(anonymous_78)
FN:849,(anonymous_79)
FN:872,(anonymous_80)
FN:882,(anonymous_81)
FN:898,AccessTab
FN:950,(anonymous_83)
FN:1003,(anonymous_84)
FN:1005,(anonymous_85)
FN:1006,(anonymous_86)
FN:1011,(anonymous_87)
FN:1018,(anonymous_88)
FN:1024,openAdd
FN:1029,(anonymous_90)
FN:1032,openEdit
FN:1037,(anonymous_92)
FN:1040,closeForm
FN:1045,(anonymous_94)
FN:1046,(anonymous_95)
FN:1049,cleanExtra
FN:1057,handleSave
FN:1081,(anonymous_98)
FN:1087,(anonymous_99)
FN:1122,(anonymous_100)
FN:1141,(anonymous_101)
FN:1143,(anonymous_102)
FN:1149,(anonymous_103)
FN:1172,(anonymous_104)
FN:1202,(anonymous_105)
FN:1208,(anonymous_106)
FN:1214,(anonymous_107)
FN:1226,(anonymous_108)
FN:1235,(anonymous_109)
FN:1242,(anonymous_110)
FN:1249,(anonymous_111)
FN:1256,(anonymous_112)
FN:1263,(anonymous_113)
FN:1270,(anonymous_114)
FN:1277,(anonymous_115)
FN:1292,(anonymous_116)
FN:1298,(anonymous_117)
FN:1300,(anonymous_118)
FN:1314,(anonymous_119)
FN:1320,(anonymous_120)
FN:1322,(anonymous_121)
FN:1337,(anonymous_122)
FN:1341,(anonymous_123)
FN:1347,(anonymous_124)
FN:1382,(anonymous_125)
FN:1394,(anonymous_126)
FN:1403,(anonymous_127)
FN:1406,(anonymous_128)
FN:1407,(anonymous_129)
FN:1424,(anonymous_130)
FN:1424,(anonymous_131)
FN:1431,(anonymous_132)
FN:1431,(anonymous_133)
FN:1451,(anonymous_134)
FN:1457,(anonymous_135)
FN:1470,(anonymous_136)
FN:1474,(anonymous_137)
FN:1478,(anonymous_138)
FN:1484,(anonymous_139)
FN:1490,(anonymous_140)
FN:1494,(anonymous_141)
FN:1527,(anonymous_142)
FN:1530,(anonymous_143)
FN:1532,(anonymous_144)
FN:1538,(anonymous_145)
FN:1541,(anonymous_146)
FN:1566,(anonymous_147)
FN:1578,(anonymous_148)
FN:1578,(anonymous_149)
FN:1585,(anonymous_150)
FN:1611,(anonymous_151)
FN:1617,(anonymous_152)
FN:1642,(anonymous_153)
FN:1665,(anonymous_154)
FN:1680,(anonymous_155)
FN:1686,(anonymous_156)
FN:1689,(anonymous_157)
FN:1715,(anonymous_158)
FN:1719,(anonymous_159)
FN:1743,(anonymous_160)
FN:1754,(anonymous_161)
FN:1762,(anonymous_162)
FN:1776,(anonymous_163)
FN:1785,(anonymous_164)
FN:1786,(anonymous_165)
FN:1797,(anonymous_166)
FN:1801,(anonymous_167)
FN:1838,(anonymous_168)
FN:1839,(anonymous_169)
FN:1847,Section
FN:1853,(anonymous_171)
FN:1865,FieldGrid
FN:1871,RdpSections
FN:1887,(anonymous_174)
FN:1901,(anonymous_175)
FN:1912,(anonymous_176)
FN:1916,(anonymous_177)
FN:1920,(anonymous_178)
FN:1924,(anonymous_179)
FN:1928,(anonymous_180)
FN:1939,(anonymous_181)
FN:1968,(anonymous_182)
FN:1972,(anonymous_183)
FN:1976,(anonymous_184)
FN:1981,(anonymous_185)
FN:1988,(anonymous_186)
FN:2001,(anonymous_187)
FN:2016,(anonymous_188)
FN:2026,(anonymous_189)
FN:2033,(anonymous_190)
FN:2046,(anonymous_191)
FN:2060,(anonymous_192)
FN:2067,(anonymous_193)
FN:2079,(anonymous_194)
FN:2086,(anonymous_195)
FN:2093,(anonymous_196)
FN:2099,(anonymous_197)
FN:2107,(anonymous_198)
FN:2113,(anonymous_199)
FN:2117,(anonymous_200)
FN:2122,(anonymous_201)
FN:2129,(anonymous_202)
FN:2136,(anonymous_203)
FN:2148,(anonymous_204)
FN:2155,(anonymous_205)
FN:2162,(anonymous_206)
FN:2169,(anonymous_207)
FN:2176,(anonymous_208)
FN:2183,(anonymous_209)
FN:2190,(anonymous_210)
FN:2197,(anonymous_211)
FN:2204,(anonymous_212)
FN:2211,(anonymous_213)
FN:2222,(anonymous_214)
FN:2226,(anonymous_215)
FN:2230,(anonymous_216)
FN:2239,(anonymous_217)
FN:2243,(anonymous_218)
FN:2247,(anonymous_219)
FN:2256,(anonymous_220)
FN:2260,(anonymous_221)
FN:2265,(anonymous_222)
FN:2272,(anonymous_223)
FN:2279,(anonymous_224)
FN:2286,(anonymous_225)
FN:2293,(anonymous_226)
FN:2305,(anonymous_227)
FN:2312,(anonymous_228)
FN:2316,(anonymous_229)
FN:2320,(anonymous_230)
FN:2324,(anonymous_231)
FN:2328,(anonymous_232)
FN:2332,(anonymous_233)
FN:2336,(anonymous_234)
FN:2340,(anonymous_235)
FN:2350,(anonymous_236)
FN:2357,(anonymous_237)
FN:2361,(anonymous_238)
FN:2365,(anonymous_239)
FN:2369,(anonymous_240)
FN:2380,(anonymous_241)
FN:2391,(anonymous_242)
FN:2395,(anonymous_243)
FN:2405,SshSections
FN:2412,(anonymous_245)
FN:2416,(anonymous_246)
FN:2420,(anonymous_247)
FN:2431,(anonymous_248)
FN:2443,(anonymous_249)
FN:2447,(anonymous_250)
FN:2451,(anonymous_251)
FN:2456,(anonymous_252)
FN:2467,(anonymous_253)
FN:2471,(anonymous_254)
FN:2475,(anonymous_255)
FN:2479,(anonymous_256)
FN:2483,(anonymous_257)
FN:2493,(anonymous_258)
FN:2499,(anonymous_259)
FN:2504,(anonymous_260)
FN:2511,(anonymous_261)
FN:2522,(anonymous_262)
FN:2526,(anonymous_263)
FN:2531,(anonymous_264)
FN:2538,(anonymous_265)
FN:2550,(anonymous_266)
FN:2556,(anonymous_267)
FN:2566,VncSections
FN:2573,(anonymous_269)
FN:2584,(anonymous_270)
FN:2599,(anonymous_271)
FN:2610,(anonymous_272)
FN:2617,(anonymous_273)
FN:2629,(anonymous_274)
FN:2636,(anonymous_275)
FN:2647,(anonymous_276)
FN:2651,(anonymous_277)
FN:2656,(anonymous_278)
FN:2668,SessionsTab
FN:2673,refresh
FN:2677,(anonymous_281)
FN:2678,(anonymous_282)
FN:2681,(anonymous_283)
FN:2684,(anonymous_284)
FN:2687,formatDuration
FN:2699,formatBuffer
FN:2748,(anonymous_287)
FN:2770,(anonymous_288)
FN:2777,(anonymous_289)
FN:2796,AdSyncTab
FN:2805,(anonymous_291)
FN:2806,(anonymous_292)
FN:2809,(anonymous_293)
FN:2811,(anonymous_294)
FN:2825,(anonymous_295)
FN:2831,(anonymous_296)
FN:2842,(anonymous_297)
FN:2847,(anonymous_298)
FN:2862,(anonymous_299)
FN:2872,(anonymous_300)
FN:2882,(anonymous_301)
FN:2886,(anonymous_302)
FN:2892,(anonymous_303)
FN:2903,(anonymous_304)
FN:2907,(anonymous_305)
FN:2914,(anonymous_306)
FN:2919,(anonymous_307)
FN:2925,(anonymous_308)
FN:2930,(anonymous_309)
FN:2939,(anonymous_310)
FN:2939,(anonymous_311)
FN:2944,(anonymous_312)
FN:2950,(anonymous_313)
FN:2966,(anonymous_314)
FN:2973,(anonymous_315)
FN:2985,(anonymous_316)
FN:2995,(anonymous_317)
FN:2999,(anonymous_318)
FN:3005,(anonymous_319)
FN:3011,(anonymous_320)
FN:3014,(anonymous_321)
FN:3018,(anonymous_322)
FN:3030,(anonymous_323)
FN:3034,(anonymous_324)
FN:3040,(anonymous_325)
FN:3046,(anonymous_326)
FN:3061,(anonymous_327)
FN:3065,(anonymous_328)
FN:3074,(anonymous_329)
FN:3086,(anonymous_330)
FN:3091,(anonymous_331)
FN:3110,(anonymous_332)
FN:3145,(anonymous_333)
FN:3170,(anonymous_334)
FN:3189,(anonymous_335)
FN:3193,(anonymous_336)
FN:3194,(anonymous_337)
FN:3195,(anonymous_338)
FN:3208,SecurityTab
FN:3221,(anonymous_340)
FN:3227,handleSave
FN:3266,(anonymous_342)
FN:3287,(anonymous_343)
FN:3312,(anonymous_344)
FN:3338,(anonymous_345)
FN:3339,(anonymous_346)
FNF:347
FNH:148
FNDA:608,AdminSettings
FNDA:151,(anonymous_1)
FNDA:1,(anonymous_2)
FNDA:14,flash
FNDA:14,(anonymous_4)
FNDA:5463,(anonymous_5)
FNDA:5463,(anonymous_6)
FNDA:133,(anonymous_7)
FNDA:0,(anonymous_8)
FNDA:1,(anonymous_9)
FNDA:3,(anonymous_10)
FNDA:2,(anonymous_11)
FNDA:3,(anonymous_12)
FNDA:0,(anonymous_13)
FNDA:2,(anonymous_14)
FNDA:1,(anonymous_15)
FNDA:1,(anonymous_16)
FNDA:2,(anonymous_17)
FNDA:2,(anonymous_18)
FNDA:2,(anonymous_19)
FNDA:0,(anonymous_20)
FNDA:3,(anonymous_21)
FNDA:2,(anonymous_22)
FNDA:0,(anonymous_23)
FNDA:746,HealthTab
FNDA:154,refresh
FNDA:2,(anonymous_26)
FNDA:3,(anonymous_27)
FNDA:152,(anonymous_28)
FNDA:152,(anonymous_29)
FNDA:151,(anonymous_30)
FNDA:62,SsoTab
FNDA:9,(anonymous_32)
FNDA:4,handleTest
FNDA:0,(anonymous_34)
FNDA:0,(anonymous_35)
FNDA:40,(anonymous_36)
FNDA:1,(anonymous_37)
FNDA:89,KerberosTab
FNDA:19,(anonymous_39)
FNDA:16,(anonymous_40)
FNDA:0,(anonymous_41)
FNDA:5,handleSave
FNDA:2,handleDelete
FNDA:7,openNew
FNDA:3,openEdit
FNDA:28,(anonymous_46)
FNDA:51,(anonymous_47)
FNDA:0,(anonymous_48)
FNDA:1,(anonymous_49)
FNDA:2,(anonymous_50)
FNDA:1,(anonymous_51)
FNDA:0,(anonymous_52)
FNDA:0,(anonymous_53)
FNDA:0,(anonymous_54)
FNDA:0,(anonymous_55)
FNDA:1,(anonymous_56)
FNDA:21,(anonymous_57)
FNDA:3,(anonymous_58)
FNDA:2,(anonymous_59)
FNDA:10,RecordingsTab
FNDA:6,(anonymous_61)
FNDA:0,(anonymous_62)
FNDA:0,(anonymous_63)
FNDA:0,(anonymous_64)
FNDA:0,(anonymous_65)
FNDA:0,(anonymous_66)
FNDA:0,(anonymous_67)
FNDA:2,(anonymous_68)
FNDA:76,VaultTab
FNDA:12,(anonymous_70)
FNDA:12,(anonymous_71)
FNDA:0,(anonymous_72)
FNDA:12,(anonymous_73)
FNDA:3,handleSave
FNDA:0,(anonymous_75)
FNDA:2,(anonymous_76)
FNDA:22,(anonymous_77)
FNDA:8,(anonymous_78)
FNDA:0,(anonymous_79)
FNDA:0,(anonymous_80)
FNDA:2,(anonymous_81)
FNDA:127,AccessTab
FNDA:0,(anonymous_83)
FNDA:33,(anonymous_84)
FNDA:0,(anonymous_85)
FNDA:0,(anonymous_86)
FNDA:457,(anonymous_87)
FNDA:0,(anonymous_88)
FNDA:6,openAdd
FNDA:6,(anonymous_90)
FNDA:6,openEdit
FNDA:6,(anonymous_92)
FNDA:6,closeForm
FNDA:2576,(anonymous_94)
FNDA:0,(anonymous_95)
FNDA:3,cleanExtra
FNDA:3,handleSave
FNDA:3,(anonymous_98)
FNDA:2,(anonymous_99)
FNDA:199,(anonymous_100)
FNDA:0,(anonymous_101)
FNDA:0,(anonymous_102)
FNDA:0,(anonymous_103)
FNDA:1,(anonymous_104)
FNDA:2,(anonymous_105)
FNDA:0,(anonymous_106)
FNDA:0,(anonymous_107)
FNDA:6,(anonymous_108)
FNDA:0,(anonymous_109)
FNDA:0,(anonymous_110)
FNDA:0,(anonymous_111)
FNDA:0,(anonymous_112)
FNDA:0,(anonymous_113)
FNDA:0,(anonymous_114)
FNDA:0,(anonymous_115)
FNDA:0,(anonymous_116)
FNDA:0,(anonymous_117)
FNDA:0,(anonymous_118)
FNDA:0,(anonymous_119)
FNDA:0,(anonymous_120)
FNDA:0,(anonymous_121)
FNDA:0,(anonymous_122)
FNDA:1,(anonymous_123)
FNDA:0,(anonymous_124)
FNDA:24,(anonymous_125)
FNDA:351,(anonymous_126)
FNDA:1,(anonymous_127)
FNDA:6,(anonymous_128)
FNDA:3,(anonymous_129)
FNDA:1,(anonymous_130)
FNDA:1,(anonymous_131)
FNDA:2,(anonymous_132)
FNDA:2,(anonymous_133)
FNDA:10,(anonymous_134)
FNDA:1,(anonymous_135)
FNDA:15,(anonymous_136)
FNDA:0,(anonymous_137)
FNDA:0,(anonymous_138)
FNDA:0,(anonymous_139)
FNDA:0,(anonymous_140)
FNDA:0,(anonymous_141)
FNDA:6,(anonymous_142)
FNDA:1,(anonymous_143)
FNDA:1,(anonymous_144)
FNDA:1,(anonymous_145)
FNDA:1,(anonymous_146)
FNDA:6,(anonymous_147)
FNDA:6,(anonymous_148)
FNDA:5,(anonymous_149)
FNDA:1,(anonymous_150)
FNDA:0,(anonymous_151)
FNDA:0,(anonymous_152)
FNDA:2,(anonymous_153)
FNDA:0,(anonymous_154)
FNDA:0,(anonymous_155)
FNDA:0,(anonymous_156)
FNDA:0,(anonymous_157)
FNDA:0,(anonymous_158)
FNDA:0,(anonymous_159)
FNDA:0,(anonymous_160)
FNDA:0,(anonymous_161)
FNDA:0,(anonymous_162)
FNDA:0,(anonymous_163)
FNDA:0,(anonymous_164)
FNDA:0,(anonymous_165)
FNDA:0,(anonymous_166)
FNDA:0,(anonymous_167)
FNDA:3,(anonymous_168)
FNDA:1,(anonymous_169)
FNDA:486,Section
FNDA:2,(anonymous_171)
FNDA:40,FieldGrid
FNDA:36,RdpSections
FNDA:0,(anonymous_174)
FNDA:0,(anonymous_175)
FNDA:0,(anonymous_176)
FNDA:0,(anonymous_177)
FNDA:0,(anonymous_178)
FNDA:0,(anonymous_179)
FNDA:0,(anonymous_180)
FNDA:0,(anonymous_181)
FNDA:0,(anonymous_182)
FNDA:0,(anonymous_183)
FNDA:0,(anonymous_184)
FNDA:0,(anonymous_185)
FNDA:0,(anonymous_186)
FNDA:0,(anonymous_187)
FNDA:0,(anonymous_188)
FNDA:0,(anonymous_189)
FNDA:0,(anonymous_190)
FNDA:0,(anonymous_191)
FNDA:0,(anonymous_192)
FNDA:0,(anonymous_193)
FNDA:0,(anonymous_194)
FNDA:0,(anonymous_195)
FNDA:0,(anonymous_196)
FNDA:0,(anonymous_197)
FNDA:0,(anonymous_198)
FNDA:0,(anonymous_199)
FNDA:0,(anonymous_200)
FNDA:0,(anonymous_201)
FNDA:0,(anonymous_202)
FNDA:0,(anonymous_203)
FNDA:0,(anonymous_204)
FNDA:0,(anonymous_205)
FNDA:0,(anonymous_206)
FNDA:0,(anonymous_207)
FNDA:0,(anonymous_208)
FNDA:0,(anonymous_209)
FNDA:0,(anonymous_210)
FNDA:0,(anonymous_211)
FNDA:0,(anonymous_212)
FNDA:0,(anonymous_213)
FNDA:0,(anonymous_214)
FNDA:0,(anonymous_215)
FNDA:0,(anonymous_216)
FNDA:0,(anonymous_217)
FNDA:0,(anonymous_218)
FNDA:0,(anonymous_219)
FNDA:0,(anonymous_220)
FNDA:0,(anonymous_221)
FNDA:0,(anonymous_222)
FNDA:0,(anonymous_223)
FNDA:0,(anonymous_224)
FNDA:0,(anonymous_225)
FNDA:0,(anonymous_226)
FNDA:0,(anonymous_227)
FNDA:0,(anonymous_228)
FNDA:0,(anonymous_229)
FNDA:0,(anonymous_230)
FNDA:0,(anonymous_231)
FNDA:0,(anonymous_232)
FNDA:0,(anonymous_233)
FNDA:0,(anonymous_234)
FNDA:0,(anonymous_235)
FNDA:0,(anonymous_236)
FNDA:0,(anonymous_237)
FNDA:0,(anonymous_238)
FNDA:0,(anonymous_239)
FNDA:0,(anonymous_240)
FNDA:0,(anonymous_241)
FNDA:0,(anonymous_242)
FNDA:0,(anonymous_243)
FNDA:2,SshSections
FNDA:0,(anonymous_245)
FNDA:0,(anonymous_246)
FNDA:0,(anonymous_247)
FNDA:0,(anonymous_248)
FNDA:0,(anonymous_249)
FNDA:0,(anonymous_250)
FNDA:0,(anonymous_251)
FNDA:0,(anonymous_252)
FNDA:0,(anonymous_253)
FNDA:0,(anonymous_254)
FNDA:0,(anonymous_255)
FNDA:0,(anonymous_256)
FNDA:0,(anonymous_257)
FNDA:0,(anonymous_258)
FNDA:0,(anonymous_259)
FNDA:0,(anonymous_260)
FNDA:0,(anonymous_261)
FNDA:0,(anonymous_262)
FNDA:0,(anonymous_263)
FNDA:0,(anonymous_264)
FNDA:0,(anonymous_265)
FNDA:0,(anonymous_266)
FNDA:0,(anonymous_267)
FNDA:1,VncSections
FNDA:0,(anonymous_269)
FNDA:0,(anonymous_270)
FNDA:0,(anonymous_271)
FNDA:0,(anonymous_272)
FNDA:0,(anonymous_273)
FNDA:0,(anonymous_274)
FNDA:0,(anonymous_275)
FNDA:0,(anonymous_276)
FNDA:0,(anonymous_277)
FNDA:0,(anonymous_278)
FNDA:37,SessionsTab
FNDA:10,refresh
FNDA:1,(anonymous_281)
FNDA:9,(anonymous_282)
FNDA:10,(anonymous_283)
FNDA:10,(anonymous_284)
FNDA:18,formatDuration
FNDA:18,formatBuffer
FNDA:18,(anonymous_287)
FNDA:0,(anonymous_288)
FNDA:0,(anonymous_289)
FNDA:142,AdSyncTab
FNDA:41,(anonymous_291)
FNDA:0,(anonymous_292)
FNDA:37,(anonymous_293)
FNDA:2,(anonymous_294)
FNDA:2,(anonymous_295)
FNDA:2,(anonymous_296)
FNDA:4,(anonymous_297)
FNDA:3,(anonymous_298)
FNDA:0,(anonymous_299)
FNDA:108,(anonymous_300)
FNDA:6,(anonymous_301)
FNDA:20,(anonymous_302)
FNDA:0,(anonymous_303)
FNDA:0,(anonymous_304)
FNDA:0,(anonymous_305)
FNDA:0,(anonymous_306)
FNDA:0,(anonymous_307)
FNDA:55,(anonymous_308)
FNDA:0,(anonymous_309)
FNDA:0,(anonymous_310)
FNDA:0,(anonymous_311)
FNDA:1,(anonymous_312)
FNDA:0,(anonymous_313)
FNDA:0,(anonymous_314)
FNDA:0,(anonymous_315)
FNDA:0,(anonymous_316)
FNDA:0,(anonymous_317)
FNDA:0,(anonymous_318)
FNDA:0,(anonymous_319)
FNDA:0,(anonymous_320)
FNDA:0,(anonymous_321)
FNDA:0,(anonymous_322)
FNDA:0,(anonymous_323)
FNDA:0,(anonymous_324)
FNDA:0,(anonymous_325)
FNDA:0,(anonymous_326)
FNDA:3,(anonymous_327)
FNDA:1,(anonymous_328)
FNDA:2,(anonymous_329)
FNDA:4,(anonymous_330)
FNDA:1,(anonymous_331)
FNDA:2,(anonymous_332)
FNDA:5,(anonymous_333)
FNDA:39,(anonymous_334)
FNDA:2,(anonymous_335)
FNDA:4,(anonymous_336)
FNDA:17,(anonymous_337)
FNDA:2,(anonymous_338)
FNDA:21,SecurityTab
FNDA:9,(anonymous_340)
FNDA:3,handleSave
FNDA:1,(anonymous_342)
FNDA:2,(anonymous_343)
FNDA:1,(anonymous_344)
FNDA:0,(anonymous_345)
FNDA:0,(anonymous_346)
DA:60,608
DA:65,608
DA:66,608
DA:67,608
DA:68,608
DA:69,608
DA:70,608
DA:71,608
DA:73,608
DA:74,151
DA:75,151
DA:81,1
DA:85,14
DA:86,14
DA:89,608
DA:108,5463
DA:112,4856
DA:114,4249
DA:117,5463
DA:128,0
DA:133,1
DA:138,3
DA:143,2
DA:148,3
DA:160,2
DA:161,1
DA:162,2
DA:163,2
DA:164,0
DA:170,3
DA:178,2
DA:187,746
DA:188,746
DA:189,746
DA:192,154
DA:193,154
DA:194,2
DA:195,3
DA:197,152
DA:198,152
DA:201,746
DA:203,746
DA:204,301
DA:211,444
DA:212,4
DA:220,440
DA:341,62
DA:342,62
DA:343,62
DA:344,62
DA:345,62
DA:347,62
DA:348,9
DA:349,9
DA:350,9
DA:354,4
DA:355,4
DA:356,4
DA:357,4
DA:358,1
DA:360,2
DA:362,3
DA:366,62
DA:368,62
DA:382,0
DA:386,0
DA:390,40
DA:414,1
DA:431,89
DA:432,89
DA:441,89
DA:442,89
DA:444,89
DA:445,19
DA:446,19
DA:447,18
DA:449,1
DA:453,89
DA:455,89
DA:456,0
DA:457,0
DA:458,0
DA:459,0
DA:463,5
DA:464,5
DA:465,5
DA:466,5
DA:467,5
DA:468,1
DA:477,4
DA:478,1
DA:479,1
DA:480,1
DA:482,3
DA:491,2
DA:492,2
DA:493,2
DA:495,1
DA:497,4
DA:502,2
DA:503,2
DA:504,2
DA:505,1
DA:506,1
DA:508,1
DA:513,7
DA:524,3
DA:535,89
DA:569,28
DA:577,51
DA:578,0
DA:581,2
DA:586,1
DA:590,0
DA:595,0
DA:599,0
DA:608,0
DA:617,1
DA:635,21
DA:663,3
DA:669,2
DA:684,10
DA:685,10
DA:686,10
DA:687,10
DA:688,10
DA:689,10
DA:691,10
DA:692,6
DA:693,6
DA:694,6
DA:695,6
DA:696,6
DA:697,6
DA:700,10
DA:705,0
DA:711,0
DA:717,0
DA:728,0
DA:732,0
DA:736,0
DA:741,2
DA:749,2
DA:758,76
DA:759,76
DA:760,76
DA:761,76
DA:762,76
DA:763,76
DA:764,76
DA:765,76
DA:767,76
DA:768,12
DA:769,12
DA:770,12
DA:771,12
DA:772,12
DA:777,76
DA:778,12
DA:779,12
DA:783,3
DA:784,3
DA:785,3
DA:786,2
DA:788,1
DA:790,2
DA:794,2
DA:798,76
DA:800,76
DA:815,0
DA:821,2
DA:838,22
DA:842,8
DA:849,0
DA:872,0
DA:883,2
DA:884,2
DA:885,2
DA:886,1
DA:888,1
DA:913,127
DA:936,127
DA:943,127
DA:944,127
DA:945,127
DA:946,127
DA:947,127
DA:948,127
DA:950,127
DA:951,0
DA:952,0
DA:964,0
DA:965,0
DA:966,0
DA:967,0
DA:969,0
DA:970,0
DA:971,0
DA:972,0
DA:974,0
DA:977,127
DA:978,127
DA:979,127
DA:980,127
DA:981,127
DA:982,127
DA:983,127
DA:984,127
DA:985,127
DA:986,127
DA:989,127
DA:990,127
DA:997,127
DA:998,127
DA:999,127
DA:1000,127
DA:1001,127
DA:1003,127
DA:1004,33
DA:1005,0
DA:1006,0
DA:1011,127
DA:1012,457
DA:1013,232
DA:1014,232
DA:1018,0
DA:1020,127
DA:1021,127
DA:1022,127
DA:1025,6
DA:1026,6
DA:1027,6
DA:1028,6
DA:1029,6
DA:1033,6
DA:1034,6
DA:1035,6
DA:1036,6
DA:1037,6
DA:1041,6
DA:1042,6
DA:1045,2576
DA:1046,127
DA:1050,3
DA:1051,3
DA:1052,4
DA:1054,3
DA:1058,3
DA:1059,3
DA:1065,3
DA:1066,2
DA:1067,2
DA:1068,1
DA:1069,1
DA:1070,1
DA:1072,3
DA:1073,3
DA:1075,3
DA:1077,0
DA:1081,127
DA:1082,3
DA:1088,2
DA:1089,2
DA:1090,2
DA:1091,2
DA:1092,1
DA:1095,0
DA:1097,2
DA:1103,127
DA:1123,199
DA:1141,0
DA:1144,0
DA:1150,0
DA:1151,0
DA:1152,0
DA:1154,0
DA:1156,0
DA:1173,1
DA:1174,1
DA:1186,1
DA:1187,1
DA:1188,1
DA:1189,1
DA:1202,2
DA:1208,0
DA:1214,0
DA:1226,6
DA:1235,0
DA:1242,0
DA:1249,0
DA:1256,0
DA:1263,0
DA:1270,0
DA:1277,0
DA:1293,0
DA:1299,0
DA:1300,0
DA:1315,0
DA:1321,0
DA:1322,0
DA:1337,0
DA:1342,1
DA:1343,1
DA:1344,1
DA:1345,0
DA:1346,0
DA:1347,0
DA:1349,1
DA:1350,1
DA:1351,1
DA:1353,1
DA:1355,0
DA:1357,1
DA:1382,24
DA:1395,351
DA:1403,1
DA:1406,6
DA:1407,3
DA:1424,1
DA:1431,2
DA:1451,10
DA:1458,1
DA:1459,1
DA:1470,15
DA:1474,0
DA:1478,0
DA:1484,0
DA:1490,0
DA:1494,0
DA:1528,6
DA:1530,1
DA:1533,1
DA:1539,1
DA:1540,1
DA:1541,1
DA:1543,0
DA:1545,1
DA:1566,6
DA:1578,6
DA:1586,1
DA:1587,1
DA:1588,1
DA:1589,1
DA:1590,1
DA:1611,0
DA:1618,0
DA:1619,0
DA:1620,0
DA:1621,0
DA:1643,2
DA:1666,0
DA:1667,0
DA:1668,0
DA:1669,0
DA:1671,0
DA:1681,0
DA:1687,0
DA:1688,0
DA:1689,0
DA:1691,0
DA:1693,0
DA:1715,0
DA:1719,0
DA:1743,0
DA:1754,0
DA:1762,0
DA:1776,0
DA:1785,0
DA:1786,0
DA:1797,0
DA:1802,0
DA:1803,0
DA:1804,0
DA:1805,0
DA:1811,0
DA:1812,0
DA:1814,0
DA:1815,0
DA:1818,0
DA:1820,0
DA:1838,3
DA:1839,1
DA:1848,486
DA:1849,486
DA:1853,2
DA:1866,40
DA:1879,36
DA:1887,0
DA:1901,0
DA:1912,0
DA:1916,0
DA:1920,0
DA:1924,0
DA:1928,0
DA:1939,0
DA:1968,0
DA:1972,0
DA:1976,0
DA:1981,0
DA:1988,0
DA:2001,0
DA:2016,0
DA:2026,0
DA:2033,0
DA:2046,0
DA:2060,0
DA:2067,0
DA:2079,0
DA:2086,0
DA:2093,0
DA:2099,0
DA:2107,0
DA:2113,0
DA:2117,0
DA:2122,0
DA:2129,0
DA:2136,0
DA:2148,0
DA:2155,0
DA:2162,0
DA:2169,0
DA:2176,0
DA:2183,0
DA:2190,0
DA:2197,0
DA:2204,0
DA:2211,0
DA:2222,0
DA:2226,0
DA:2230,0
DA:2239,0
DA:2243,0
DA:2247,0
DA:2256,0
DA:2260,0
DA:2265,0
DA:2272,0
DA:2279,0
DA:2286,0
DA:2293,0
DA:2305,0
DA:2312,0
DA:2316,0
DA:2320,0
DA:2324,0
DA:2328,0
DA:2332,0
DA:2336,0
DA:2340,0
DA:2350,0
DA:2357,0
DA:2361,0
DA:2365,0
DA:2369,0
DA:2380,0
DA:2391,0
DA:2395,0
DA:2406,2
DA:2412,0
DA:2416,0
DA:2420,0
DA:2431,0
DA:2443,0
DA:2447,0
DA:2451,0
DA:2456,0
DA:2467,0
DA:2471,0
DA:2475,0
DA:2479,0
DA:2483,0
DA:2493,0
DA:2499,0
DA:2504,0
DA:2511,0
DA:2522,0
DA:2526,0
DA:2531,0
DA:2538,0
DA:2550,0
DA:2556,0
DA:2567,1
DA:2573,0
DA:2584,0
DA:2599,0
DA:2610,0
DA:2617,0
DA:2629,0
DA:2636,0
DA:2647,0
DA:2651,0
DA:2656,0
DA:2669,37
DA:2670,37
DA:2671,37
DA:2674,10
DA:2675,10
DA:2677,1
DA:2678,9
DA:2681,37
DA:2682,10
DA:2683,10
DA:2684,10
DA:2688,18
DA:2689,18
DA:2690,18
DA:2691,18
DA:2692,18
DA:2693,18
DA:2694,18
DA:2695,0
DA:2696,0
DA:2700,18
DA:2701,6
DA:2702,6
DA:2703,6
DA:2706,37
DA:2749,18
DA:2770,0
DA:2777,0
DA:2797,142
DA:2798,142
DA:2799,142
DA:2800,142
DA:2801,142
DA:2802,142
DA:2803,142
DA:2805,142
DA:2806,41
DA:2809,142
DA:2811,142
DA:2812,2
DA:2813,2
DA:2814,2
DA:2815,1
DA:2817,1
DA:2819,2
DA:2820,2
DA:2821,2
DA:2825,142
DA:2826,2
DA:2827,1
DA:2828,1
DA:2831,142
DA:2832,2
DA:2833,2
DA:2834,2
DA:2835,1
DA:2836,1
DA:2838,1
DA:2842,142
DA:2843,4
DA:2844,4
DA:2847,142
DA:2848,3
DA:2849,3
DA:2850,3
DA:2851,3
DA:2852,1
DA:2854,1
DA:2856,2
DA:2860,142
DA:2862,0
DA:2865,142
DA:2872,142
DA:2875,142
DA:2876,54
DA:2882,6
DA:2886,20
DA:2892,0
DA:2903,0
DA:2907,0
DA:2914,0
DA:2919,0
DA:2926,55
DA:2931,0
DA:2932,0
DA:2933,0
DA:2939,0
DA:2944,1
DA:2951,0
DA:2952,0
DA:2954,0
DA:2966,0
DA:2973,0
DA:2985,0
DA:2995,0
DA:2999,0
DA:3005,0
DA:3011,0
DA:3014,0
DA:3018,0
DA:3031,0
DA:3032,0
DA:3033,0
DA:3034,0
DA:3035,0
DA:3037,0
DA:3040,0
DA:3046,0
DA:3061,3
DA:3065,1
DA:3074,2
DA:3085,88
DA:3086,4
DA:3087,4
DA:3091,1
DA:3111,2
DA:3134,84
DA:3145,5
DA:3171,39
DA:3189,2
DA:3193,4
DA:3194,17
DA:3195,2
DA:3209,21
DA:3216,21
DA:3217,21
DA:3218,21
DA:3219,21
DA:3221,21
DA:3222,9
DA:3223,9
DA:3224,9
DA:3228,3
DA:3229,3
DA:3231,3
DA:3236,2
DA:3241,2
DA:3243,2
DA:3246,21
DA:3267,1
DA:3268,1
DA:3269,0
DA:3288,2
DA:3289,2
DA:3290,1
DA:3312,1
DA:3338,0
DA:3339,0
LF:640
LH:394
BRDA:61,0,0,607
BRDA:61,0,1,0
BRDA:62,1,0,0
BRDA:62,1,1,0
BRDA:62,2,0,0
BRDA:62,2,1,0
BRDA:62,2,2,0
BRDA:62,2,3,0
BRDA:62,2,4,0
BRDA:62,2,5,0
BRDA:62,2,6,0
BRDA:63,3,0,0
BRDA:63,3,1,0
BRDA:93,4,0,608
BRDA:93,4,1,19
BRDA:99,5,0,608
BRDA:99,5,1,2
BRDA:108,6,0,607
BRDA:108,6,1,4856
BRDA:108,7,0,607
BRDA:108,7,1,0
BRDA:108,7,2,0
BRDA:108,7,3,0
BRDA:108,7,4,0
BRDA:108,7,5,0
BRDA:108,7,6,0
BRDA:108,7,7,0
BRDA:112,8,0,607
BRDA:112,8,1,4249
BRDA:112,9,0,607
BRDA:112,9,1,0
BRDA:117,10,0,607
BRDA:117,10,1,4856
BRDA:118,11,0,607
BRDA:118,11,1,4856
BRDA:119,12,0,607
BRDA:119,12,1,4249
BRDA:120,13,0,607
BRDA:120,13,1,3642
BRDA:127,14,0,608
BRDA:127,14,1,447
BRDA:132,15,0,608
BRDA:132,15,1,11
BRDA:137,16,0,608
BRDA:137,16,1,19
BRDA:142,17,0,608
BRDA:142,17,1,8
BRDA:147,18,0,608
BRDA:147,18,1,18
BRDA:152,19,0,608
BRDA:152,19,1,41
BRDA:161,20,0,1
BRDA:161,20,1,0
BRDA:169,21,0,608
BRDA:169,21,1,40
BRDA:174,22,0,608
BRDA:174,22,1,10
BRDA:177,23,0,608
BRDA:177,23,1,13
BRDA:203,24,0,301
BRDA:203,24,1,445
BRDA:203,25,0,746
BRDA:203,25,1,449
BRDA:211,26,0,4
BRDA:211,26,1,440
BRDA:230,27,0,148
BRDA:230,27,1,292
BRDA:235,28,0,148
BRDA:235,28,1,292
BRDA:244,29,0,434
BRDA:244,29,1,6
BRDA:245,30,0,434
BRDA:245,30,1,6
BRDA:269,31,0,434
BRDA:269,31,1,6
BRDA:270,32,0,434
BRDA:270,32,1,6
BRDA:283,33,0,746
BRDA:283,33,1,437
BRDA:289,34,0,434
BRDA:289,34,1,3
BRDA:289,35,0,3
BRDA:289,35,1,431
BRDA:306,36,0,746
BRDA:306,36,1,434
BRDA:307,37,0,428
BRDA:307,37,1,6
BRDA:309,38,0,434
BRDA:309,38,1,6
BRDA:310,39,0,434
BRDA:310,39,1,6
BRDA:314,40,0,434
BRDA:314,40,1,6
BRDA:319,41,0,428
BRDA:319,41,1,6
BRDA:341,42,0,62
BRDA:341,42,1,2
BRDA:342,43,0,62
BRDA:342,43,1,2
BRDA:343,44,0,62
BRDA:343,44,1,62
BRDA:348,45,0,9
BRDA:348,45,1,2
BRDA:349,46,0,9
BRDA:349,46,1,2
BRDA:350,47,0,9
BRDA:350,47,1,9
BRDA:360,48,0,1
BRDA:360,48,1,1
BRDA:390,49,0,0
BRDA:390,49,1,62
BRDA:393,50,0,62
BRDA:393,50,1,3
BRDA:394,51,0,1
BRDA:394,51,1,2
BRDA:396,52,0,1
BRDA:396,52,1,2
BRDA:421,53,0,62
BRDA:421,53,1,58
BRDA:421,53,2,56
BRDA:421,53,3,56
BRDA:423,54,0,4
BRDA:423,54,1,58
BRDA:456,55,0,0
BRDA:456,55,1,0
BRDA:463,56,0,0
BRDA:463,56,1,5
BRDA:467,57,0,1
BRDA:467,57,1,4
BRDA:477,58,0,1
BRDA:477,58,1,3
BRDA:495,59,0,1
BRDA:495,59,1,0
BRDA:508,60,0,1
BRDA:508,60,1,0
BRDA:554,61,0,89
BRDA:554,61,1,4
BRDA:561,62,0,89
BRDA:561,62,1,46
BRDA:563,63,0,4
BRDA:563,63,1,42
BRDA:579,64,0,51
BRDA:579,64,1,10
BRDA:615,65,0,4
BRDA:615,65,1,42
BRDA:615,66,0,3
BRDA:615,66,1,39
BRDA:623,67,0,27
BRDA:623,67,1,62
BRDA:623,68,0,89
BRDA:623,68,1,68
BRDA:648,69,0,21
BRDA:648,69,1,21
BRDA:654,70,0,21
BRDA:654,70,1,0
BRDA:655,71,0,21
BRDA:655,71,1,0
BRDA:685,72,0,10
BRDA:685,72,1,4
BRDA:686,73,0,10
BRDA:686,73,1,0
BRDA:687,74,0,10
BRDA:687,74,1,7
BRDA:688,75,0,10
BRDA:688,75,1,7
BRDA:689,76,0,10
BRDA:689,76,1,7
BRDA:693,77,0,6
BRDA:693,77,1,2
BRDA:694,78,0,6
BRDA:694,78,1,0
BRDA:695,79,0,6
BRDA:695,79,1,5
BRDA:696,80,0,6
BRDA:696,80,1,5
BRDA:697,81,0,6
BRDA:697,81,1,5
BRDA:724,82,0,10
BRDA:724,82,1,4
BRDA:745,83,0,1
BRDA:745,83,1,1
BRDA:746,84,0,1
BRDA:746,84,1,1
BRDA:747,85,0,1
BRDA:747,85,1,1
BRDA:770,86,0,12
BRDA:770,86,1,0
BRDA:771,87,0,11
BRDA:771,87,1,1
BRDA:778,88,0,12
BRDA:778,88,1,10
BRDA:779,89,0,1
BRDA:779,89,1,11
BRDA:785,90,0,2
BRDA:785,90,1,1
BRDA:798,91,0,61
BRDA:798,91,1,15
BRDA:798,92,0,2
BRDA:798,92,1,13
BRDA:803,93,0,76
BRDA:803,93,1,63
BRDA:814,94,0,40
BRDA:814,94,1,36
BRDA:820,95,0,36
BRDA:820,95,1,40
BRDA:828,96,0,76
BRDA:828,96,1,40
BRDA:834,97,0,76
BRDA:834,97,1,36
BRDA:853,98,0,3
BRDA:853,98,1,73
BRDA:891,99,0,2
BRDA:891,99,1,74
BRDA:1004,100,0,0
BRDA:1004,100,1,33
BRDA:1012,101,0,225
BRDA:1012,101,1,232
BRDA:1014,102,0,232
BRDA:1014,102,1,16
BRDA:1014,102,2,16
BRDA:1014,102,3,16
BRDA:1014,102,4,16
BRDA:1018,103,0,16
BRDA:1018,103,1,16
BRDA:1035,104,0,6
BRDA:1035,104,1,6
BRDA:1035,105,0,6
BRDA:1035,105,1,0
BRDA:1035,106,0,6
BRDA:1035,106,1,6
BRDA:1036,107,0,6
BRDA:1036,107,1,0
BRDA:1045,108,0,2576
BRDA:1045,108,1,2514
BRDA:1052,109,0,4
BRDA:1052,109,1,0
BRDA:1052,110,0,4
BRDA:1052,110,1,4
BRDA:1061,111,0,3
BRDA:1061,111,1,3
BRDA:1065,112,0,2
BRDA:1065,112,1,1
BRDA:1068,113,0,1
BRDA:1068,113,1,0
BRDA:1068,114,0,1
BRDA:1068,114,1,1
BRDA:1072,115,0,3
BRDA:1072,115,1,0
BRDA:1073,116,0,3
BRDA:1073,116,1,0
BRDA:1077,117,0,0
BRDA:1077,117,1,0
BRDA:1091,118,0,1
BRDA:1091,118,1,1
BRDA:1095,119,0,0
BRDA:1095,119,1,0
BRDA:1106,120,0,127
BRDA:1106,120,1,0
BRDA:1106,120,2,127
BRDA:1127,121,0,199
BRDA:1127,121,1,99
BRDA:1128,122,0,199
BRDA:1128,122,1,99
BRDA:1129,123,0,199
BRDA:1129,123,1,99
BRDA:1130,124,0,199
BRDA:1130,124,1,99
BRDA:1131,125,0,199
BRDA:1131,125,1,99
BRDA:1132,126,0,199
BRDA:1132,126,1,99
BRDA:1133,127,0,199
BRDA:1133,127,1,99
BRDA:1134,128,0,199
BRDA:1134,128,1,100
BRDA:1134,128,2,100
BRDA:1134,128,3,100
BRDA:1134,128,4,100
BRDA:1134,128,5,100
BRDA:1134,128,6,100
BRDA:1134,128,7,100
BRDA:1134,128,8,100
BRDA:1134,128,9,100
BRDA:1142,129,0,199
BRDA:1142,129,1,100
BRDA:1142,129,2,1
BRDA:1154,130,0,0
BRDA:1154,130,1,0
BRDA:1200,131,0,127
BRDA:1200,131,1,8
BRDA:1203,132,0,0
BRDA:1203,132,1,8
BRDA:1207,133,0,8
BRDA:1207,133,1,0
BRDA:1213,134,0,0
BRDA:1213,134,1,8
BRDA:1220,135,0,8
BRDA:1220,135,1,0
BRDA:1228,136,0,8
BRDA:1228,136,1,8
BRDA:1290,137,0,0
BRDA:1290,137,1,0
BRDA:1299,138,0,0
BRDA:1299,138,1,0
BRDA:1312,139,0,0
BRDA:1312,139,1,0
BRDA:1321,140,0,0
BRDA:1321,140,1,0
BRDA:1340,141,0,8
BRDA:1340,141,1,7
BRDA:1344,142,0,0
BRDA:1344,142,1,1
BRDA:1347,143,0,0
BRDA:1347,143,1,0
BRDA:1355,144,0,0
BRDA:1355,144,1,0
BRDA:1361,145,0,1
BRDA:1361,145,1,7
BRDA:1361,146,0,0
BRDA:1361,146,1,7
BRDA:1371,147,0,127
BRDA:1371,147,1,0
BRDA:1371,147,2,127
BRDA:1388,148,0,124
BRDA:1388,148,1,3
BRDA:1388,149,0,35
BRDA:1388,149,1,92
BRDA:1395,150,0,7
BRDA:1395,150,1,344
BRDA:1398,151,0,351
BRDA:1398,151,1,92
BRDA:1403,152,0,1
BRDA:1403,152,1,350
BRDA:1403,153,0,1
BRDA:1403,153,1,0
BRDA:1415,154,0,127
BRDA:1415,154,1,12
BRDA:1442,155,0,127
BRDA:1442,155,1,0
BRDA:1442,155,2,127
BRDA:1442,155,3,39
BRDA:1445,156,0,32
BRDA:1445,156,1,7
BRDA:1459,157,0,1
BRDA:1459,157,1,0
BRDA:1474,158,0,0
BRDA:1474,158,1,0
BRDA:1494,159,0,0
BRDA:1494,159,1,0
BRDA:1502,160,0,39
BRDA:1502,160,1,36
BRDA:1503,161,0,39
BRDA:1503,161,1,2
BRDA:1504,162,0,39
BRDA:1504,162,1,1
BRDA:1508,163,0,32
BRDA:1508,163,1,7
BRDA:1516,164,0,127
BRDA:1516,164,1,0
BRDA:1516,164,2,127
BRDA:1523,165,0,5
BRDA:1523,165,1,122
BRDA:1530,166,0,1
BRDA:1530,166,1,5
BRDA:1530,167,0,1
BRDA:1530,167,1,0
BRDA:1543,168,0,0
BRDA:1543,168,1,0
BRDA:1586,169,0,0
BRDA:1586,169,1,1
BRDA:1587,170,0,1
BRDA:1587,170,1,1
BRDA:1601,171,0,127
BRDA:1601,171,1,0
BRDA:1601,171,2,127
BRDA:1642,172,0,0
BRDA:1642,172,1,127
BRDA:1646,173,0,2
BRDA:1646,173,1,0
BRDA:1650,174,0,1
BRDA:1650,174,1,1
BRDA:1658,175,0,2
BRDA:1658,175,1,1
BRDA:1662,176,0,0
BRDA:1662,176,1,2
BRDA:1671,177,0,0
BRDA:1671,177,1,0
BRDA:1691,178,0,0
BRDA:1691,178,1,0
BRDA:1713,179,0,127
BRDA:1713,179,1,0
BRDA:1718,180,0,0
BRDA:1718,180,1,0
BRDA:1725,181,0,0
BRDA:1725,181,1,0
BRDA:1790,182,0,0
BRDA:1790,182,1,0
BRDA:1800,183,0,0
BRDA:1800,183,1,0
BRDA:1811,184,0,0
BRDA:1811,184,1,0
BRDA:1818,185,0,0
BRDA:1818,185,1,0
BRDA:1824,186,0,0
BRDA:1824,186,1,0
BRDA:1834,187,0,127
BRDA:1834,187,1,123
BRDA:1835,188,0,127
BRDA:1835,188,1,123
BRDA:1847,189,0,486
BRDA:1854,190,0,40
BRDA:1854,190,1,446
BRDA:1856,191,0,40
BRDA:1856,191,1,446
BRDA:1858,192,0,486
BRDA:1858,192,1,40
BRDA:1886,193,0,36
BRDA:1886,193,1,36
BRDA:1901,194,0,0
BRDA:1901,194,1,0
BRDA:1981,195,0,0
BRDA:1981,195,1,0
BRDA:1988,196,0,0
BRDA:1988,196,1,0
BRDA:2015,197,0,36
BRDA:2015,197,1,36
BRDA:2026,198,0,0
BRDA:2026,198,1,0
BRDA:2033,199,0,0
BRDA:2033,199,1,0
BRDA:2060,200,0,0
BRDA:2060,200,1,0
BRDA:2067,201,0,0
BRDA:2067,201,1,0
BRDA:2079,202,0,0
BRDA:2079,202,1,0
BRDA:2086,203,0,0
BRDA:2086,203,1,0
BRDA:2093,204,0,0
BRDA:2093,204,1,0
BRDA:2107,205,0,0
BRDA:2107,205,1,0
BRDA:2122,206,0,0
BRDA:2122,206,1,0
BRDA:2129,207,0,0
BRDA:2129,207,1,0
BRDA:2136,208,0,0
BRDA:2136,208,1,0
BRDA:2148,209,0,0
BRDA:2148,209,1,0
BRDA:2155,210,0,0
BRDA:2155,210,1,0
BRDA:2162,211,0,0
BRDA:2162,211,1,0
BRDA:2169,212,0,0
BRDA:2169,212,1,0
BRDA:2176,213,0,0
BRDA:2176,213,1,0
BRDA:2183,214,0,0
BRDA:2183,214,1,0
BRDA:2190,215,0,0
BRDA:2190,215,1,0
BRDA:2197,216,0,0
BRDA:2197,216,1,0
BRDA:2204,217,0,0
BRDA:2204,217,1,0
BRDA:2211,218,0,0
BRDA:2211,218,1,0
BRDA:2265,219,0,0
BRDA:2265,219,1,0
BRDA:2272,220,0,0
BRDA:2272,220,1,0
BRDA:2279,221,0,0
BRDA:2279,221,1,0
BRDA:2286,222,0,0
BRDA:2286,222,1,0
BRDA:2293,223,0,0
BRDA:2293,223,1,0
BRDA:2305,224,0,0
BRDA:2305,224,1,0
BRDA:2350,225,0,0
BRDA:2350,225,1,0
BRDA:2456,226,0,0
BRDA:2456,226,1,0
BRDA:2493,227,0,0
BRDA:2493,227,1,0
BRDA:2504,228,0,0
BRDA:2504,228,1,0
BRDA:2511,229,0,0
BRDA:2511,229,1,0
BRDA:2531,230,0,0
BRDA:2531,230,1,0
BRDA:2538,231,0,0
BRDA:2538,231,1,0
BRDA:2550,232,0,0
BRDA:2550,232,1,0
BRDA:2610,233,0,0
BRDA:2610,233,1,0
BRDA:2617,234,0,0
BRDA:2617,234,1,0
BRDA:2629,235,0,0
BRDA:2629,235,1,0
BRDA:2636,236,0,0
BRDA:2636,236,1,0
BRDA:2656,237,0,0
BRDA:2656,237,1,0
BRDA:2694,238,0,18
BRDA:2694,238,1,0
BRDA:2695,239,0,0
BRDA:2695,239,1,0
BRDA:2700,240,0,12
BRDA:2700,240,1,6
BRDA:2703,241,0,3
BRDA:2703,241,1,3
BRDA:2723,242,0,19
BRDA:2723,242,1,18
BRDA:2727,243,0,6
BRDA:2727,243,1,31
BRDA:2727,244,0,37
BRDA:2727,244,1,19
BRDA:2812,245,0,0
BRDA:2812,245,1,2
BRDA:2814,246,0,1
BRDA:2814,246,1,1
BRDA:2826,247,0,1
BRDA:2826,247,1,1
BRDA:2854,248,0,1
BRDA:2854,248,1,0
BRDA:2875,249,0,54
BRDA:2875,249,1,88
BRDA:2878,250,0,18
BRDA:2878,250,1,36
BRDA:2882,251,0,54
BRDA:2882,251,1,10
BRDA:2886,252,0,54
BRDA:2886,252,1,16
BRDA:2891,253,0,54
BRDA:2891,253,1,0
BRDA:2899,254,0,53
BRDA:2899,254,1,1
BRDA:2899,255,0,54
BRDA:2899,255,1,0
BRDA:2903,256,0,53
BRDA:2903,256,1,36
BRDA:2907,257,0,53
BRDA:2907,257,1,36
BRDA:2914,258,0,1
BRDA:2914,258,1,0
BRDA:2919,259,0,1
BRDA:2919,259,1,0
BRDA:2925,260,0,54
BRDA:2925,260,1,0
BRDA:2931,261,0,0
BRDA:2931,261,1,0
BRDA:2937,262,0,55
BRDA:2937,262,1,2
BRDA:2937,263,0,55
BRDA:2937,263,1,0
BRDA:2939,264,0,0
BRDA:2939,264,1,0
BRDA:2944,265,0,1
BRDA:2944,265,1,0
BRDA:2949,266,0,36
BRDA:2949,266,1,18
BRDA:2949,267,0,54
BRDA:2949,267,1,18
BRDA:2949,268,0,36
BRDA:2949,268,1,0
BRDA:2951,269,0,0
BRDA:2951,269,1,0
BRDA:2952,270,0,0
BRDA:2952,270,1,0
BRDA:2965,271,0,54
BRDA:2965,271,1,18
BRDA:2965,272,0,54
BRDA:2965,272,1,18
BRDA:2966,273,0,18
BRDA:2966,273,1,18
BRDA:2972,274,0,54
BRDA:2972,274,1,0
BRDA:2984,275,0,54
BRDA:2984,275,1,0
BRDA:2995,276,0,54
BRDA:2995,276,1,0
BRDA:2999,277,0,54
BRDA:2999,277,1,54
BRDA:2999,278,0,0
BRDA:2999,278,1,0
BRDA:3004,279,0,54
BRDA:3004,279,1,54
BRDA:3005,280,0,0
BRDA:3005,280,1,0
BRDA:3011,281,0,54
BRDA:3011,281,1,0
BRDA:3014,282,0,54
BRDA:3014,282,1,36
BRDA:3018,283,0,54
BRDA:3018,283,1,0
BRDA:3021,284,0,54
BRDA:3021,284,1,53
BRDA:3032,285,0,0
BRDA:3032,285,1,0
BRDA:3037,286,0,0
BRDA:3037,286,1,0
BRDA:3041,287,0,1
BRDA:3041,287,1,52
BRDA:3043,288,0,53
BRDA:3043,288,1,1
BRDA:3063,289,0,3
BRDA:3063,289,1,51
BRDA:3067,290,0,54
BRDA:3067,290,1,2
BRDA:3068,291,0,1
BRDA:3068,291,1,1
BRDA:3070,292,0,2
BRDA:3070,292,1,1
BRDA:3070,292,2,1
BRDA:3072,293,0,1
BRDA:3072,293,1,0
BRDA:3072,294,0,1
BRDA:3072,294,1,1
BRDA:3085,295,0,4
BRDA:3085,295,1,84
BRDA:3093,296,0,2
BRDA:3093,296,1,2
BRDA:3114,297,0,1
BRDA:3114,297,1,1
BRDA:3114,298,0,1
BRDA:3114,298,1,0
BRDA:3122,299,0,2
BRDA:3122,299,1,1
BRDA:3163,300,0,45
BRDA:3163,300,1,39
BRDA:3176,301,0,38
BRDA:3176,301,1,1
BRDA:3177,302,0,38
BRDA:3177,302,1,1
BRDA:3182,303,0,1
BRDA:3182,303,1,38
BRDA:3182,304,0,2
BRDA:3182,304,1,37
BRDA:3182,305,0,2
BRDA:3182,305,1,35
BRDA:3182,306,0,39
BRDA:3182,306,1,0
BRDA:3182,307,0,39
BRDA:3182,307,1,0
BRDA:3191,308,0,2
BRDA:3191,308,1,37
BRDA:3218,309,0,0
BRDA:3218,309,1,21
BRDA:3224,310,0,0
BRDA:3224,310,1,9
BRDA:3268,311,0,1
BRDA:3268,311,1,0
BRDA:3268,312,0,1
BRDA:3268,312,1,1
BRDA:3289,313,0,1
BRDA:3289,313,1,1
BRDA:3289,314,0,2
BRDA:3289,314,1,2
BRDA:3329,315,0,6
BRDA:3329,315,1,15
BRDA:3334,316,0,21
BRDA:3334,316,1,21
BRDA:3335,317,0,21
BRDA:3335,317,1,21
BRF:667
BRH:440
end_of_record
TN:
SF:src\pages\AuditLogs.tsx
FN:4,AuditLogs
FN:8,(anonymous_1)
FN:9,(anonymous_2)
FN:29,(anonymous_3)
FN:51,(anonymous_4)
FN:55,(anonymous_5)
FNF:6
FNH:5
FNDA:19,AuditLogs
FNDA:11,(anonymous_1)
FNDA:0,(anonymous_2)
FNDA:404,(anonymous_3)
FNDA:1,(anonymous_4)
FNDA:2,(anonymous_5)
DA:5,19
DA:6,19
DA:8,19
DA:9,11
DA:12,19
DA:30,404
DA:51,1
DA:55,2
LF:8
LH:8
BRDA:37,0,0,404
BRDA:37,0,1,2
BRDA:37,1,0,1
BRDA:37,1,1,1
BRF:4
BRH:4
end_of_record
TN:
SF:src\pages\Credentials.tsx
FN:25,Credentials
FN:42,(anonymous_1)
FN:54,(anonymous_2)
FN:68,(anonymous_3)
FN:70,handleSaveProfile
FN:99,handleDeleteProfile
FN:112,handleAddMapping
FN:129,(anonymous_7)
FN:130,(anonymous_8)
FN:137,(anonymous_9)
FN:141,(anonymous_10)
FN:143,(anonymous_11)
FN:161,(anonymous_12)
FN:167,handleRemoveMapping
FN:179,(anonymous_14)
FN:182,(anonymous_15)
FN:184,(anonymous_16)
FN:227,(anonymous_17)
FN:252,(anonymous_18)
FN:262,(anonymous_19)
FN:272,(anonymous_20)
FN:287,(anonymous_21)
FN:303,(anonymous_22)
FN:320,(anonymous_23)
FN:331,(anonymous_24)
FN:363,(anonymous_25)
FN:372,(anonymous_26)
FN:401,(anonymous_27)
FN:413,(anonymous_28)
FN:436,(anonymous_29)
FN:438,(anonymous_30)
FN:439,(anonymous_31)
FN:446,(anonymous_32)
FN:446,(anonymous_33)
FN:470,(anonymous_34)
FN:471,(anonymous_35)
FN:479,(anonymous_36)
FN:487,(anonymous_37)
FN:491,(anonymous_38)
FN:519,(anonymous_39)
FN:527,(anonymous_40)
FN:549,(anonymous_41)
FN:553,(anonymous_42)
FN:567,(anonymous_43)
FN:574,(anonymous_44)
FN:580,(anonymous_45)
FNF:46
FNH:42
FNDA:355,Credentials
FNDA:47,(anonymous_1)
FNDA:70,(anonymous_2)
FNDA:42,(anonymous_3)
FNDA:5,handleSaveProfile
FNDA:3,handleDeleteProfile
FNDA:1,handleAddMapping
FNDA:42,(anonymous_7)
FNDA:81,(anonymous_8)
FNDA:42,(anonymous_9)
FNDA:50,(anonymous_10)
FNDA:6,(anonymous_11)
FNDA:6,(anonymous_12)
FNDA:3,handleRemoveMapping
FNDA:33,(anonymous_14)
FNDA:422,(anonymous_15)
FNDA:389,(anonymous_16)
FNDA:7,(anonymous_17)
FNDA:28,(anonymous_18)
FNDA:15,(anonymous_19)
FNDA:18,(anonymous_20)
FNDA:0,(anonymous_21)
FNDA:1,(anonymous_22)
FNDA:422,(anonymous_23)
FNDA:18,(anonymous_24)
FNDA:3,(anonymous_25)
FNDA:6,(anonymous_26)
FNDA:13,(anonymous_27)
FNDA:3,(anonymous_28)
FNDA:6,(anonymous_29)
FNDA:5,(anonymous_30)
FNDA:5,(anonymous_31)
FNDA:0,(anonymous_32)
FNDA:0,(anonymous_33)
FNDA:16,(anonymous_34)
FNDA:2,(anonymous_35)
FNDA:38,(anonymous_36)
FNDA:4,(anonymous_37)
FNDA:1,(anonymous_38)
FNDA:1,(anonymous_39)
FNDA:9,(anonymous_40)
FNDA:0,(anonymous_41)
FNDA:4,(anonymous_42)
FNDA:12,(anonymous_43)
FNDA:3,(anonymous_44)
FNDA:1,(anonymous_45)
DA:26,355
DA:27,355
DA:28,355
DA:29,355
DA:30,355
DA:31,355
DA:32,355
DA:33,355
DA:34,355
DA:35,355
DA:36,355
DA:37,355
DA:38,355
DA:39,355
DA:40,355
DA:42,355
DA:43,47
DA:44,47
DA:48,46
DA:49,46
DA:52,46
DA:53,46
DA:55,70
DA:56,70
DA:58,0
DA:62,46
DA:64,1
DA:68,355
DA:71,5
DA:72,5
DA:73,5
DA:74,5
DA:75,5
DA:76,1
DA:83,4
DA:84,1
DA:85,1
DA:86,1
DA:88,3
DA:90,2
DA:91,2
DA:93,2
DA:95,5
DA:100,3
DA:101,3
DA:102,3
DA:103,3
DA:104,1
DA:105,1
DA:106,1
DA:108,2
DA:113,1
DA:114,1
DA:115,1
DA:116,1
DA:117,1
DA:119,1
DA:120,1
DA:121,1
DA:122,1
DA:124,0
DA:129,355
DA:130,42
DA:131,81
DA:132,81
DA:133,75
DA:134,69
DA:136,42
DA:137,42
DA:141,355
DA:142,50
DA:143,6
DA:144,6
DA:145,6
DA:146,6
DA:147,6
DA:148,6
DA:158,6
DA:159,6
DA:160,6
DA:161,6
DA:162,6
DA:163,6
DA:168,3
DA:169,3
DA:170,3
DA:171,1
DA:173,2
DA:178,355
DA:179,33
DA:182,422
DA:184,355
DA:185,389
DA:186,32
DA:187,32
DA:193,355
DA:194,4
DA:216,351
DA:227,7
DA:252,28
DA:262,15
DA:272,18
DA:287,0
DA:303,1
DA:321,422
DA:322,422
DA:323,422
DA:325,422
DA:331,18
DA:364,3
DA:365,3
DA:373,6
DA:374,6
DA:402,13
DA:413,3
DA:436,6
DA:439,5
DA:440,5
DA:446,0
DA:470,16
DA:471,2
DA:480,38
DA:481,38
DA:488,4
DA:489,4
DA:491,1
DA:519,1
DA:527,9
DA:549,0
DA:553,4
DA:567,12
DA:574,3
DA:580,1
LF:133
LH:128
BRDA:71,0,0,0
BRDA:71,0,1,5
BRDA:75,1,0,1
BRDA:75,1,1,4
BRDA:78,2,0,1
BRDA:78,2,1,1
BRDA:79,3,0,1
BRDA:79,3,1,1
BRDA:83,4,0,1
BRDA:83,4,1,3
BRDA:83,5,0,4
BRDA:83,5,1,3
BRDA:83,5,2,3
BRDA:93,6,0,1
BRDA:93,6,1,1
BRDA:100,7,0,0
BRDA:100,7,1,3
BRDA:104,8,0,0
BRDA:104,8,1,1
BRDA:108,9,0,1
BRDA:108,9,1,1
BRDA:113,10,0,0
BRDA:113,10,1,1
BRDA:113,11,0,1
BRDA:113,11,1,1
BRDA:124,12,0,0
BRDA:124,12,1,0
BRDA:132,13,0,6
BRDA:132,13,1,75
BRDA:133,14,0,6
BRDA:133,14,1,69
BRDA:142,15,0,44
BRDA:142,15,1,6
BRDA:142,16,0,50
BRDA:142,16,1,6
BRDA:147,17,0,6
BRDA:147,17,1,0
BRDA:153,18,0,0
BRDA:153,18,1,6
BRDA:173,19,0,1
BRDA:173,19,1,1
BRDA:185,20,0,357
BRDA:185,20,1,32
BRDA:187,21,0,32
BRDA:187,21,1,26
BRDA:187,21,2,26
BRDA:187,21,3,26
BRDA:193,22,0,4
BRDA:193,22,1,351
BRDA:238,23,0,351
BRDA:238,23,1,7
BRDA:245,24,0,355
BRDA:245,24,1,94
BRDA:247,25,0,22
BRDA:247,25,1,72
BRDA:263,26,0,22
BRDA:263,26,1,72
BRDA:273,27,0,22
BRDA:273,27,1,72
BRDA:292,28,0,0
BRDA:292,28,1,94
BRDA:301,29,0,4
BRDA:301,29,1,90
BRDA:301,30,0,21
BRDA:301,30,1,69
BRDA:309,31,0,68
BRDA:309,31,1,283
BRDA:309,32,0,355
BRDA:309,32,1,140
BRDA:322,33,0,422
BRDA:322,33,1,58
BRDA:326,34,0,211
BRDA:326,34,1,211
BRDA:330,35,0,82
BRDA:330,35,1,340
BRDA:331,36,0,1
BRDA:331,36,1,17
BRDA:345,37,0,395
BRDA:345,37,1,27
BRDA:347,38,0,211
BRDA:347,38,1,211
BRDA:380,39,0,82
BRDA:380,39,1,340
BRDA:389,40,0,422
BRDA:389,40,1,82
BRDA:391,41,0,13
BRDA:391,41,1,69
BRDA:429,42,0,45
BRDA:429,42,1,37
BRDA:430,43,0,0
BRDA:430,43,1,45
BRDA:430,44,0,0
BRDA:430,44,1,45
BRDA:440,45,0,5
BRDA:440,45,1,0
BRDA:453,46,0,45
BRDA:453,46,1,40
BRDA:457,47,0,32
BRDA:457,47,1,13
BRDA:463,48,0,45
BRDA:463,48,1,32
BRDA:476,49,0,32
BRDA:476,49,1,11
BRDA:490,50,0,1
BRDA:490,50,1,3
BRDA:496,51,0,3
BRDA:496,51,1,35
BRDA:496,52,0,3
BRDA:496,52,1,35
BRDA:497,53,0,38
BRDA:497,53,1,3
BRDA:505,54,0,38
BRDA:505,54,1,21
BRDA:517,55,0,5
BRDA:517,55,1,40
BRDA:546,56,0,355
BRDA:546,56,1,12
BRDA:568,57,0,12
BRDA:568,57,1,11
BRF:119
BRH:107
end_of_record
TN:
SF:src\pages\Dashboard.tsx
FN:9,ProtocolIcon
FN:47,Dashboard
FN:67,(anonymous_2)
FN:74,(anonymous_3)
FN:87,(anonymous_4)
FN:88,(anonymous_5)
FN:89,(anonymous_6)
FN:89,(anonymous_7)
FN:90,(anonymous_8)
FN:90,(anonymous_9)
FN:94,(anonymous_10)
FN:97,(anonymous_11)
FN:101,(anonymous_12)
FN:104,(anonymous_13)
FN:113,(anonymous_14)
FN:129,(anonymous_15)
FN:130,(anonymous_16)
FN:138,(anonymous_17)
FN:145,(anonymous_18)
FN:146,(anonymous_19)
FN:150,(anonymous_20)
FN:154,(anonymous_21)
FN:161,(anonymous_22)
FN:166,(anonymous_23)
FN:168,(anonymous_24)
FN:170,(anonymous_25)
FN:177,(anonymous_26)
FN:178,(anonymous_27)
FN:185,(anonymous_28)
FN:186,(anonymous_29)
FN:187,(anonymous_30)
FN:191,(anonymous_31)
FN:196,(anonymous_32)
FN:196,(anonymous_33)
FN:200,(anonymous_34)
FN:236,(anonymous_35)
FN:295,(anonymous_36)
FN:302,(anonymous_37)
FN:304,(anonymous_38)
FN:305,(anonymous_39)
FN:310,(anonymous_40)
FN:313,(anonymous_41)
FN:326,(anonymous_42)
FN:334,(anonymous_43)
FN:385,(anonymous_44)
FN:410,(anonymous_45)
FN:424,(anonymous_46)
FN:432,(anonymous_47)
FN:443,(anonymous_48)
FN:487,(anonymous_49)
FN:494,(anonymous_50)
FN:513,(anonymous_51)
FN:527,(anonymous_52)
FN:532,(anonymous_53)
FN:534,(anonymous_54)
FN:539,(anonymous_55)
FN:563,(anonymous_56)
FN:563,(anonymous_57)
FN:567,(anonymous_58)
FN:576,(anonymous_59)
FN:582,(anonymous_60)
FN:582,(anonymous_61)
FN:602,(anonymous_62)
FN:607,(anonymous_63)
FN:614,(anonymous_64)
FN:619,(anonymous_65)
FN:631,(anonymous_66)
FN:632,(anonymous_67)
FN:644,(anonymous_68)
FN:645,(anonymous_69)
FN:656,(anonymous_70)
FN:673,ConnectionRow
FN:685,(anonymous_72)
FN:686,(anonymous_73)
FN:754,(anonymous_74)
FN:758,(anonymous_75)
FN:771,ConnectionFolderRows
FN:806,(anonymous_77)
FN:811,(anonymous_78)
FN:813,(anonymous_79)
FN:818,(anonymous_80)
FNF:81
FNH:52
FNDA:988,ProtocolIcon
FNDA:300,Dashboard
FNDA:45,(anonymous_2)
FNDA:4,(anonymous_3)
FNDA:45,(anonymous_4)
FNDA:1,(anonymous_5)
FNDA:45,(anonymous_6)
FNDA:0,(anonymous_7)
FNDA:45,(anonymous_8)
FNDA:0,(anonymous_9)
FNDA:148,(anonymous_10)
FNDA:3,(anonymous_11)
FNDA:474,(anonymous_12)
FNDA:3,(anonymous_13)
FNDA:299,(anonymous_14)
FNDA:1,(anonymous_15)
FNDA:1,(anonymous_16)
FNDA:106,(anonymous_17)
FNDA:89,(anonymous_18)
FNDA:317,(anonymous_19)
FNDA:0,(anonymous_20)
FNDA:0,(anonymous_21)
FNDA:0,(anonymous_22)
FNDA:101,(anonymous_23)
FNDA:2,(anonymous_24)
FNDA:2,(anonymous_25)
FNDA:2,(anonymous_26)
FNDA:2,(anonymous_27)
FNDA:3,(anonymous_28)
FNDA:3,(anonymous_29)
FNDA:6,(anonymous_30)
FNDA:0,(anonymous_31)
FNDA:0,(anonymous_32)
FNDA:0,(anonymous_33)
FNDA:0,(anonymous_34)
FNDA:0,(anonymous_35)
FNDA:0,(anonymous_36)
FNDA:89,(anonymous_37)
FNDA:317,(anonymous_38)
FNDA:1,(anonymous_39)
FNDA:21,(anonymous_40)
FNDA:4,(anonymous_41)
FNDA:21,(anonymous_42)
FNDA:0,(anonymous_43)
FNDA:0,(anonymous_44)
FNDA:54,(anonymous_45)
FNDA:630,(anonymous_46)
FNDA:1,(anonymous_47)
FNDA:4,(anonymous_48)
FNDA:5,(anonymous_49)
FNDA:1,(anonymous_50)
FNDA:0,(anonymous_51)
FNDA:1544,(anonymous_52)
FNDA:2,(anonymous_53)
FNDA:2,(anonymous_54)
FNDA:0,(anonymous_55)
FNDA:1,(anonymous_56)
FNDA:1,(anonymous_57)
FNDA:50,(anonymous_58)
FNDA:0,(anonymous_59)
FNDA:2,(anonymous_60)
FNDA:2,(anonymous_61)
FNDA:0,(anonymous_62)
FNDA:0,(anonymous_63)
FNDA:0,(anonymous_64)
FNDA:0,(anonymous_65)
FNDA:0,(anonymous_66)
FNDA:0,(anonymous_67)
FNDA:0,(anonymous_68)
FNDA:0,(anonymous_69)
FNDA:0,(anonymous_70)
FNDA:974,ConnectionRow
FNDA:376,(anonymous_72)
FNDA:10,(anonymous_73)
FNDA:0,(anonymous_74)
FNDA:16,(anonymous_75)
FNDA:10,ConnectionFolderRows
FNDA:13,(anonymous_77)
FNDA:0,(anonymous_78)
FNDA:0,(anonymous_79)
FNDA:0,(anonymous_80)
DA:7,1
DA:10,988
DA:11,988
DA:12,818
DA:18,170
DA:19,82
DA:25,88
DA:26,86
DA:32,2
DA:48,300
DA:49,300
DA:50,300
DA:51,300
DA:52,300
DA:53,300
DA:54,300
DA:55,300
DA:56,300
DA:57,300
DA:58,300
DA:59,300
DA:60,300
DA:62,300
DA:63,300
DA:64,300
DA:65,300
DA:67,300
DA:68,45
DA:69,45
DA:70,45
DA:72,45
DA:73,45
DA:75,4
DA:76,4
DA:77,4
DA:78,2
DA:83,45
DA:87,300
DA:88,45
DA:89,45
DA:90,45
DA:91,45
DA:94,300
DA:95,148
DA:96,148
DA:97,3
DA:99,148
DA:100,54
DA:101,474
DA:103,148
DA:104,3
DA:106,148
DA:109,300
DA:110,300
DA:113,300
DA:114,299
DA:115,5
DA:116,5
DA:117,5
DA:118,15
DA:119,15
DA:120,10
DA:121,10
DA:123,5
DA:126,5
DA:129,300
DA:130,1
DA:131,1
DA:132,1
DA:133,1
DA:138,300
DA:139,106
DA:140,106
DA:141,106
DA:145,300
DA:146,317
DA:150,300
DA:151,0
DA:152,0
DA:153,0
DA:154,0
DA:155,0
DA:156,0
DA:157,0
DA:160,0
DA:161,0
DA:166,300
DA:168,300
DA:169,2
DA:170,2
DA:171,2
DA:172,2
DA:173,2
DA:177,300
DA:178,2
DA:179,2
DA:180,2
DA:181,2
DA:185,300
DA:186,3
DA:187,6
DA:191,300
DA:192,0
DA:195,0
DA:196,0
DA:199,0
DA:201,0
DA:202,0
DA:203,0
DA:205,0
DA:210,0
DA:211,0
DA:212,0
DA:213,0
DA:214,0
DA:216,0
DA:220,0
DA:222,0
DA:224,0
DA:225,0
DA:226,0
DA:228,0
DA:231,0
DA:236,300
DA:240,0
DA:241,0
DA:242,0
DA:243,0
DA:245,0
DA:246,0
DA:247,0
DA:248,0
DA:252,0
DA:253,0
DA:261,0
DA:263,0
DA:266,0
DA:267,0
DA:268,0
DA:269,0
DA:270,0
DA:271,0
DA:273,0
DA:280,0
DA:283,0
DA:284,0
DA:285,0
DA:286,0
DA:287,0
DA:289,0
DA:290,0
DA:291,0
DA:295,300
DA:296,0
DA:297,0
DA:298,0
DA:302,300
DA:303,89
DA:304,317
DA:305,1
DA:310,300
DA:311,21
DA:312,21
DA:313,4
DA:314,4
DA:315,4
DA:318,300
DA:327,21
DA:328,21
DA:329,21
DA:330,21
DA:334,0
DA:385,0
DA:410,54
DA:424,630
DA:432,1
DA:443,4
DA:488,5
DA:494,1
DA:513,0
DA:528,1544
DA:532,2
DA:534,2
DA:539,0
DA:563,1
DA:568,50
DA:569,50
DA:576,0
DA:582,2
DA:602,0
DA:607,0
DA:615,0
DA:616,0
DA:620,0
DA:632,0
DA:645,0
DA:656,0
DA:685,974
DA:686,376
DA:687,376
DA:688,2
DA:691,974
DA:697,974
DA:754,0
DA:758,16
DA:787,10
DA:807,13
DA:811,0
DA:813,0
DA:818,0
LF:210
LH:132
BRDA:11,0,0,818
BRDA:11,0,1,170
BRDA:18,1,0,82
BRDA:18,1,1,88
BRDA:25,2,0,86
BRDA:25,2,1,2
BRDA:96,3,0,1
BRDA:96,3,1,147
BRDA:99,4,0,54
BRDA:99,4,1,94
BRDA:101,5,0,474
BRDA:101,5,1,187
BRDA:101,5,2,165
BRDA:101,6,0,165
BRDA:101,6,1,0
BRDA:103,7,0,1
BRDA:103,7,1,147
BRDA:114,8,0,294
BRDA:114,8,1,5
BRDA:119,9,0,10
BRDA:119,9,1,5
BRDA:119,10,0,15
BRDA:119,10,1,10
BRDA:120,11,0,5
BRDA:120,11,1,5
BRDA:132,12,0,0
BRDA:132,12,1,1
BRDA:139,13,0,106
BRDA:139,13,1,0
BRDA:140,14,0,106
BRDA:140,14,1,4
BRDA:152,15,0,0
BRDA:152,15,1,0
BRDA:172,16,0,1
BRDA:172,16,1,1
BRDA:180,17,0,0
BRDA:180,17,1,2
BRDA:187,18,0,1
BRDA:187,18,1,2
BRDA:192,19,0,0
BRDA:192,19,1,0
BRDA:213,20,0,0
BRDA:213,20,1,0
BRDA:213,21,0,0
BRDA:213,21,1,0
BRDA:220,22,0,0
BRDA:220,22,1,0
BRDA:246,23,0,0
BRDA:246,23,1,0
BRDA:247,24,0,0
BRDA:247,24,1,0
BRDA:255,25,0,0
BRDA:255,25,1,0
BRDA:256,26,0,0
BRDA:256,26,1,0
BRDA:283,27,0,0
BRDA:283,27,1,0
BRDA:296,28,0,0
BRDA:296,28,1,0
BRDA:312,29,0,17
BRDA:312,29,1,4
BRDA:314,30,0,0
BRDA:314,30,1,4
BRDA:315,31,0,2
BRDA:315,31,1,2
BRDA:323,32,0,300
BRDA:323,32,1,18
BRDA:329,33,0,21
BRDA:329,33,1,21
BRDA:329,34,0,21
BRDA:329,34,1,0
BRDA:340,35,0,2
BRDA:340,35,1,19
BRDA:340,36,0,2
BRDA:340,36,1,17
BRDA:341,37,0,2
BRDA:341,37,1,19
BRDA:343,38,0,2
BRDA:343,38,1,17
BRDA:361,39,0,0
BRDA:361,39,1,21
BRDA:363,40,0,2
BRDA:363,40,1,19
BRDA:363,41,0,2
BRDA:363,41,1,17
BRDA:365,42,0,17
BRDA:365,42,1,4
BRDA:381,43,0,2
BRDA:381,43,1,19
BRDA:381,44,0,2
BRDA:381,44,1,17
BRDA:382,45,0,2
BRDA:382,45,1,19
BRDA:382,46,0,2
BRDA:382,46,1,17
BRDA:383,47,0,2
BRDA:383,47,1,19
BRDA:383,48,0,2
BRDA:383,48,1,17
BRDA:431,49,0,2
BRDA:431,49,1,297
BRDA:433,50,0,2
BRDA:433,50,1,297
BRDA:435,51,0,2
BRDA:435,51,1,297
BRDA:435,52,0,2
BRDA:435,52,1,297
BRDA:438,53,0,15
BRDA:438,53,1,284
BRDA:442,54,0,5
BRDA:442,54,1,294
BRDA:444,55,0,5
BRDA:444,55,1,294
BRDA:446,56,0,5
BRDA:446,56,1,294
BRDA:452,57,0,300
BRDA:452,57,1,3
BRDA:471,58,0,300
BRDA:471,58,1,194
BRDA:485,59,0,5
BRDA:485,59,1,294
BRDA:485,60,0,300
BRDA:485,60,1,5
BRDA:506,61,0,5
BRDA:506,61,1,5
BRDA:537,62,0,1544
BRDA:537,62,1,1540
BRDA:543,63,0,300
BRDA:543,63,1,105
BRDA:546,64,0,57
BRDA:546,64,1,48
BRDA:557,65,0,300
BRDA:557,65,1,25
BRDA:573,66,0,25
BRDA:573,66,1,25
BRDA:575,67,0,25
BRDA:575,67,1,25
BRDA:591,68,0,300
BRDA:591,68,1,0
BRDA:630,69,0,0
BRDA:630,69,1,0
BRDA:643,70,0,0
BRDA:643,70,1,0
BRDA:687,71,0,374
BRDA:687,71,1,2
BRDA:688,72,0,1
BRDA:688,72,1,1
BRDA:704,73,0,974
BRDA:704,73,1,563
BRDA:716,74,0,14
BRDA:716,74,1,960
BRDA:728,75,0,12
BRDA:728,75,1,962
BRDA:731,76,0,12
BRDA:731,76,1,962
BRDA:732,77,0,12
BRDA:732,77,1,962
BRDA:750,78,0,974
BRDA:750,78,1,16
BRDA:758,79,0,2
BRDA:758,79,1,14
BRDA:800,80,0,1
BRDA:800,80,1,9
BRDA:806,81,0,10
BRDA:806,81,1,9
BRDA:816,82,0,13
BRDA:816,82,1,13
BRF:167
BRH:133
end_of_record
TN:
SF:src\pages\Login.tsx
FN:9,Login
FN:17,(anonymous_1)
FN:33,init
FN:44,handleSubmit
FN:89,(anonymous_4)
FN:102,(anonymous_5)
FNF:6
FNH:6
FNDA:77,Login
FNDA:10,(anonymous_1)
FNDA:9,init
FNDA:3,handleSubmit
FNDA:26,(anonymous_4)
FNDA:27,(anonymous_5)
DA:10,77
DA:11,77
DA:12,77
DA:13,77
DA:14,77
DA:15,77
DA:17,77
DA:21,10
DA:22,10
DA:23,10
DA:24,10
DA:26,1
DA:27,1
DA:28,1
DA:29,1
DA:34,9
DA:35,9
DA:36,9
DA:41,9
DA:45,3
DA:46,3
DA:47,3
DA:49,3
DA:50,3
DA:51,1
DA:52,1
DA:54,1
DA:56,2
DA:60,77
DA:89,26
DA:102,27
LF:31
LH:31
BRDA:23,0,0,1
BRDA:23,0,1,9
BRDA:24,1,0,1
BRDA:24,1,1,9
BRDA:54,2,0,1
BRDA:54,2,1,0
BRDA:66,3,0,77
BRDA:66,3,1,0
BRDA:76,4,0,77
BRDA:76,4,1,1
BRDA:82,5,0,77
BRDA:82,5,1,66
BRDA:83,6,0,1
BRDA:83,6,1,65
BRDA:112,7,0,66
BRDA:112,7,1,63
BRDA:112,7,2,55
BRDA:115,8,0,3
BRDA:115,8,1,63
BRDA:120,9,0,77
BRDA:120,9,1,2
BRDA:138,10,0,77
BRDA:138,10,1,10
BRDA:138,10,2,10
BRF:24
BRH:22
end_of_record
TN:
SF:src\pages\NvrPlayer.tsx
FN:8,NvrPlayer
FN:17,(anonymous_1)
FN:30,(anonymous_2)
FN:46,(anonymous_3)
FN:79,(anonymous_4)
FN:96,(anonymous_5)
FN:101,(anonymous_6)
FN:106,(anonymous_7)
FN:113,(anonymous_8)
FN:128,(anonymous_9)
FN:135,(anonymous_10)
FN:141,(anonymous_11)
FN:146,(anonymous_12)
FN:157,(anonymous_13)
FN:214,(anonymous_14)
FN:217,(anonymous_15)
FN:226,(anonymous_16)
FN:247,(anonymous_17)
FNF:18
FNH:13
FNDA:57,NvrPlayer
FNDA:23,(anonymous_1)
FNDA:50,(anonymous_2)
FNDA:27,(anonymous_3)
FNDA:60,(anonymous_4)
FNDA:3,(anonymous_5)
FNDA:2,(anonymous_6)
FNDA:3,(anonymous_7)
FNDA:0,(anonymous_8)
FNDA:0,(anonymous_9)
FNDA:0,(anonymous_10)
FNDA:23,(anonymous_11)
FNDA:57,(anonymous_12)
FNDA:0,(anonymous_13)
FNDA:228,(anonymous_14)
FNDA:2,(anonymous_15)
FNDA:2,(anonymous_16)
FNDA:0,(anonymous_17)
DA:9,57
DA:10,57
DA:11,57
DA:12,57
DA:13,57
DA:14,57
DA:16,57
DA:17,57
DA:18,23
DA:19,23
DA:21,57
DA:22,57
DA:23,57
DA:24,57
DA:26,57
DA:27,57
DA:30,57
DA:31,50
DA:32,27
DA:33,27
DA:35,50
DA:36,27
DA:37,27
DA:39,50
DA:40,27
DA:41,27
DA:46,57
DA:47,27
DA:48,27
DA:50,27
DA:51,27
DA:53,27
DA:54,27
DA:55,27
DA:56,27
DA:57,27
DA:59,27
DA:60,27
DA:61,27
DA:63,27
DA:64,27
DA:66,27
DA:67,27
DA:68,27
DA:69,27
DA:74,27
DA:75,25
DA:76,25
DA:77,25
DA:79,25
DA:80,60
DA:81,60
DA:82,60
DA:83,60
DA:87,60
DA:88,0
DA:89,0
DA:93,2
DA:96,27
DA:97,3
DA:98,3
DA:101,27
DA:102,2
DA:103,2
DA:106,27
DA:107,3
DA:108,2
DA:113,27
DA:114,0
DA:115,0
DA:116,0
DA:117,0
DA:118,0
DA:119,0
DA:120,0
DA:121,0
DA:125,27
DA:128,27
DA:129,0
DA:130,0
DA:133,27
DA:135,27
DA:136,0
DA:141,57
DA:142,23
DA:143,23
DA:146,57
DA:147,57
DA:148,57
DA:149,57
DA:152,57
DA:157,0
DA:215,228
DA:217,2
DA:226,2
DA:247,0
LF:96
LH:81
BRDA:19,0,0,1
BRDA:19,0,1,22
BRDA:26,1,0,57
BRDA:26,1,1,2
BRDA:27,2,0,57
BRDA:27,2,1,6
BRDA:31,3,0,27
BRDA:31,3,1,23
BRDA:35,4,0,27
BRDA:35,4,1,23
BRDA:39,5,0,27
BRDA:39,5,1,23
BRDA:47,6,0,0
BRDA:47,6,1,27
BRDA:47,7,0,27
BRDA:47,7,1,27
BRDA:74,8,0,25
BRDA:74,8,1,2
BRDA:87,9,0,0
BRDA:87,9,1,60
BRDA:87,10,0,60
BRDA:87,10,1,10
BRDA:98,11,0,3
BRDA:98,11,1,1
BRDA:103,12,0,2
BRDA:103,12,1,1
BRDA:107,13,0,2
BRDA:107,13,1,1
BRDA:116,14,0,0
BRDA:116,14,1,0
BRDA:116,15,0,0
BRDA:116,15,1,0
BRDA:119,16,0,0
BRDA:119,16,1,0
BRDA:119,17,0,0
BRDA:119,17,1,0
BRDA:173,18,0,57
BRDA:173,18,1,51
BRDA:182,19,0,57
BRDA:182,19,1,23
BRDA:185,20,0,57
BRDA:185,20,1,25
BRDA:190,21,0,57
BRDA:190,21,1,2
BRDA:195,22,0,57
BRDA:195,22,1,2
BRDA:198,23,0,57
BRDA:198,23,1,5
BRDA:220,24,0,57
BRDA:220,24,1,171
BRDA:235,25,0,57
BRDA:235,25,1,5
BRDA:235,25,2,5
BRDA:242,26,0,57
BRDA:242,26,1,2
BRF:55
BRH:45
end_of_record
TN:
SF:src\pages\SessionClient.tsx
FN:31,SessionClient
FN:49,(anonymous_1)
FN:50,(anonymous_2)
FN:52,(anonymous_3)
FN:62,(anonymous_4)
FN:64,(anonymous_5)
FN:69,(anonymous_6)
FN:76,(anonymous_7)
FN:80,(anonymous_8)
FN:84,(anonymous_9)
FN:99,(anonymous_10)
FN:99,(anonymous_11)
FN:99,(anonymous_12)
FN:101,(anonymous_13)
FN:114,(anonymous_14)
FN:115,(anonymous_15)
FN:119,(anonymous_16)
FN:128,(anonymous_17)
FN:136,(anonymous_18)
FN:184,(anonymous_19)
FN:185,(anonymous_20)
FN:192,(anonymous_21)
FN:198,(anonymous_22)
FN:207,(anonymous_23)
FN:217,(anonymous_24)
FN:223,(anonymous_25)
FN:236,(anonymous_26)
FN:283,(anonymous_27)
FN:287,(anonymous_28)
FN:293,(anonymous_29)
FN:299,handleResize
FN:316,(anonymous_31)
FN:320,(anonymous_32)
FN:329,(anonymous_33)
FN:332,(anonymous_34)
FN:337,(anonymous_35)
FN:347,(anonymous_36)
FN:356,(anonymous_37)
FN:364,(anonymous_38)
FN:371,(anonymous_39)
FN:375,(anonymous_40)
FN:376,(anonymous_41)
FN:391,(anonymous_42)
FN:398,(anonymous_43)
FN:399,(anonymous_44)
FN:409,(anonymous_45)
FN:440,(anonymous_46)
FN:441,(anonymous_47)
FN:446,(anonymous_48)
FN:507,(anonymous_49)
FN:525,(anonymous_50)
FN:535,(anonymous_51)
FN:536,(anonymous_52)
FN:539,(anonymous_53)
FN:543,(anonymous_54)
FN:554,(anonymous_55)
FN:555,(anonymous_56)
FN:558,(anonymous_57)
FN:572,attachSession
FNF:59
FNH:26
FNDA:136,SessionClient
FNDA:28,(anonymous_1)
FNDA:28,(anonymous_2)
FNDA:0,(anonymous_3)
FNDA:0,(anonymous_4)
FNDA:0,(anonymous_5)
FNDA:28,(anonymous_6)
FNDA:0,(anonymous_7)
FNDA:0,(anonymous_8)
FNDA:83,(anonymous_9)
FNDA:68,(anonymous_10)
FNDA:24,(anonymous_11)
FNDA:3,(anonymous_12)
FNDA:63,(anonymous_13)
FNDA:8,(anonymous_14)
FNDA:71,(anonymous_15)
FNDA:0,(anonymous_16)
FNDA:0,(anonymous_17)
FNDA:0,(anonymous_18)
FNDA:5,(anonymous_19)
FNDA:0,(anonymous_20)
FNDA:0,(anonymous_21)
FNDA:0,(anonymous_22)
FNDA:0,(anonymous_23)
FNDA:0,(anonymous_24)
FNDA:51,(anonymous_25)
FNDA:6,(anonymous_26)
FNDA:8,(anonymous_27)
FNDA:51,(anonymous_28)
FNDA:28,(anonymous_29)
FNDA:0,handleResize
FNDA:0,(anonymous_31)
FNDA:51,(anonymous_32)
FNDA:0,(anonymous_33)
FNDA:0,(anonymous_34)
FNDA:0,(anonymous_35)
FNDA:0,(anonymous_36)
FNDA:0,(anonymous_37)
FNDA:51,(anonymous_38)
FNDA:28,(anonymous_39)
FNDA:0,(anonymous_40)
FNDA:0,(anonymous_41)
FNDA:0,(anonymous_42)
FNDA:28,(anonymous_43)
FNDA:28,(anonymous_44)
FNDA:0,(anonymous_45)
FNDA:13,(anonymous_46)
FNDA:0,(anonymous_47)
FNDA:1,(anonymous_48)
FNDA:0,(anonymous_49)
FNDA:0,(anonymous_50)
FNDA:0,(anonymous_51)
FNDA:84,(anonymous_52)
FNDA:0,(anonymous_53)
FNDA:0,(anonymous_54)
FNDA:0,(anonymous_55)
FNDA:0,(anonymous_56)
FNDA:0,(anonymous_57)
FNDA:9,attachSession
DA:27,1
DA:28,1
DA:29,1
DA:32,136
DA:33,136
DA:34,136
DA:35,136
DA:36,136
DA:38,136
DA:39,136
DA:40,136
DA:41,136
DA:42,136
DA:43,136
DA:44,136
DA:45,136
DA:48,136
DA:49,136
DA:50,28
DA:51,28
DA:54,136
DA:55,136
DA:56,136
DA:57,136
DA:59,136
DA:62,136
DA:63,0
DA:64,0
DA:66,136
DA:69,136
DA:70,28
DA:71,28
DA:72,28
DA:73,28
DA:75,0
DA:76,0
DA:77,0
DA:79,0
DA:80,0
DA:84,136
DA:85,83
DA:87,83
DA:88,83
DA:89,12
DA:90,12
DA:91,12
DA:92,12
DA:93,12
DA:96,71
DA:97,71
DA:99,68
DA:102,63
DA:103,46
DA:104,46
DA:105,63
DA:106,63
DA:107,2
DA:108,44
DA:109,24
DA:111,20
DA:114,8
DA:115,71
DA:119,136
DA:120,0
DA:124,0
DA:128,136
DA:129,0
DA:131,0
DA:132,0
DA:134,0
DA:136,0
DA:137,0
DA:138,0
DA:139,0
DA:141,0
DA:142,0
DA:143,0
DA:145,0
DA:152,0
DA:154,0
DA:155,0
DA:156,0
DA:157,0
DA:158,0
DA:159,0
DA:161,0
DA:169,0
DA:170,0
DA:171,0
DA:173,0
DA:174,0
DA:175,0
DA:177,0
DA:184,136
DA:185,5
DA:186,0
DA:188,0
DA:189,0
DA:192,5
DA:193,0
DA:194,0
DA:198,5
DA:199,0
DA:200,0
DA:201,0
DA:203,0
DA:207,5
DA:208,0
DA:210,0
DA:211,0
DA:213,0
DA:217,5
DA:218,0
DA:223,136
DA:224,51
DA:226,12
DA:227,12
DA:228,4
DA:229,4
DA:232,8
DA:235,8
DA:236,8
DA:237,6
DA:238,6
DA:239,6
DA:243,6
DA:244,6
DA:252,5
DA:254,1
DA:255,1
DA:258,5
DA:260,5
DA:261,5
DA:262,5
DA:263,5
DA:264,5
DA:265,5
DA:267,5
DA:275,6
DA:277,6
DA:278,6
DA:280,6
DA:283,8
DA:287,136
DA:288,51
DA:289,0
DA:293,136
DA:294,28
DA:295,0
DA:296,0
DA:297,0
DA:300,0
DA:301,0
DA:302,0
DA:304,0
DA:305,0
DA:306,0
DA:307,0
DA:309,0
DA:313,0
DA:315,0
DA:316,0
DA:320,136
DA:321,51
DA:322,0
DA:323,0
DA:324,0
DA:326,51
DA:327,0
DA:328,0
DA:329,0
DA:332,0
DA:333,0
DA:334,0
DA:335,0
DA:337,0
DA:338,0
DA:339,0
DA:347,0
DA:348,0
DA:350,0
DA:351,0
DA:352,0
DA:354,0
DA:356,0
DA:357,0
DA:358,0
DA:359,0
DA:364,136
DA:365,51
DA:366,12
DA:371,136
DA:372,28
DA:373,28
DA:375,0
DA:376,0
DA:377,0
DA:378,0
DA:379,0
DA:380,0
DA:381,0
DA:382,0
DA:383,0
DA:384,0
DA:385,0
DA:386,0
DA:389,0
DA:390,0
DA:391,0
DA:392,0
DA:393,0
DA:398,136
DA:399,28
DA:400,28
DA:401,28
DA:402,0
DA:403,0
DA:409,136
DA:410,0
DA:411,0
DA:412,0
DA:413,0
DA:414,0
DA:415,0
DA:416,0
DA:418,0
DA:421,136
DA:422,136
DA:427,136
DA:440,13
DA:443,0
DA:444,0
DA:446,1
DA:508,0
DA:509,0
DA:510,0
DA:511,0
DA:513,0
DA:514,0
DA:525,0
DA:535,0
DA:537,84
DA:539,0
DA:543,0
DA:554,0
DA:556,0
DA:558,0
DA:573,9
DA:574,9
DA:576,9
DA:577,9
DA:578,9
DA:581,9
DA:582,9
DA:583,9
DA:584,9
DA:587,9
LF:257
LH:127
BRDA:51,0,0,28
BRDA:51,0,1,28
BRDA:62,1,0,136
BRDA:62,1,1,135
BRDA:63,2,0,0
BRDA:63,2,1,0
BRDA:71,3,0,28
BRDA:71,3,1,0
BRDA:77,4,0,0
BRDA:77,4,1,0
BRDA:85,5,0,0
BRDA:85,5,1,83
BRDA:88,6,0,12
BRDA:88,6,1,71
BRDA:102,7,0,17
BRDA:102,7,1,46
BRDA:104,8,0,46
BRDA:104,8,1,29
BRDA:106,9,0,2
BRDA:106,9,1,44
BRDA:108,10,0,24
BRDA:108,10,1,20
BRDA:114,11,0,6
BRDA:114,11,1,2
BRDA:121,12,0,0
BRDA:121,12,1,0
BRDA:122,13,0,0
BRDA:122,13,1,0
BRDA:129,14,0,0
BRDA:129,14,1,0
BRDA:129,15,0,0
BRDA:129,15,1,0
BRDA:129,15,2,0
BRDA:137,16,0,0
BRDA:137,16,1,0
BRDA:139,17,0,0
BRDA:139,17,1,0
BRDA:142,18,0,0
BRDA:142,18,1,0
BRDA:143,19,0,0
BRDA:143,19,1,0
BRDA:152,20,0,0
BRDA:152,20,1,0
BRDA:163,21,0,0
BRDA:163,21,1,0
BRDA:173,22,0,0
BRDA:173,22,1,0
BRDA:186,23,0,0
BRDA:186,23,1,0
BRDA:193,24,0,0
BRDA:193,24,1,0
BRDA:193,25,0,0
BRDA:193,25,1,0
BRDA:199,26,0,0
BRDA:199,26,1,0
BRDA:200,27,0,0
BRDA:200,27,1,0
BRDA:208,28,0,0
BRDA:208,28,1,0
BRDA:210,29,0,0
BRDA:210,29,1,0
BRDA:210,30,0,0
BRDA:210,30,1,0
BRDA:224,31,0,39
BRDA:224,31,1,12
BRDA:224,32,0,51
BRDA:224,32,1,12
BRDA:224,32,2,12
BRDA:227,33,0,4
BRDA:227,33,1,8
BRDA:237,34,0,6
BRDA:237,34,1,6
BRDA:238,35,0,6
BRDA:238,35,1,0
BRDA:246,36,0,6
BRDA:246,36,1,6
BRDA:247,37,0,6
BRDA:247,37,1,6
BRDA:254,38,0,1
BRDA:254,38,1,0
BRDA:258,39,0,0
BRDA:258,39,1,5
BRDA:269,40,0,5
BRDA:269,40,1,0
BRDA:288,41,0,51
BRDA:288,41,1,0
BRDA:288,42,0,51
BRDA:288,42,1,0
BRDA:288,42,2,0
BRDA:294,43,0,28
BRDA:294,43,1,0
BRDA:294,44,0,28
BRDA:294,44,1,0
BRDA:302,45,0,0
BRDA:302,45,1,0
BRDA:302,46,0,0
BRDA:302,46,1,0
BRDA:306,47,0,0
BRDA:306,47,1,0
BRDA:306,48,0,0
BRDA:306,48,1,0
BRDA:321,49,0,51
BRDA:321,49,1,0
BRDA:324,50,0,0
BRDA:324,50,1,0
BRDA:326,51,0,0
BRDA:326,51,1,51
BRDA:326,52,0,51
BRDA:326,52,1,0
BRDA:333,53,0,0
BRDA:333,53,1,0
BRDA:338,54,0,0
BRDA:338,54,1,0
BRDA:348,55,0,0
BRDA:348,55,1,0
BRDA:350,56,0,0
BRDA:350,56,1,0
BRDA:351,57,0,0
BRDA:351,57,1,0
BRDA:351,58,0,0
BRDA:351,58,1,0
BRDA:351,58,2,0
BRDA:351,58,3,0
BRDA:365,59,0,12
BRDA:365,59,1,39
BRDA:365,60,0,51
BRDA:365,60,1,12
BRDA:373,61,0,28
BRDA:373,61,1,0
BRDA:373,62,0,28
BRDA:373,62,1,28
BRDA:380,63,0,0
BRDA:380,63,1,0
BRDA:380,64,0,0
BRDA:380,64,1,0
BRDA:380,64,2,0
BRDA:384,65,0,0
BRDA:384,65,1,0
BRDA:401,66,0,0
BRDA:401,66,1,28
BRDA:410,67,0,0
BRDA:410,67,1,0
BRDA:410,68,0,0
BRDA:410,68,1,0
BRDA:412,69,0,0
BRDA:412,69,1,0
BRDA:422,70,0,37
BRDA:422,70,1,98
BRDA:423,71,0,6
BRDA:423,71,1,31
BRDA:452,72,0,51
BRDA:452,72,1,84
BRDA:458,73,0,136
BRDA:458,73,1,0
BRDA:458,73,2,0
BRDA:474,74,0,136
BRDA:474,74,1,0
BRDA:487,75,0,136
BRDA:487,75,1,54
BRDA:487,75,2,47
BRDA:487,75,3,47
BRDA:494,76,0,136
BRDA:494,76,1,0
BRDA:509,77,0,0
BRDA:509,77,1,0
BRDA:520,78,0,136
BRDA:520,78,1,9
BRDA:520,78,2,9
BRDA:520,78,3,9
BRDA:520,78,4,9
BRDA:530,79,0,136
BRDA:530,79,1,30
BRDA:538,80,0,84
BRDA:538,80,1,0
BRDA:539,81,0,30
BRDA:539,81,1,54
BRDA:539,82,0,84
BRDA:539,82,1,84
BRDA:549,83,0,136
BRDA:549,83,1,0
BRDA:557,84,0,0
BRDA:557,84,1,0
BRDA:558,85,0,0
BRDA:558,85,1,0
BRDA:558,86,0,0
BRDA:558,86,1,0
BRDA:576,87,0,9
BRDA:576,87,1,0
BRDA:583,88,0,9
BRDA:583,88,1,0
BRDA:583,89,0,9
BRDA:583,89,1,9
BRF:192
BRH:80
end_of_record
TN:
SF:src\pages\SetupWizard.tsx
FN:10,SetupWizard
FN:18,handleSubmit
FN:66,(anonymous_2)
FN:80,(anonymous_3)
FN:100,(anonymous_4)
FN:110,(anonymous_5)
FN:122,(anonymous_6)
FNF:7
FNH:6
FNDA:57,SetupWizard
FNDA:8,handleSubmit
FNDA:171,(anonymous_2)
FNDA:4,(anonymous_3)
FNDA:17,(anonymous_4)
FNDA:7,(anonymous_5)
FNDA:0,(anonymous_6)
DA:11,57
DA:12,57
DA:13,57
DA:14,57
DA:15,57
DA:16,57
DA:19,8
DA:20,8
DA:22,8
DA:24,8
DA:25,6
DA:26,6
DA:27,2
DA:28,1
DA:29,1
DA:30,1
DA:31,1
DA:34,8
DA:35,8
DA:36,1
DA:38,2
DA:40,3
DA:44,57
DA:67,171
DA:80,4
DA:100,17
DA:110,7
DA:122,0
LF:28
LH:27
BRDA:24,0,0,6
BRDA:24,0,1,2
BRDA:26,1,0,6
BRDA:26,1,1,0
BRDA:27,2,0,1
BRDA:27,2,1,1
BRDA:29,3,0,1
BRDA:29,3,1,0
BRDA:30,4,0,1
BRDA:30,4,1,0
BRDA:31,5,0,1
BRDA:31,5,1,0
BRDA:38,6,0,1
BRDA:38,6,1,1
BRDA:53,7,0,57
BRDA:53,7,1,2
BRDA:70,8,0,57
BRDA:70,8,1,114
BRDA:92,9,0,57
BRDA:92,9,1,27
BRDA:116,10,0,57
BRDA:116,10,1,54
BRDA:128,11,0,8
BRDA:128,11,1,49
BRF:24
BRH:20
end_of_record
TN:
SF:src\pages\SharedViewer.tsx
FN:11,SharedViewer
FN:20,(anonymous_1)
FN:25,(anonymous_2)
FN:44,(anonymous_3)
FN:52,(anonymous_4)
FN:53,(anonymous_5)
FN:56,(anonymous_6)
FN:66,(anonymous_7)
FN:69,(anonymous_8)
FN:73,(anonymous_9)
FN:76,(anonymous_10)
FN:95,(anonymous_11)
FN:107,(anonymous_12)
FNF:13
FNH:10
FNDA:37,SharedViewer
FNDA:26,(anonymous_1)
FNDA:26,(anonymous_2)
FNDA:0,(anonymous_3)
FNDA:0,(anonymous_4)
FNDA:0,(anonymous_5)
FNDA:1,(anonymous_6)
FNDA:2,(anonymous_7)
FNDA:4,(anonymous_8)
FNDA:3,(anonymous_9)
FNDA:2,(anonymous_10)
FNDA:1,(anonymous_11)
FNDA:26,(anonymous_12)
DA:12,37
DA:13,37
DA:14,37
DA:15,37
DA:16,37
DA:17,37
DA:18,37
DA:20,37
DA:21,26
DA:22,26
DA:25,37
DA:26,26
DA:28,26
DA:29,26
DA:30,26
DA:32,26
DA:33,26
DA:34,26
DA:35,26
DA:37,26
DA:38,26
DA:39,26
DA:40,26
DA:43,26
DA:44,26
DA:45,0
DA:49,26
DA:50,26
DA:51,3
DA:52,3
DA:53,3
DA:56,26
DA:57,1
DA:58,1
DA:59,1
DA:60,1
DA:61,1
DA:62,1
DA:63,0
DA:66,26
DA:67,2
DA:69,26
DA:70,4
DA:73,26
DA:74,3
DA:75,2
DA:76,2
DA:77,2
DA:78,2
DA:79,2
DA:80,2
DA:81,2
DA:82,0
DA:88,26
DA:89,26
DA:90,26
DA:91,26
DA:93,26
DA:95,26
DA:96,1
DA:97,1
DA:98,1
DA:99,1
DA:100,1
DA:101,0
DA:103,1
DA:105,26
DA:107,26
DA:108,26
DA:109,26
DA:113,37
LF:71
LH:67
BRDA:22,0,0,3
BRDA:22,0,1,23
BRDA:26,1,0,0
BRDA:26,1,1,26
BRDA:26,2,0,26
BRDA:26,2,1,26
BRDA:28,3,0,0
BRDA:28,3,1,26
BRDA:30,4,0,26
BRDA:30,4,1,0
BRDA:50,5,0,3
BRDA:50,5,1,23
BRDA:59,6,0,0
BRDA:59,6,1,1
BRDA:59,7,0,1
BRDA:59,7,1,1
BRDA:62,8,0,1
BRDA:62,8,1,0
BRDA:62,9,0,1
BRDA:62,9,1,0
BRDA:67,10,0,2
BRDA:67,10,1,1
BRDA:70,11,0,4
BRDA:70,11,1,2
BRDA:74,12,0,2
BRDA:74,12,1,1
BRDA:81,13,0,0
BRDA:81,13,1,2
BRDA:81,14,0,2
BRDA:81,14,1,2
BRDA:81,14,2,2
BRDA:81,14,3,0
BRDA:100,15,0,0
BRDA:100,15,1,1
BRDA:100,16,0,1
BRDA:100,16,1,1
BRDA:100,16,2,1
BRDA:100,16,3,0
BRDA:134,17,0,2
BRDA:134,17,1,35
BRDA:135,18,0,1
BRDA:135,18,1,1
BRDA:149,19,0,37
BRDA:149,19,1,6
BRF:44
BRH:34
end_of_record
TN:
SF:src\pages\TiledView.tsx
FN:13,computeGrid
FN:20,TiledView
FN:36,(anonymous_2)
FN:38,(anonymous_3)
FN:38,(anonymous_4)
FN:43,(anonymous_5)
FN:46,(anonymous_6)
FN:50,(anonymous_7)
FN:54,(anonymous_8)
FN:58,(anonymous_9)
FN:63,(anonymous_10)
FN:65,(anonymous_11)
FN:66,(anonymous_12)
FN:69,(anonymous_13)
FN:77,(anonymous_14)
FN:78,(anonymous_15)
FN:88,(anonymous_16)
FN:96,(anonymous_17)
FN:97,(anonymous_18)
FN:101,(anonymous_19)
FN:105,(anonymous_20)
FN:119,(anonymous_21)
FN:129,(anonymous_22)
FN:139,(anonymous_23)
FN:144,(anonymous_24)
FN:149,(anonymous_25)
FN:178,(anonymous_26)
FN:183,(anonymous_27)
FN:184,(anonymous_28)
FN:186,(anonymous_29)
FN:197,TiledTile
FN:216,(anonymous_31)
FN:226,(anonymous_32)
FN:231,rescale
FN:243,(anonymous_34)
FN:292,(anonymous_35)
FN:325,(anonymous_36)
FN:339,(anonymous_37)
FN:355,(anonymous_38)
FN:361,(anonymous_39)
FN:361,(anonymous_40)
FNF:41
FNH:37
FNDA:33,computeGrid
FNDA:32,TiledView
FNDA:31,(anonymous_2)
FNDA:62,(anonymous_3)
FNDA:93,(anonymous_4)
FNDA:22,(anonymous_5)
FNDA:22,(anonymous_6)
FNDA:0,(anonymous_7)
FNDA:0,(anonymous_8)
FNDA:22,(anonymous_9)
FNDA:27,(anonymous_10)
FNDA:4,(anonymous_11)
FNDA:4,(anonymous_12)
FNDA:27,(anonymous_13)
FNDA:1,(anonymous_14)
FNDA:1,(anonymous_15)
FNDA:1,(anonymous_16)
FNDA:27,(anonymous_17)
FNDA:54,(anonymous_18)
FNDA:1,(anonymous_19)
FNDA:1,(anonymous_20)
FNDA:11,(anonymous_21)
FNDA:27,(anonymous_22)
FNDA:2,(anonymous_23)
FNDA:4,(anonymous_24)
FNDA:1,(anonymous_25)
FNDA:62,(anonymous_26)
FNDA:4,(anonymous_27)
FNDA:2,(anonymous_28)
FNDA:1,(anonymous_29)
FNDA:54,TiledTile
FNDA:44,(anonymous_31)
FNDA:44,(anonymous_32)
FNDA:44,rescale
FNDA:44,(anonymous_34)
FNDA:2,(anonymous_35)
FNDA:3,(anonymous_36)
FNDA:1,(anonymous_37)
FNDA:8,(anonymous_38)
FNDA:0,(anonymous_39)
FNDA:0,(anonymous_40)
DA:14,33
DA:15,30
DA:16,30
DA:17,30
DA:21,32
DA:22,32
DA:29,32
DA:31,32
DA:33,32
DA:36,32
DA:37,31
DA:38,93
DA:43,32
DA:46,32
DA:47,22
DA:48,22
DA:49,0
DA:50,0
DA:51,0
DA:53,0
DA:54,0
DA:58,32
DA:59,22
DA:63,32
DA:64,27
DA:65,54
DA:66,4
DA:69,27
DA:70,27
DA:71,54
DA:77,32
DA:78,1
DA:79,1
DA:80,1
DA:81,1
DA:82,2
DA:83,2
DA:84,2
DA:85,2
DA:86,2
DA:88,1
DA:89,1
DA:90,1
DA:91,1
DA:96,32
DA:97,54
DA:100,27
DA:101,27
DA:102,1
DA:103,1
DA:105,27
DA:106,1
DA:111,27
DA:112,54
DA:113,27
DA:114,27
DA:119,27
DA:120,11
DA:121,11
DA:122,11
DA:124,11
DA:125,11
DA:127,27
DA:129,27
DA:130,27
DA:131,27
DA:132,27
DA:133,27
DA:139,32
DA:140,2
DA:144,32
DA:145,4
DA:147,2
DA:149,1
DA:154,2
DA:155,2
DA:159,32
DA:161,31
DA:179,62
DA:183,4
DA:184,2
DA:186,1
DA:212,54
DA:213,54
DA:216,54
DA:217,44
DA:218,44
DA:219,44
DA:220,44
DA:221,44
DA:226,54
DA:227,44
DA:228,44
DA:229,44
DA:232,44
DA:233,44
DA:234,44
DA:235,44
DA:236,44
DA:237,0
DA:240,44
DA:241,44
DA:242,44
DA:243,44
DA:246,54
DA:292,2
DA:325,3
DA:340,1
DA:341,1
DA:342,1
DA:356,8
DA:361,0
LF:112
LH:105
BRDA:14,0,0,3
BRDA:14,0,1,30
BRDA:48,1,0,22
BRDA:48,1,1,0
BRDA:51,2,0,0
BRDA:51,2,1,0
BRDA:59,3,0,0
BRDA:59,3,1,22
BRDA:79,4,0,0
BRDA:79,4,1,1
BRDA:80,5,0,1
BRDA:80,5,1,0
BRDA:82,6,0,2
BRDA:82,6,1,2
BRDA:112,7,0,27
BRDA:112,7,1,27
BRDA:120,8,0,0
BRDA:120,8,1,11
BRDA:121,9,0,0
BRDA:121,9,1,11
BRDA:122,10,0,0
BRDA:122,10,1,11
BRDA:122,11,0,11
BRDA:122,11,1,0
BRDA:122,11,2,0
BRDA:122,11,3,0
BRDA:124,12,0,0
BRDA:124,12,1,11
BRDA:124,13,0,11
BRDA:124,13,1,11
BRDA:145,14,0,2
BRDA:145,14,1,2
BRDA:145,15,0,4
BRDA:145,15,1,2
BRDA:148,16,0,1
BRDA:148,16,1,1
BRDA:159,17,0,0
BRDA:159,17,1,32
BRDA:185,18,0,62
BRDA:185,18,1,54
BRDA:218,19,0,0
BRDA:218,19,1,44
BRDA:220,20,0,44
BRDA:220,20,1,0
BRDA:228,21,0,0
BRDA:228,21,1,44
BRDA:236,22,0,44
BRDA:236,22,1,0
BRDA:236,23,0,44
BRDA:236,23,1,0
BRDA:236,23,2,0
BRDA:236,23,3,0
BRDA:253,24,0,27
BRDA:253,24,1,27
BRDA:266,25,0,27
BRDA:266,25,1,27
BRDA:267,26,0,27
BRDA:267,26,1,27
BRDA:282,27,0,27
BRDA:282,27,1,27
BRDA:283,28,0,27
BRDA:283,28,1,27
BRDA:318,29,0,4
BRDA:318,29,1,50
BRDA:323,30,0,54
BRDA:323,30,1,4
BRDA:358,31,0,3
BRDA:358,31,1,5
BRDA:360,32,0,8
BRDA:360,32,1,8
BRDA:385,33,0,54
BRDA:385,33,1,0
BRDA:385,33,2,0
BRF:73
BRH:50
end_of_record
