TN:
SF:src\App.tsx
FN:16,App
FN:48,handleLogin
FN:53,handleLogout
FNF:3
FNH:1
FNDA:5,App
FNDA:0,handleLogin
FNDA:0,handleLogout
DA:1,1
DA:16,5
DA:17,5
DA:18,5
DA:20,5
DA:21,2
DA:22,2
DA:23,2
DA:24,2
DA:25,2
DA:27,0
DA:29,0
DA:30,0
DA:31,0
DA:32,0
DA:33,0
DA:34,0
DA:35,0
DA:36,0
DA:37,0
DA:38,2
DA:40,0
DA:41,0
DA:42,5
DA:44,5
DA:45,2
DA:46,5
DA:48,5
DA:49,0
DA:50,0
DA:51,0
DA:53,5
DA:54,0
DA:55,0
DA:56,0
DA:57,0
DA:59,5
DA:60,2
DA:61,2
DA:62,2
DA:63,2
DA:64,2
DA:65,2
DA:66,2
DA:67,2
DA:69,2
DA:71,3
DA:72,3
DA:73,3
DA:74,3
DA:75,3
DA:76,3
DA:77,3
DA:79,3
DA:81,0
DA:82,0
DA:83,0
DA:84,0
DA:85,0
DA:86,0
DA:87,0
DA:88,0
DA:89,0
DA:90,0
DA:91,0
DA:92,0
DA:93,0
DA:94,0
DA:95,0
DA:96,0
DA:97,0
DA:98,0
DA:100,0
LF:73
LH:35
BRDA:16,0,0,5
BRDA:59,1,0,2
BRDA:69,2,0,3
BRDA:79,3,0,0
BRDA:20,4,0,2
BRDA:25,5,0,0
BRDA:38,6,0,0
BRDA:44,7,0,2
BRF:8
BRH:5
end_of_record
TN:
SF:src\api.ts
FN:6,request
FN:24,ApiError
FN:38,initialize
FN:49,getStatus
FN:68,login
FN:71,logout
FN:97,getMe
FN:101,getSettings
FN:103,updateSettings
FN:111,updateAuthMethods
FN:114,updateSso
FN:117,testSsoConnection
FN:120,updateKerberos
FN:137,getKerberosRealms
FN:140,createKerberosRealm
FN:153,updateKerberosRealm
FN:166,deleteKerberosRealm
FN:208,getAdSyncConfigs
FN:210,createAdSyncConfig
FN:213,updateAdSyncConfig
FN:216,deleteAdSyncConfig
FN:219,triggerAdSync
FN:222,testAdSyncConnection
FN:225,getAdSyncRuns
FN:228,updateVault
FN:231,updateRecordings
FN:267,getServiceHealth
FN:276,getRoles
FN:277,createRole
FN:296,getConnections
FN:298,getMyConnections
FN:300,createConnection
FN:303,updateConnection
FN:306,deleteConnection
FN:317,getConnectionGroups
FN:319,createConnectionGroup
FN:322,updateConnectionGroup
FN:325,deleteConnectionGroup
FN:328,updateRoleConnections
FN:343,getUsers
FN:347,updateCredential
FN:371,getCredentialProfiles
FN:374,createCredentialProfile
FN:380,updateCredentialProfile
FN:386,deleteCredentialProfile
FN:389,getProfileMappings
FN:392,setCredentialMapping
FN:398,removeCredentialMapping
FN:408,getConnectionInfo
FN:423,getAuditLogs
FN:437,createTunnelTicket
FN:451,createShareLink
FN:457,revokeShareLink
FN:462,getFavorites
FN:464,toggleFavorite
FN:485,getActiveSessions
FN:492,buildNvrObserveUrl
FN:511,getMetrics
FNF:58
FNH:58
FNDA:59,request
FNDA:3,ApiError
FNDA:1,initialize
FNDA:4,getStatus
FNDA:1,login
FNDA:1,logout
FNDA:1,getMe
FNDA:1,getSettings
FNDA:1,updateSettings
FNDA:1,updateAuthMethods
FNDA:1,updateSso
FNDA:1,testSsoConnection
FNDA:1,updateKerberos
FNDA:1,getKerberosRealms
FNDA:1,createKerberosRealm
FNDA:1,updateKerberosRealm
FNDA:1,deleteKerberosRealm
FNDA:1,getAdSyncConfigs
FNDA:1,createAdSyncConfig
FNDA:1,updateAdSyncConfig
FNDA:1,deleteAdSyncConfig
FNDA:1,triggerAdSync
FNDA:1,testAdSyncConnection
FNDA:1,getAdSyncRuns
FNDA:1,updateVault
FNDA:1,updateRecordings
FNDA:1,getServiceHealth
FNDA:1,getRoles
FNDA:1,createRole
FNDA:1,getConnections
FNDA:1,getMyConnections
FNDA:1,createConnection
FNDA:1,updateConnection
FNDA:1,deleteConnection
FNDA:1,getConnectionGroups
FNDA:1,createConnectionGroup
FNDA:1,updateConnectionGroup
FNDA:1,deleteConnectionGroup
FNDA:1,updateRoleConnections
FNDA:1,getUsers
FNDA:1,updateCredential
FNDA:1,getCredentialProfiles
FNDA:1,createCredentialProfile
FNDA:1,updateCredentialProfile
FNDA:1,deleteCredentialProfile
FNDA:1,getProfileMappings
FNDA:1,setCredentialMapping
FNDA:1,removeCredentialMapping
FNDA:1,getConnectionInfo
FNDA:2,getAuditLogs
FNDA:1,createTunnelTicket
FNDA:2,createShareLink
FNDA:1,revokeShareLink
FNDA:1,getFavorites
FNDA:1,toggleFavorite
FNDA:1,getActiveSessions
FNDA:4,buildNvrObserveUrl
FNDA:1,getMetrics
DA:4,1
DA:6,59
DA:7,59
DA:8,59
DA:9,59
DA:10,59
DA:11,59
DA:13,59
DA:15,59
DA:16,1
DA:17,1
DA:18,1
DA:20,58
DA:21,58
DA:23,1
DA:24,1
DA:25,3
DA:26,3
DA:27,1
DA:38,1
DA:39,1
DA:49,1
DA:68,1
DA:69,1
DA:71,1
DA:72,1
DA:73,1
DA:74,1
DA:75,1
DA:76,1
DA:77,1
DA:78,1
DA:79,0
DA:80,1
DA:82,1
DA:83,1
DA:84,1
DA:97,1
DA:101,1
DA:103,1
DA:104,1
DA:111,1
DA:112,1
DA:114,1
DA:115,1
DA:117,1
DA:118,1
DA:120,1
DA:121,1
DA:137,1
DA:138,1
DA:140,1
DA:148,1
DA:149,1
DA:150,1
DA:151,1
DA:153,1
DA:161,1
DA:162,1
DA:163,1
DA:164,1
DA:166,1
DA:167,1
DA:208,1
DA:210,1
DA:211,1
DA:213,1
DA:214,1
DA:216,1
DA:217,1
DA:219,1
DA:220,1
DA:222,1
DA:223,1
DA:225,1
DA:226,1
DA:228,1
DA:229,1
DA:231,1
DA:239,1
DA:267,1
DA:276,1
DA:277,1
DA:278,1
DA:296,1
DA:298,1
DA:300,1
DA:301,1
DA:303,1
DA:304,1
DA:306,1
DA:307,1
DA:317,1
DA:319,1
DA:320,1
DA:322,1
DA:323,1
DA:325,1
DA:326,1
DA:328,1
DA:329,1
DA:330,1
DA:331,1
DA:332,1
DA:343,1
DA:347,1
DA:348,1
DA:349,1
DA:350,1
DA:351,1
DA:371,1
DA:372,1
DA:374,1
DA:375,1
DA:376,1
DA:377,1
DA:378,1
DA:380,1
DA:381,1
DA:382,1
DA:383,1
DA:384,1
DA:386,1
DA:387,1
DA:389,1
DA:390,1
DA:392,1
DA:393,1
DA:394,1
DA:395,1
DA:396,1
DA:398,1
DA:399,1
DA:408,1
DA:409,1
DA:423,1
DA:424,2
DA:437,1
DA:438,1
DA:439,1
DA:440,1
DA:441,1
DA:451,1
DA:452,2
DA:453,2
DA:454,2
DA:455,2
DA:457,1
DA:458,1
DA:462,1
DA:464,1
DA:465,1
DA:466,1
DA:467,1
DA:468,1
DA:485,1
DA:492,1
DA:493,4
DA:494,4
DA:495,4
DA:496,4
DA:497,4
DA:498,4
DA:499,4
DA:511,1
LF:165
LH:164
BRDA:6,0,0,59
BRDA:10,1,0,1
BRDA:10,2,0,58
BRDA:15,3,0,1
BRDA:17,4,0,0
BRDA:18,5,0,58
BRDA:24,6,0,3
BRDA:38,7,0,1
BRDA:49,8,0,4
BRDA:68,9,0,1
BRDA:71,10,0,1
BRDA:78,11,0,0
BRDA:97,12,0,1
BRDA:101,13,0,1
BRDA:103,14,0,1
BRDA:111,15,0,1
BRDA:114,16,0,1
BRDA:117,17,0,1
BRDA:120,18,0,1
BRDA:137,19,0,1
BRDA:140,20,0,1
BRDA:153,21,0,1
BRDA:166,22,0,1
BRDA:208,23,0,1
BRDA:210,24,0,1
BRDA:213,25,0,1
BRDA:216,26,0,1
BRDA:219,27,0,1
BRDA:222,28,0,1
BRDA:225,29,0,1
BRDA:228,30,0,1
BRDA:231,31,0,1
BRDA:267,32,0,1
BRDA:276,33,0,1
BRDA:277,34,0,1
BRDA:296,35,0,1
BRDA:298,36,0,1
BRDA:300,37,0,1
BRDA:303,38,0,1
BRDA:306,39,0,1
BRDA:317,40,0,1
BRDA:319,41,0,1
BRDA:322,42,0,1
BRDA:325,43,0,1
BRDA:328,44,0,1
BRDA:343,45,0,1
BRDA:347,46,0,1
BRDA:371,47,0,1
BRDA:374,48,0,1
BRDA:380,49,0,1
BRDA:386,50,0,1
BRDA:389,51,0,1
BRDA:392,52,0,1
BRDA:398,53,0,1
BRDA:408,54,0,1
BRDA:423,55,0,2
BRDA:437,56,0,1
BRDA:451,57,0,2
BRDA:457,58,0,1
BRDA:462,59,0,1
BRDA:464,60,0,1
BRDA:485,61,0,1
BRDA:492,62,0,4
BRDA:493,63,0,1
BRDA:493,64,0,3
BRDA:496,65,0,1
BRDA:511,66,0,1
BRF:67
BRH:65
end_of_record
TN:
SF:src\components\FileBrowser.tsx
FN:20,FileBrowser
FN:37,reader.ontext
FN:38,reader.onend
FN:163,onClick
FN:254,onChange
FN:264,onClick
FNF:6
FNH:1
FNDA:10,FileBrowser
FNDA:0,reader.ontext
FNDA:0,reader.onend
FNDA:0,onClick
FNDA:0,onChange
FNDA:0,onClick
DA:1,1
DA:20,10
DA:21,10
DA:22,10
DA:23,10
DA:24,10
DA:25,10
DA:26,10
DA:28,10
DA:29,5
DA:30,5
DA:32,5
DA:34,5
DA:35,5
DA:36,5
DA:37,5
DA:38,5
DA:39,0
DA:40,0
DA:41,0
DA:42,0
DA:43,0
DA:44,0
DA:45,0
DA:46,0
DA:47,0
DA:48,0
DA:49,0
DA:50,0
DA:51,0
DA:52,0
DA:53,0
DA:54,0
DA:55,0
DA:56,0
DA:57,0
DA:58,0
DA:59,0
DA:60,0
DA:61,5
DA:62,0
DA:63,0
DA:64,5
DA:65,10
DA:68,10
DA:69,5
DA:70,5
DA:71,5
DA:73,10
DA:74,0
DA:75,0
DA:76,0
DA:77,10
DA:79,10
DA:80,0
DA:81,0
DA:82,0
DA:83,10
DA:85,10
DA:86,0
DA:87,0
DA:88,0
DA:89,0
DA:90,0
DA:91,0
DA:92,0
DA:93,0
DA:94,0
DA:95,0
DA:96,0
DA:97,0
DA:98,0
DA:99,0
DA:100,0
DA:101,10
DA:103,10
DA:104,0
DA:105,0
DA:106,0
DA:107,0
DA:108,0
DA:110,0
DA:111,0
DA:113,0
DA:114,0
DA:115,0
DA:116,0
DA:117,0
DA:118,0
DA:119,0
DA:121,0
DA:122,0
DA:124,0
DA:125,0
DA:126,0
DA:127,0
DA:128,0
DA:130,0
DA:131,0
DA:132,0
DA:134,0
DA:135,0
DA:136,10
DA:138,10
DA:139,10
DA:141,10
DA:142,10
DA:143,10
DA:144,10
DA:145,10
DA:146,10
DA:147,10
DA:149,10
DA:150,10
DA:153,10
DA:154,10
DA:155,10
DA:156,10
DA:157,10
DA:158,10
DA:159,10
DA:160,10
DA:162,10
DA:163,10
DA:164,10
DA:165,10
DA:166,10
DA:167,10
DA:168,10
DA:169,10
DA:170,10
DA:171,10
DA:173,10
DA:174,10
DA:175,10
DA:176,10
DA:177,10
DA:178,0
DA:179,0
DA:180,0
DA:181,0
DA:182,0
DA:183,0
DA:184,0
DA:185,0
DA:186,0
DA:187,0
DA:188,0
DA:189,0
DA:191,0
DA:192,0
DA:193,0
DA:194,10
DA:195,10
DA:198,10
DA:199,10
DA:200,10
DA:201,10
DA:202,10
DA:203,10
DA:204,10
DA:205,10
DA:207,10
DA:208,5
DA:209,5
DA:210,5
DA:212,0
DA:213,0
DA:214,0
DA:215,0
DA:216,0
DA:217,0
DA:218,0
DA:219,0
DA:220,0
DA:221,0
DA:222,0
DA:223,0
DA:224,0
DA:225,0
DA:226,0
DA:227,0
DA:228,0
DA:229,0
DA:231,0
DA:232,0
DA:233,0
DA:234,0
DA:236,0
DA:237,0
DA:238,0
DA:240,0
DA:241,0
DA:242,0
DA:243,0
DA:244,0
DA:246,10
DA:249,10
DA:250,10
DA:251,10
DA:252,10
DA:253,10
DA:254,10
DA:255,0
DA:256,0
DA:257,0
DA:258,0
DA:259,0
DA:260,10
DA:261,10
DA:262,10
DA:263,10
DA:264,10
DA:266,10
DA:267,10
DA:268,10
DA:270,10
DA:273,10
DA:274,0
DA:275,0
DA:276,0
DA:277,0
DA:278,0
DA:279,0
DA:280,0
DA:281,0
DA:282,0
DA:283,0
DA:284,0
DA:285,0
DA:286,0
DA:287,0
DA:288,0
DA:290,10
DA:292,10
LF:235
LH:99
BRDA:20,0,0,10
BRDA:68,1,0,5
BRDA:207,2,0,5
BRDA:208,3,0,5
BRDA:210,4,0,0
BRDA:273,5,0,0
BRDA:28,6,0,5
BRDA:32,7,0,5
BRDA:61,8,0,0
BRF:9
BRH:6
end_of_record
TN:
SF:src\components\Layout.tsx
FN:7,useSidebarWidth
FN:35,Layout
FN:131,onClick
FNF:3
FNH:1
FNDA:0,useSidebarWidth
FNDA:3,Layout
FNDA:0,onClick
DA:1,1
DA:6,1
DA:7,1
DA:9,1
DA:10,1
DA:12,1
DA:13,1
DA:14,1
DA:15,1
DA:16,1
DA:17,1
DA:18,1
DA:19,1
DA:20,1
DA:21,1
DA:22,1
DA:23,1
DA:24,1
DA:25,1
DA:26,1
DA:27,1
DA:28,1
DA:29,1
DA:30,1
DA:31,1
DA:32,1
DA:33,1
DA:35,3
DA:36,3
DA:37,3
DA:38,3
DA:39,3
DA:41,3
DA:42,3
DA:43,3
DA:45,3
DA:46,3
DA:47,3
DA:48,3
DA:49,3
DA:50,3
DA:51,3
DA:52,3
DA:54,3
DA:56,3
DA:57,3
DA:58,3
DA:59,3
DA:60,3
DA:61,3
DA:62,3
DA:65,3
DA:66,3
DA:67,12
DA:68,3
DA:69,9
DA:70,12
DA:71,12
DA:72,12
DA:73,12
DA:74,12
DA:75,12
DA:76,12
DA:77,3
DA:78,9
DA:79,12
DA:80,12
DA:82,12
DA:83,12
DA:84,12
DA:86,3
DA:87,3
DA:88,3
DA:91,3
DA:92,3
DA:93,3
DA:94,3
DA:96,3
DA:98,3
DA:99,3
DA:100,3
DA:102,3
DA:104,3
DA:105,3
DA:109,3
DA:110,3
DA:111,3
DA:112,3
DA:114,3
DA:115,3
DA:116,3
DA:117,3
DA:119,0
DA:120,0
DA:121,0
DA:123,3
DA:124,3
DA:126,3
DA:129,3
DA:130,3
DA:131,3
DA:132,3
DA:134,3
DA:135,3
DA:136,3
DA:137,3
DA:138,3
DA:139,3
DA:140,3
DA:143,3
DA:144,3
DA:145,3
DA:147,3
DA:148,3
DA:149,3
DA:150,3
DA:152,3
LF:117
LH:114
BRDA:35,0,0,3
BRDA:38,1,0,0
BRDA:49,2,0,0
BRDA:56,3,0,0
BRDA:58,4,0,0
BRDA:117,5,0,0
BRDA:124,6,0,0
BRDA:124,7,0,0
BRDA:132,8,0,0
BRDA:135,9,0,0
BRDA:66,10,0,12
BRDA:67,11,0,3
BRDA:68,12,0,0
BRDA:68,13,0,9
BRDA:75,14,0,0
BRDA:76,15,0,3
BRDA:77,16,0,9
BRDA:80,17,0,0
BRF:18
BRH:6
end_of_record
TN:
SF:src\components\Select.tsx
FN:16,Select
FN:42,handleOutside
FN:54,handleScroll
FN:68,onClick
FN:91,onClick
FNF:5
FNH:4
FNDA:54,Select
FNDA:9,handleOutside
FNDA:0,handleScroll
FNDA:5,onClick
FNDA:2,onClick
DA:1,1
DA:16,54
DA:17,54
DA:18,54
DA:19,54
DA:20,54
DA:22,54
DA:24,54
DA:25,5
DA:26,5
DA:27,5
DA:28,5
DA:29,5
DA:31,5
DA:32,5
DA:33,5
DA:34,5
DA:35,5
DA:36,0
DA:37,5
DA:38,5
DA:39,54
DA:41,54
DA:42,16
DA:43,9
DA:44,9
DA:45,2
DA:46,9
DA:47,16
DA:48,16
DA:49,54
DA:51,54
DA:52,29
DA:53,5
DA:54,5
DA:55,5
DA:56,5
DA:57,5
DA:58,5
DA:59,5
DA:60,5
DA:61,54
DA:63,54
DA:64,54
DA:65,54
DA:66,54
DA:67,54
DA:68,54
DA:69,54
DA:70,54
DA:72,54
DA:73,54
DA:74,54
DA:75,54
DA:76,54
DA:77,54
DA:78,54
DA:80,54
DA:81,54
DA:82,54
DA:83,54
DA:84,10
DA:85,10
DA:86,30
DA:87,30
DA:88,30
DA:89,30
DA:90,30
DA:91,30
DA:93,30
DA:94,30
DA:95,2
DA:96,2
DA:97,2
DA:99,30
DA:100,10
DA:101,10
DA:102,10
DA:103,10
DA:104,54
DA:106,54
LF:81
LH:80
BRDA:16,0,0,54
BRDA:67,1,0,10
BRDA:67,2,0,44
BRDA:73,3,0,38
BRDA:73,4,0,16
BRDA:73,5,0,12
BRDA:76,6,0,10
BRDA:76,7,0,44
BRDA:83,8,0,10
BRDA:22,9,0,90
BRDA:24,10,0,5
BRDA:25,11,0,0
BRDA:29,12,0,0
BRDA:35,13,0,0
BRDA:41,14,0,16
BRDA:42,15,0,9
BRDA:44,16,0,4
BRDA:44,17,0,2
BRDA:44,18,0,7
BRDA:44,19,0,2
BRDA:48,20,0,16
BRDA:51,21,0,29
BRDA:52,22,0,24
BRDA:52,23,0,5
BRDA:57,24,0,5
BRDA:68,25,0,5
BRDA:85,26,0,30
BRDA:90,27,0,2
BRDA:90,28,0,28
BRDA:94,29,0,2
BRDA:91,30,0,2
BRF:31
BRH:28
end_of_record
TN:
SF:src\components\SessionBar.tsx
FN:5,SessionBar
FN:14,handleSwitch
FN:19,handleClose
FN:33,onClick
FN:53,onClick
FN:69,onSwitch
FN:70,onClose
FN:79,SessionThumbnail
FN:91,capture
FNF:9
FNH:3
FNDA:3,SessionBar
FNDA:0,handleSwitch
FNDA:0,handleClose
FNDA:0,onClick
FNDA:0,onClick
FNDA:0,onSwitch
FNDA:0,onClose
FNDA:3,SessionThumbnail
FNDA:3,capture
DA:1,1
DA:5,3
DA:6,3
DA:7,3
DA:8,3
DA:9,3
DA:10,3
DA:12,3
DA:14,2
DA:15,0
DA:16,0
DA:17,0
DA:19,2
DA:20,0
DA:21,0
DA:22,0
DA:23,0
DA:24,0
DA:25,0
DA:27,2
DA:28,3
DA:30,3
DA:31,3
DA:32,3
DA:33,3
DA:34,3
DA:36,3
DA:37,3
DA:38,3
DA:39,3
DA:40,3
DA:41,3
DA:42,3
DA:43,3
DA:44,3
DA:45,3
DA:47,3
DA:48,2
DA:49,2
DA:50,0
DA:51,0
DA:52,0
DA:53,0
DA:54,0
DA:56,0
DA:57,0
DA:58,0
DA:59,0
DA:60,0
DA:61,0
DA:62,0
DA:64,2
DA:65,3
DA:66,3
DA:67,3
DA:68,3
DA:69,3
DA:70,3
DA:71,3
DA:72,2
DA:73,2
DA:75,3
DA:77,3
DA:79,3
DA:80,3
DA:81,3
DA:86,3
DA:87,3
DA:88,3
DA:90,3
DA:91,3
DA:92,3
DA:93,3
DA:95,3
DA:96,3
DA:97,3
DA:99,0
DA:100,0
DA:102,0
DA:103,0
DA:104,3
DA:106,0
DA:107,0
DA:108,0
DA:109,0
DA:110,0
DA:112,0
DA:113,0
DA:114,0
DA:115,3
DA:117,3
DA:118,3
DA:119,3
DA:120,3
DA:122,3
DA:123,3
DA:124,3
DA:125,3
DA:126,3
DA:128,3
DA:129,3
DA:130,3
DA:131,3
DA:132,3
DA:133,3
DA:134,3
DA:135,3
DA:136,3
DA:137,3
DA:138,3
DA:139,3
DA:140,3
DA:141,3
DA:142,3
DA:143,3
DA:144,3
DA:145,3
DA:146,3
DA:148,3
DA:149,3
DA:150,3
DA:151,3
DA:152,3
DA:153,2
DA:155,3
DA:157,3
LF:126
LH:93
BRDA:5,0,0,3
BRDA:12,1,0,1
BRDA:12,2,0,2
BRDA:28,3,0,0
BRDA:28,4,0,2
BRDA:34,5,0,0
BRDA:34,6,0,2
BRDA:38,7,0,0
BRDA:38,8,0,2
BRDA:47,9,0,2
BRDA:49,10,0,0
BRDA:49,11,0,0
BRDA:64,12,0,3
BRDA:79,13,0,3
BRDA:124,14,0,2
BRDA:124,15,0,1
BRDA:124,16,0,0
BRDA:152,17,0,2
BRDA:90,18,0,3
BRDA:91,19,0,3
BRDA:93,20,0,0
BRDA:97,21,0,0
BRDA:104,22,0,0
BRDA:119,23,0,3
BRF:24
BRH:15
end_of_record
TN:
SF:src\components\SessionManager.tsx
FN:48,useSessionManager
FN:54,SessionManagerProvider
FN:241,handler
FNF:3
FNH:2
FNDA:2,useSessionManager
FNDA:2,SessionManagerProvider
FNDA:0,handler
DA:1,1
DA:46,1
DA:48,1
DA:49,2
DA:50,2
DA:51,1
DA:52,1
DA:54,1
DA:55,2
DA:56,2
DA:57,2
DA:58,2
DA:59,2
DA:62,2
DA:64,2
DA:65,0
DA:66,2
DA:68,2
DA:70,0
DA:71,0
DA:73,0
DA:74,0
DA:76,0
DA:77,0
DA:78,0
DA:79,0
DA:80,0
DA:83,0
DA:84,0
DA:85,0
DA:86,0
DA:89,0
DA:90,0
DA:91,0
DA:92,0
DA:95,0
DA:97,0
DA:98,0
DA:99,0
DA:100,0
DA:101,0
DA:102,0
DA:103,0
DA:104,0
DA:105,0
DA:106,0
DA:107,0
DA:108,0
DA:109,0
DA:110,0
DA:113,0
DA:114,0
DA:115,0
DA:116,0
DA:117,0
DA:118,0
DA:119,0
DA:121,0
DA:122,0
DA:123,0
DA:124,0
DA:127,0
DA:128,0
DA:129,0
DA:130,0
DA:131,0
DA:132,0
DA:133,0
DA:134,0
DA:135,0
DA:136,0
DA:138,0
DA:139,0
DA:142,0
DA:143,0
DA:144,0
DA:145,0
DA:148,0
DA:149,0
DA:150,0
DA:151,0
DA:152,0
DA:153,0
DA:154,0
DA:155,0
DA:156,0
DA:157,0
DA:158,0
DA:159,0
DA:160,0
DA:161,0
DA:164,0
DA:165,0
DA:166,0
DA:167,0
DA:168,0
DA:169,0
DA:170,0
DA:171,0
DA:172,0
DA:173,0
DA:174,0
DA:177,0
DA:178,0
DA:179,0
DA:180,0
DA:182,0
DA:183,0
DA:184,0
DA:185,0
DA:188,0
DA:189,0
DA:190,0
DA:191,0
DA:192,0
DA:193,0
DA:194,0
DA:195,0
DA:196,0
DA:197,0
DA:198,0
DA:199,0
DA:200,0
DA:201,0
DA:202,0
DA:203,0
DA:204,0
DA:205,0
DA:206,0
DA:208,0
DA:210,0
DA:211,0
DA:212,0
DA:213,2
DA:215,2
DA:216,0
DA:217,0
DA:218,0
DA:219,0
DA:220,0
DA:221,0
DA:222,0
DA:223,0
DA:224,0
DA:225,0
DA:226,0
DA:227,0
DA:228,0
DA:229,0
DA:230,0
DA:231,0
DA:232,0
DA:233,0
DA:234,0
DA:235,0
DA:236,2
DA:239,2
DA:240,2
DA:241,0
DA:242,0
DA:243,0
DA:244,0
DA:245,0
DA:246,2
DA:248,2
DA:249,2
DA:250,2
DA:251,2
DA:252,2
DA:253,2
DA:254,2
DA:255,2
DA:256,2
DA:257,2
DA:258,2
DA:259,2
DA:260,2
DA:261,2
DA:262,2
DA:264,2
LF:180
LH:39
BRDA:48,0,0,2
BRDA:50,1,0,1
BRDA:54,2,0,2
BRDA:239,3,0,2
BRDA:240,4,0,0
BRF:5
BRH:4
end_of_record
TN:
SF:src\components\SessionMenu.tsx
FN:21,SessionMenu
FN:82,onMouseDown
FN:133,onClick
FN:146,onChange
FN:175,onClick
FN:226,onClick
FN:262,onClose
FNF:7
FNH:2
FNDA:6,SessionMenu
FNDA:1,onMouseDown
FNDA:0,onClick
FNDA:0,onChange
FNDA:0,onClick
FNDA:0,onClick
FNDA:0,onClose
DA:1,1
DA:21,6
DA:22,6
DA:23,6
DA:24,6
DA:25,6
DA:26,6
DA:27,6
DA:28,6
DA:29,6
DA:30,6
DA:31,6
DA:32,6
DA:33,6
DA:36,6
DA:37,6
DA:38,5
DA:39,5
DA:40,5
DA:41,5
DA:42,6
DA:45,6
DA:46,0
DA:48,0
DA:49,0
DA:50,0
DA:51,0
DA:52,0
DA:53,0
DA:54,0
DA:55,0
DA:56,6
DA:58,6
DA:59,0
DA:60,0
DA:61,0
DA:62,6
DA:64,6
DA:66,5
DA:67,5
DA:68,5
DA:69,5
DA:70,5
DA:71,5
DA:72,5
DA:73,5
DA:74,5
DA:75,5
DA:76,5
DA:77,5
DA:78,5
DA:79,5
DA:80,5
DA:81,5
DA:82,5
DA:85,5
DA:86,5
DA:87,5
DA:88,5
DA:89,5
DA:90,5
DA:91,5
DA:92,5
DA:93,5
DA:94,5
DA:96,5
DA:97,5
DA:98,5
DA:99,5
DA:100,5
DA:101,5
DA:102,5
DA:103,5
DA:104,5
DA:105,5
DA:106,5
DA:107,5
DA:108,5
DA:109,5
DA:111,5
DA:112,5
DA:113,5
DA:114,5
DA:115,5
DA:118,5
DA:119,5
DA:120,5
DA:122,5
DA:123,5
DA:125,5
DA:126,5
DA:128,5
DA:129,5
DA:130,5
DA:131,5
DA:132,5
DA:133,5
DA:134,0
DA:136,0
DA:137,0
DA:138,0
DA:139,0
DA:140,5
DA:142,5
DA:144,0
DA:145,0
DA:146,0
DA:147,0
DA:148,0
DA:149,0
DA:150,0
DA:151,0
DA:152,0
DA:153,0
DA:154,0
DA:155,0
DA:156,0
DA:157,0
DA:158,0
DA:159,0
DA:161,5
DA:164,5
DA:165,1
DA:166,1
DA:168,1
DA:169,1
DA:170,1
DA:171,1
DA:172,1
DA:173,1
DA:174,1
DA:175,1
DA:177,1
DA:178,1
DA:179,1
DA:180,1
DA:181,1
DA:182,1
DA:183,1
DA:184,1
DA:188,5
DA:189,5
DA:191,5
DA:192,5
DA:195,5
DA:196,1
DA:197,1
DA:199,1
DA:200,1
DA:201,0
DA:202,0
DA:204,0
DA:205,0
DA:206,0
DA:207,0
DA:208,0
DA:209,0
DA:210,0
DA:212,0
DA:213,0
DA:214,0
DA:215,0
DA:216,0
DA:217,0
DA:218,0
DA:219,0
DA:220,0
DA:221,0
DA:222,0
DA:223,0
DA:224,0
DA:225,0
DA:226,0
DA:227,0
DA:228,0
DA:229,0
DA:230,0
DA:231,0
DA:232,0
DA:234,0
DA:235,0
DA:236,0
DA:237,0
DA:238,0
DA:239,0
DA:241,1
DA:242,1
DA:243,1
DA:244,1
DA:245,1
DA:247,1
DA:249,1
DA:253,5
DA:254,5
DA:255,5
DA:256,5
DA:259,0
DA:260,0
DA:261,0
DA:262,0
DA:263,0
DA:266,6
DA:267,6
DA:269,6
LF:204
LH:130
BRDA:21,0,0,6
BRDA:64,1,0,1
BRDA:64,2,0,5
BRDA:142,3,0,0
BRDA:164,4,0,1
BRDA:195,5,0,1
BRDA:200,6,0,0
BRDA:256,7,0,0
BRDA:36,8,0,6
BRDA:37,9,0,5
BRDA:82,10,0,1
BRDA:170,11,0,1
BRF:12
BRH:9
end_of_record
TN:
SF:src\components\SessionToolbar.tsx
FN:19,SessionToolbar
FN:35,handler
FN:43,handler
FN:97,onMouseEnter
FN:98,onMouseLeave
FN:99,onMouseDown
FN:103,onClick
FN:120,onMouseEnter
FN:124,onMouseLeave
FN:138,onClick
FN:154,onMouseEnter
FN:158,onMouseLeave
FN:173,onClick
FN:195,onMouseEnter
FN:199,onMouseLeave
FN:222,onClick
FN:238,onMouseEnter
FN:242,onMouseLeave
FN:270,onMouseDown
FN:322,onClick
FN:344,onClick
FN:353,onClick
FN:378,onClick
FN:411,onMouseDown
FN:444,onChange
FN:450,onClick
FN:472,onClose
FNF:27
FNH:1
FNDA:5,SessionToolbar
FNDA:0,handler
FNDA:0,handler
FNDA:0,onMouseEnter
FNDA:0,onMouseLeave
FNDA:0,onMouseDown
FNDA:0,onClick
FNDA:0,onMouseEnter
FNDA:0,onMouseLeave
FNDA:0,onClick
FNDA:0,onMouseEnter
FNDA:0,onMouseLeave
FNDA:0,onClick
FNDA:0,onMouseEnter
FNDA:0,onMouseLeave
FNDA:0,onClick
FNDA:0,onMouseEnter
FNDA:0,onMouseLeave
FNDA:0,onMouseDown
FNDA:0,onClick
FNDA:0,onClick
FNDA:0,onClick
FNDA:0,onClick
FNDA:0,onMouseDown
FNDA:0,onChange
FNDA:0,onClick
FNDA:0,onClose
DA:1,1
DA:19,5
DA:20,5
DA:21,5
DA:22,5
DA:23,5
DA:24,5
DA:25,5
DA:26,5
DA:27,5
DA:28,5
DA:29,5
DA:31,5
DA:34,5
DA:35,5
DA:36,5
DA:37,5
DA:38,5
DA:41,5
DA:42,5
DA:43,0
DA:44,0
DA:45,0
DA:46,0
DA:47,0
DA:48,0
DA:49,0
DA:50,5
DA:52,5
DA:54,0
DA:55,0
DA:56,0
DA:58,0
DA:59,0
DA:60,0
DA:61,0
DA:62,0
DA:63,0
DA:64,0
DA:65,0
DA:66,0
DA:67,0
DA:68,0
DA:70,0
DA:71,0
DA:72,0
DA:73,5
DA:75,5
DA:76,0
DA:77,0
DA:78,0
DA:79,0
DA:80,0
DA:81,5
DA:83,5
DA:84,5
DA:86,5
DA:87,5
DA:88,5
DA:89,5
DA:90,5
DA:91,5
DA:92,5
DA:93,5
DA:94,5
DA:95,5
DA:96,5
DA:97,5
DA:98,5
DA:99,5
DA:102,5
DA:103,5
DA:104,5
DA:105,5
DA:106,5
DA:107,5
DA:108,5
DA:109,5
DA:110,5
DA:111,5
DA:112,5
DA:113,5
DA:114,5
DA:115,5
DA:116,5
DA:117,5
DA:118,5
DA:119,5
DA:120,5
DA:121,0
DA:122,0
DA:123,0
DA:124,5
DA:125,0
DA:126,0
DA:127,0
DA:129,5
DA:130,5
DA:131,5
DA:132,5
DA:133,5
DA:136,5
DA:137,1
DA:138,1
DA:139,1
DA:140,1
DA:141,1
DA:142,1
DA:143,1
DA:144,1
DA:145,1
DA:146,1
DA:147,1
DA:148,1
DA:149,1
DA:150,1
DA:151,1
DA:152,1
DA:153,1
DA:154,1
DA:155,0
DA:156,0
DA:157,0
DA:158,1
DA:159,0
DA:160,0
DA:161,0
DA:162,0
DA:163,0
DA:165,1
DA:166,1
DA:167,1
DA:168,1
DA:172,5
DA:173,5
DA:174,0
DA:175,0
DA:176,0
DA:177,0
DA:178,0
DA:179,0
DA:180,5
DA:181,5
DA:182,5
DA:183,5
DA:184,5
DA:185,5
DA:186,5
DA:187,5
DA:188,5
DA:189,5
DA:190,5
DA:191,5
DA:192,5
DA:193,5
DA:194,5
DA:195,5
DA:196,0
DA:197,0
DA:198,0
DA:199,5
DA:200,0
DA:201,0
DA:202,0
DA:203,0
DA:204,0
DA:206,5
DA:207,0
DA:208,0
DA:209,0
DA:210,0
DA:212,5
DA:213,5
DA:214,5
DA:215,5
DA:217,5
DA:220,5
DA:221,1
DA:222,1
DA:223,1
DA:224,1
DA:225,1
DA:226,1
DA:227,1
DA:228,1
DA:229,1
DA:230,1
DA:231,1
DA:232,1
DA:233,1
DA:234,1
DA:235,1
DA:236,1
DA:237,1
DA:238,1
DA:239,0
DA:240,0
DA:241,0
DA:242,1
DA:243,0
DA:244,0
DA:245,0
DA:246,0
DA:247,0
DA:249,1
DA:251,0
DA:252,0
DA:253,0
DA:254,0
DA:257,1
DA:258,1
DA:259,1
DA:260,1
DA:262,1
DA:264,5
DA:267,5
DA:268,0
DA:269,0
DA:270,0
DA:271,0
DA:272,0
DA:273,0
DA:274,0
DA:275,0
DA:276,0
DA:277,0
DA:278,0
DA:279,0
DA:280,0
DA:281,0
DA:282,0
DA:283,0
DA:285,0
DA:286,0
DA:287,0
DA:288,0
DA:289,0
DA:290,0
DA:291,0
DA:292,0
DA:293,0
DA:294,0
DA:295,0
DA:296,0
DA:297,0
DA:298,0
DA:299,0
DA:300,0
DA:301,0
DA:302,0
DA:304,0
DA:305,0
DA:306,0
DA:307,0
DA:308,0
DA:309,0
DA:310,0
DA:311,0
DA:312,0
DA:313,0
DA:314,0
DA:315,0
DA:316,0
DA:317,0
DA:318,0
DA:319,0
DA:320,0
DA:321,0
DA:322,0
DA:323,0
DA:324,0
DA:325,0
DA:326,0
DA:327,0
DA:328,0
DA:330,0
DA:331,0
DA:332,0
DA:333,0
DA:335,0
DA:336,0
DA:337,0
DA:339,0
DA:340,0
DA:341,0
DA:342,0
DA:343,0
DA:344,0
DA:345,0
DA:347,0
DA:348,0
DA:350,0
DA:351,0
DA:352,0
DA:353,0
DA:354,0
DA:355,0
DA:356,0
DA:357,0
DA:358,0
DA:359,0
DA:360,0
DA:361,0
DA:362,0
DA:363,0
DA:364,0
DA:365,0
DA:366,0
DA:367,0
DA:369,0
DA:370,0
DA:371,0
DA:372,0
DA:373,0
DA:374,0
DA:375,0
DA:376,0
DA:377,0
DA:378,0
DA:379,0
DA:380,0
DA:381,0
DA:382,0
DA:383,0
DA:384,0
DA:385,0
DA:386,0
DA:387,0
DA:388,0
DA:389,0
DA:390,0
DA:391,0
DA:392,0
DA:394,0
DA:395,0
DA:396,0
DA:397,0
DA:398,0
DA:399,0
DA:400,0
DA:401,0
DA:402,0
DA:403,0
DA:405,0
DA:409,5
DA:410,0
DA:411,0
DA:412,0
DA:413,0
DA:414,0
DA:415,0
DA:416,0
DA:417,0
DA:418,0
DA:419,0
DA:420,0
DA:421,0
DA:422,0
DA:423,0
DA:424,0
DA:425,0
DA:428,0
DA:429,0
DA:430,0
DA:431,0
DA:432,0
DA:433,0
DA:434,0
DA:435,0
DA:436,0
DA:437,0
DA:439,0
DA:440,0
DA:441,0
DA:442,0
DA:443,0
DA:444,0
DA:445,0
DA:446,0
DA:448,0
DA:449,0
DA:450,0
DA:451,0
DA:452,0
DA:453,0
DA:454,0
DA:455,0
DA:456,0
DA:457,0
DA:458,0
DA:459,0
DA:461,0
DA:462,0
DA:463,0
DA:464,0
DA:465,0
DA:468,0
DA:469,0
DA:470,0
DA:471,0
DA:472,0
DA:473,0
DA:475,0
DA:476,0
DA:478,5
DA:480,5
LF:406
LH:146
BRDA:19,0,0,5
BRDA:136,1,0,1
BRDA:147,2,0,0
BRDA:148,3,0,0
BRDA:180,4,0,0
BRDA:188,5,0,0
BRDA:189,6,0,0
BRDA:206,7,0,0
BRDA:220,8,0,4
BRDA:220,9,0,1
BRDA:223,10,0,0
BRDA:231,11,0,0
BRDA:232,12,0,0
BRDA:249,13,0,0
BRDA:267,14,0,0
BRDA:409,15,0,0
BRDA:409,16,0,0
BRDA:34,17,0,5
BRDA:37,18,0,5
BRDA:41,19,0,5
BRDA:42,20,0,0
BRF:21
BRH:7
end_of_record
TN:
SF:src\components\SessionWatermark.tsx
FN:9,SessionWatermark
FN:103,formatTimestamp
FNF:2
FNH:2
FNDA:7,SessionWatermark
FNDA:4,formatTimestamp
DA:1,1
DA:9,7
DA:10,7
DA:11,7
DA:12,7
DA:15,7
DA:16,4
DA:17,4
DA:18,4
DA:19,4
DA:20,4
DA:21,7
DA:24,7
DA:25,4
DA:26,4
DA:27,7
DA:30,7
DA:31,7
DA:32,3
DA:33,3
DA:35,7
DA:36,7
DA:37,7
DA:38,7
DA:39,7
DA:41,7
DA:42,7
DA:43,0
DA:44,0
DA:46,7
DA:47,7
DA:48,7
DA:49,7
DA:50,7
DA:52,7
DA:53,7
DA:54,7
DA:56,7
DA:57,7
DA:58,7
DA:61,7
DA:62,7
DA:63,7
DA:65,7
DA:66,0
DA:67,0
DA:68,0
DA:69,0
DA:71,0
DA:72,7
DA:75,7
DA:76,4
DA:77,4
DA:78,0
DA:80,0
DA:81,0
DA:82,0
DA:83,0
DA:84,7
DA:86,7
DA:88,2
DA:89,2
DA:90,2
DA:91,2
DA:92,2
DA:93,2
DA:94,2
DA:95,2
DA:96,2
DA:97,2
DA:98,2
DA:99,2
DA:101,2
DA:103,4
DA:104,4
DA:105,4
DA:106,4
DA:107,4
DA:108,4
DA:109,4
DA:110,4
DA:111,4
LF:82
LH:70
BRDA:9,0,0,7
BRDA:86,1,0,3
BRDA:86,2,0,5
BRDA:86,3,0,2
BRDA:11,4,0,4
BRDA:15,5,0,4
BRDA:18,6,0,4
BRDA:20,7,0,4
BRDA:24,8,0,4
BRDA:26,9,0,4
BRDA:30,10,0,7
BRDA:31,11,0,4
BRDA:31,12,0,3
BRDA:33,13,0,1
BRDA:33,14,0,2
BRDA:35,15,0,0
BRDA:42,16,0,2
BRDA:42,17,0,0
BRDA:65,18,0,0
BRDA:75,19,0,4
BRDA:77,20,0,0
BRDA:103,21,0,4
BRF:22
BRH:18
end_of_record
TN:
SF:src\components\ThemeProvider.tsx
FN:17,getSystemTheme
FN:21,getSavedPreference
FN:27,resolveTheme
FN:31,ThemeProvider
FN:73,handler
FN:89,useTheme
FNF:6
FNH:5
FNDA:4,getSystemTheme
FNDA:10,getSavedPreference
FNDA:9,resolveTheme
FNDA:9,ThemeProvider
FNDA:0,handler
FNDA:14,useTheme
DA:1,1
DA:13,1
DA:15,1
DA:17,4
DA:18,4
DA:19,4
DA:21,10
DA:22,10
DA:23,10
DA:24,6
DA:25,6
DA:27,9
DA:28,9
DA:29,9
DA:31,1
DA:32,9
DA:33,9
DA:35,9
DA:36,4
DA:37,4
DA:38,4
DA:39,4
DA:40,4
DA:41,4
DA:42,1
DA:43,4
DA:44,4
DA:45,9
DA:47,9
DA:48,4
DA:49,4
DA:50,4
DA:51,4
DA:52,4
DA:53,9
DA:55,9
DA:56,3
DA:57,3
DA:58,3
DA:59,9
DA:62,9
DA:63,5
DA:64,5
DA:65,5
DA:66,9
DA:69,9
DA:70,9
DA:72,4
DA:73,4
DA:74,0
DA:75,0
DA:76,0
DA:77,0
DA:78,4
DA:79,4
DA:80,9
DA:82,9
DA:83,9
DA:84,9
DA:85,9
DA:87,9
DA:89,1
DA:90,14
DA:91,14
DA:92,9
DA:93,9
LF:66
LH:62
BRDA:17,0,0,4
BRDA:18,1,0,0
BRDA:21,2,0,10
BRDA:23,3,0,8
BRDA:23,4,0,6
BRDA:23,5,0,4
BRDA:23,6,0,6
BRDA:27,7,0,9
BRDA:28,8,0,4
BRDA:28,9,0,5
BRDA:31,10,0,9
BRDA:33,11,0,5
BRDA:35,12,0,4
BRDA:40,13,0,4
BRDA:41,14,0,1
BRDA:47,15,0,4
BRDA:55,16,0,3
BRDA:62,17,0,5
BRDA:69,18,0,9
BRDA:70,19,0,5
BRDA:70,20,0,4
BRDA:79,21,0,4
BRDA:89,22,0,14
BRDA:91,23,0,4
BRDA:91,24,0,9
BRF:25
BRH:24
end_of_record
TN:
SF:src\components\TouchToolbar.tsx
FN:42,TouchToolbar
FN:77,onMouseDown
FN:78,onTouchStart
FN:83,onClick
FN:92,onClick
FNF:5
FNH:4
FNDA:7,TouchToolbar
FNDA:5,onMouseDown
FNDA:0,onTouchStart
FNDA:2,onClick
FNDA:3,onClick
DA:1,1
DA:23,1
DA:24,1
DA:25,1
DA:26,1
DA:27,1
DA:28,1
DA:29,1
DA:30,1
DA:31,1
DA:33,1
DA:34,1
DA:35,1
DA:36,1
DA:37,1
DA:38,1
DA:39,1
DA:40,1
DA:42,7
DA:43,7
DA:45,7
DA:47,2
DA:49,2
DA:50,7
DA:52,7
DA:53,7
DA:54,7
DA:55,7
DA:56,7
DA:57,7
DA:58,7
DA:59,7
DA:60,7
DA:61,7
DA:62,7
DA:63,7
DA:65,7
DA:66,7
DA:67,7
DA:68,7
DA:69,7
DA:70,7
DA:71,7
DA:72,7
DA:73,7
DA:74,7
DA:75,7
DA:76,7
DA:77,7
DA:78,7
DA:80,7
DA:81,18
DA:82,18
DA:83,18
DA:84,18
DA:85,18
DA:87,18
DA:88,18
DA:89,3
DA:91,7
DA:92,7
DA:93,7
DA:94,7
DA:95,7
DA:96,7
DA:97,7
DA:98,7
DA:99,7
DA:100,7
DA:101,7
DA:102,7
DA:103,7
DA:105,7
DA:106,7
DA:108,7
LF:75
LH:75
BRDA:42,0,0,7
BRDA:80,1,0,3
BRDA:93,2,0,3
BRDA:93,3,0,4
BRDA:101,4,0,3
BRDA:101,5,0,4
BRDA:45,6,0,2
BRDA:47,7,0,4
BRDA:49,8,0,4
BRDA:77,9,0,5
BRDA:80,10,0,18
BRDA:83,11,0,2
BRDA:92,12,0,3
BRF:13
BRH:13
end_of_record
TN:
SF:src\components\usePopOut.ts
FN:14,usePopOut
FN:162,kb.onkeydown
FN:166,kb.onkeyup
FN:171,trapKeyDown
FN:181,handleResize
FN:199,onUnload
FN:213,cleanupRef.current
FNF:7
FNH:1
FNDA:5,usePopOut
FNDA:0,kb.onkeydown
FNDA:0,kb.onkeyup
FNDA:0,trapKeyDown
FNDA:0,handleResize
FNDA:0,onUnload
FNDA:0,cleanupRef.current
DA:1,1
DA:14,1
DA:15,5
DA:16,5
DA:17,5
DA:18,5
DA:19,5
DA:20,5
DA:21,5
DA:23,5
DA:24,5
DA:26,5
DA:27,1
DA:30,0
DA:31,0
DA:32,0
DA:33,0
DA:34,0
DA:35,0
DA:38,0
DA:39,0
DA:40,0
DA:41,0
DA:42,0
DA:43,0
DA:44,0
DA:45,0
DA:46,0
DA:47,0
DA:48,0
DA:49,0
DA:52,0
DA:53,1
DA:54,0
DA:55,0
DA:58,0
DA:59,0
DA:60,0
DA:61,0
DA:62,0
DA:63,0
DA:64,0
DA:65,0
DA:68,0
DA:69,0
DA:70,0
DA:71,0
DA:72,0
DA:73,0
DA:74,0
DA:75,0
DA:76,0
DA:77,0
DA:80,0
DA:81,1
DA:82,0
DA:83,0
DA:84,0
DA:85,0
DA:86,0
DA:87,5
DA:89,5
DA:90,1
DA:93,1
DA:94,1
DA:95,1
DA:96,1
DA:98,1
DA:99,1
DA:100,0
DA:101,0
DA:103,0
DA:104,0
DA:105,0
DA:106,0
DA:107,0
DA:108,0
DA:109,0
DA:110,0
DA:111,1
DA:113,0
DA:115,1
DA:116,1
DA:117,1
DA:118,1
DA:119,1
DA:120,1
DA:121,1
DA:122,1
DA:123,1
DA:124,1
DA:126,1
DA:127,1
DA:129,0
DA:132,0
DA:133,0
DA:134,0
DA:135,0
DA:136,0
DA:137,0
DA:138,0
DA:139,0
DA:140,0
DA:143,0
DA:146,0
DA:147,0
DA:148,0
DA:149,0
DA:150,0
DA:152,0
DA:153,0
DA:154,0
DA:155,0
DA:156,0
DA:159,0
DA:160,0
DA:162,0
DA:163,0
DA:164,0
DA:165,0
DA:166,0
DA:167,0
DA:168,0
DA:171,0
DA:172,0
DA:173,0
DA:174,0
DA:175,0
DA:176,0
DA:179,0
DA:181,0
DA:182,0
DA:183,0
DA:184,0
DA:185,0
DA:186,0
DA:187,0
DA:188,0
DA:189,0
DA:190,0
DA:191,0
DA:192,0
DA:194,0
DA:196,0
DA:199,0
DA:201,0
DA:202,0
DA:203,0
DA:206,0
DA:207,0
DA:208,0
DA:209,0
DA:210,0
DA:211,0
DA:213,0
DA:214,0
DA:215,0
DA:216,0
DA:217,0
DA:218,0
DA:220,0
DA:221,5
DA:224,5
DA:225,5
DA:226,5
DA:227,5
DA:228,0
DA:229,0
DA:230,5
DA:231,5
DA:232,5
DA:233,5
DA:235,5
DA:236,5
LF:174
LH:48
BRDA:14,0,0,5
BRDA:233,1,0,3
BRDA:26,2,0,1
BRDA:27,3,0,0
BRDA:53,4,0,0
BRDA:81,5,0,0
BRDA:89,6,0,1
BRDA:90,7,0,0
BRDA:99,8,0,0
BRDA:111,9,0,0
BRDA:127,10,0,0
BRDA:224,11,0,5
BRDA:225,12,0,5
BRDA:226,13,0,0
BRDA:227,14,0,0
BRDA:227,15,0,0
BRF:16
BRH:6
end_of_record
TN:
SF:src\pages\AdminSettings.tsx
FN:51,AdminSettings
FN:72,flash
FN:95,onClick
FN:103,onNavigateVault
FN:108,onSave
FN:113,onSave
FN:118,onSave
FN:123,onSave
FN:133,onRoleCreated
FN:134,onConnectionCreated
FN:135,onConnectionUpdated
FN:136,onConnectionDeleted
FN:137,onGroupsChanged
FN:143,onSave
FN:151,onSave
FN:159,HealthTab
FN:164,refresh
FN:313,SsoTab
FN:325,handleTest
FN:354,onChange
FN:358,onChange
FN:362,onChange
FN:386,onClick
FN:402,KerberosTab
FN:654,RecordingsTab
FN:728,VaultTab
FN:869,AccessTab
FN:1242,Section
FN:1260,FieldGrid
FN:1266,RdpSections
FN:1800,SshSections
FN:1961,VncSections
FN:2063,SessionsTab
FN:2191,AdSyncTab
FN:2603,SecurityTab
FNF:35
FNH:5
FNDA:12,AdminSettings
FNDA:0,flash
FNDA:1,onClick
FNDA:0,onNavigateVault
FNDA:0,onSave
FNDA:0,onSave
FNDA:0,onSave
FNDA:0,onSave
FNDA:0,onRoleCreated
FNDA:0,onConnectionCreated
FNDA:0,onConnectionUpdated
FNDA:0,onConnectionDeleted
FNDA:0,onGroupsChanged
FNDA:0,onSave
FNDA:0,onSave
FNDA:12,HealthTab
FNDA:5,refresh
FNDA:1,SsoTab
FNDA:0,handleTest
FNDA:0,onChange
FNDA:0,onChange
FNDA:0,onChange
FNDA:0,onClick
FNDA:0,KerberosTab
FNDA:0,RecordingsTab
FNDA:0,VaultTab
FNDA:0,AccessTab
FNDA:0,Section
FNDA:0,FieldGrid
FNDA:0,RdpSections
FNDA:0,SshSections
FNDA:0,VncSections
FNDA:0,SessionsTab
FNDA:0,AdSyncTab
FNDA:0,SecurityTab
DA:1,1
DA:51,12
DA:52,12
DA:53,12
DA:54,12
DA:55,12
DA:56,12
DA:57,12
DA:58,12
DA:59,12
DA:61,12
DA:62,5
DA:63,5
DA:64,5
DA:65,5
DA:66,5
DA:67,5
DA:68,5
DA:69,5
DA:70,12
DA:72,12
DA:73,0
DA:74,0
DA:75,0
DA:77,12
DA:78,12
DA:79,12
DA:81,12
DA:82,0
DA:83,0
DA:84,0
DA:87,12
DA:88,2
DA:89,2
DA:90,2
DA:93,12
DA:94,12
DA:95,99
DA:96,99
DA:97,99
DA:98,12
DA:99,12
DA:102,12
DA:103,10
DA:107,12
DA:108,1
DA:112,12
DA:113,0
DA:117,12
DA:118,0
DA:122,12
DA:123,0
DA:127,12
DA:128,0
DA:129,0
DA:130,0
DA:131,0
DA:132,0
DA:133,0
DA:134,0
DA:135,0
DA:136,0
DA:137,0
DA:138,0
DA:142,12
DA:143,0
DA:147,12
DA:150,12
DA:151,0
DA:153,12
DA:155,12
DA:159,12
DA:160,12
DA:161,12
DA:162,12
DA:164,12
DA:165,5
DA:166,5
DA:167,5
DA:168,5
DA:169,5
DA:170,5
DA:171,5
DA:172,5
DA:174,12
DA:176,12
DA:177,6
DA:178,6
DA:179,6
DA:180,6
DA:182,6
DA:184,12
DA:185,0
DA:186,0
DA:187,0
DA:188,0
DA:189,0
DA:191,0
DA:193,5
DA:194,5
DA:195,5
DA:196,5
DA:198,5
DA:199,5
DA:200,5
DA:201,5
DA:202,5
DA:203,12
DA:205,12
DA:206,12
DA:207,12
DA:208,12
DA:209,12
DA:210,12
DA:211,12
DA:214,12
DA:215,12
DA:216,12
DA:217,12
DA:218,12
DA:219,12
DA:220,12
DA:221,12
DA:222,12
DA:223,12
DA:224,12
DA:225,12
DA:226,12
DA:227,12
DA:228,12
DA:229,12
DA:230,12
DA:231,12
DA:232,12
DA:233,12
DA:234,12
DA:235,12
DA:236,12
DA:239,12
DA:240,12
DA:241,12
DA:242,12
DA:243,12
DA:244,12
DA:245,12
DA:246,12
DA:247,12
DA:248,12
DA:249,12
DA:250,12
DA:251,12
DA:252,12
DA:253,12
DA:254,12
DA:255,12
DA:256,12
DA:257,5
DA:258,5
DA:259,5
DA:260,5
DA:261,5
DA:262,5
DA:263,5
DA:264,5
DA:265,5
DA:267,12
DA:268,12
DA:269,12
DA:270,12
DA:271,12
DA:272,12
DA:275,12
DA:276,12
DA:277,12
DA:278,12
DA:279,12
DA:280,0
DA:282,12
DA:283,12
DA:284,12
DA:285,12
DA:286,12
DA:287,12
DA:288,0
DA:289,0
DA:290,0
DA:291,0
DA:292,0
DA:293,0
DA:294,0
DA:295,0
DA:296,0
DA:297,0
DA:298,0
DA:299,0
DA:301,5
DA:303,5
DA:305,12
DA:306,12
DA:307,12
DA:308,12
DA:309,12
DA:311,12
DA:313,1
DA:314,1
DA:315,1
DA:316,1
DA:317,1
DA:318,1
DA:320,1
DA:321,1
DA:322,1
DA:323,1
DA:325,1
DA:326,0
DA:327,0
DA:328,0
DA:329,0
DA:330,0
DA:331,0
DA:332,0
DA:333,0
DA:334,0
DA:335,0
DA:336,0
DA:338,1
DA:340,1
DA:341,1
DA:342,1
DA:343,1
DA:344,1
DA:345,1
DA:346,1
DA:347,1
DA:348,1
DA:349,1
DA:350,1
DA:352,1
DA:353,1
DA:354,1
DA:355,1
DA:356,1
DA:357,1
DA:358,1
DA:359,1
DA:360,1
DA:361,1
DA:362,1
DA:363,1
DA:365,1
DA:366,0
DA:367,0
DA:368,0
DA:369,0
DA:370,0
DA:371,0
DA:373,0
DA:374,0
DA:375,0
DA:376,0
DA:378,0
DA:379,0
DA:380,0
DA:383,1
DA:384,1
DA:385,1
DA:386,1
DA:387,1
DA:389,1
DA:390,1
DA:391,1
DA:392,1
DA:393,1
DA:395,1
DA:396,1
DA:397,1
DA:398,1
DA:400,1
DA:402,0
DA:403,0
DA:404,0
DA:412,0
DA:413,0
DA:414,0
DA:416,0
DA:417,0
DA:418,0
DA:419,0
DA:420,0
DA:421,0
DA:422,0
DA:423,0
DA:425,0
DA:427,0
DA:428,0
DA:429,0
DA:430,0
DA:431,0
DA:432,0
DA:434,0
DA:435,0
DA:436,0
DA:437,0
DA:438,0
DA:439,0
DA:440,0
DA:441,0
DA:442,0
DA:443,0
DA:444,0
DA:445,0
DA:446,0
DA:447,0
DA:448,0
DA:449,0
DA:450,0
DA:451,0
DA:452,0
DA:453,0
DA:454,0
DA:455,0
DA:456,0
DA:457,0
DA:458,0
DA:459,0
DA:460,0
DA:461,0
DA:462,0
DA:463,0
DA:464,0
DA:465,0
DA:466,0
DA:467,0
DA:468,0
DA:469,0
DA:470,0
DA:471,0
DA:473,0
DA:474,0
DA:475,0
DA:476,0
DA:477,0
DA:478,0
DA:479,0
DA:480,0
DA:481,0
DA:482,0
DA:484,0
DA:485,0
DA:486,0
DA:487,0
DA:488,0
DA:489,0
DA:490,0
DA:491,0
DA:492,0
DA:493,0
DA:495,0
DA:496,0
DA:497,0
DA:498,0
DA:499,0
DA:500,0
DA:501,0
DA:502,0
DA:503,0
DA:504,0
DA:505,0
DA:507,0
DA:508,0
DA:509,0
DA:510,0
DA:511,0
DA:512,0
DA:514,0
DA:515,0
DA:516,0
DA:517,0
DA:518,0
DA:519,0
DA:520,0
DA:522,0
DA:523,0
DA:524,0
DA:526,0
DA:527,0
DA:528,0
DA:529,0
DA:533,0
DA:534,0
DA:535,0
DA:536,0
DA:537,0
DA:538,0
DA:539,0
DA:540,0
DA:541,0
DA:542,0
DA:543,0
DA:544,0
DA:545,0
DA:546,0
DA:547,0
DA:548,0
DA:549,0
DA:550,0
DA:551,0
DA:552,0
DA:554,0
DA:555,0
DA:556,0
DA:557,0
DA:558,0
DA:559,0
DA:560,0
DA:561,0
DA:562,0
DA:563,0
DA:564,0
DA:565,0
DA:566,0
DA:567,0
DA:568,0
DA:569,0
DA:570,0
DA:571,0
DA:572,0
DA:573,0
DA:574,0
DA:575,0
DA:576,0
DA:577,0
DA:578,0
DA:579,0
DA:580,0
DA:581,0
DA:582,0
DA:583,0
DA:584,0
DA:585,0
DA:586,0
DA:587,0
DA:588,0
DA:589,0
DA:590,0
DA:594,0
DA:595,0
DA:596,0
DA:597,0
DA:598,0
DA:599,0
DA:601,0
DA:602,0
DA:604,0
DA:605,0
DA:606,0
DA:607,0
DA:608,0
DA:609,0
DA:610,0
DA:611,0
DA:613,0
DA:614,0
DA:615,0
DA:616,0
DA:617,0
DA:618,0
DA:619,0
DA:620,0
DA:622,0
DA:624,0
DA:625,0
DA:626,0
DA:627,0
DA:628,0
DA:629,0
DA:630,0
DA:631,0
DA:632,0
DA:633,0
DA:634,0
DA:635,0
DA:637,0
DA:638,0
DA:639,0
DA:640,0
DA:641,0
DA:643,0
DA:644,0
DA:645,0
DA:646,0
DA:647,0
DA:648,0
DA:650,0
DA:652,0
DA:654,0
DA:655,0
DA:656,0
DA:657,0
DA:658,0
DA:659,0
DA:660,0
DA:662,0
DA:663,0
DA:664,0
DA:665,0
DA:666,0
DA:667,0
DA:668,0
DA:669,0
DA:671,0
DA:672,0
DA:673,0
DA:674,0
DA:675,0
DA:676,0
DA:678,0
DA:679,0
DA:680,0
DA:681,0
DA:682,0
DA:683,0
DA:684,0
DA:685,0
DA:686,0
DA:687,0
DA:688,0
DA:689,0
DA:690,0
DA:691,0
DA:692,0
DA:693,0
DA:694,0
DA:695,0
DA:696,0
DA:697,0
DA:698,0
DA:699,0
DA:700,0
DA:701,0
DA:702,0
DA:703,0
DA:704,0
DA:705,0
DA:706,0
DA:707,0
DA:708,0
DA:709,0
DA:711,0
DA:712,0
DA:713,0
DA:714,0
DA:715,0
DA:716,0
DA:717,0
DA:718,0
DA:719,0
DA:720,0
DA:721,0
DA:723,0
DA:724,0
DA:726,0
DA:728,0
DA:729,0
DA:730,0
DA:731,0
DA:732,0
DA:733,0
DA:734,0
DA:735,0
DA:736,0
DA:738,0
DA:739,0
DA:740,0
DA:741,0
DA:742,0
DA:743,0
DA:744,0
DA:745,0
DA:746,0
DA:748,0
DA:749,0
DA:750,0
DA:751,0
DA:753,0
DA:754,0
DA:755,0
DA:756,0
DA:757,0
DA:758,0
DA:759,0
DA:760,0
DA:761,0
DA:762,0
DA:764,0
DA:765,0
DA:766,0
DA:767,0
DA:769,0
DA:771,0
DA:772,0
DA:773,0
DA:774,0
DA:775,0
DA:776,0
DA:777,0
DA:778,0
DA:781,0
DA:782,0
DA:783,0
DA:784,0
DA:785,0
DA:786,0
DA:787,0
DA:789,0
DA:790,0
DA:791,0
DA:792,0
DA:793,0
DA:795,0
DA:796,0
DA:797,0
DA:799,0
DA:800,0
DA:802,0
DA:805,0
DA:806,0
DA:807,0
DA:808,0
DA:809,0
DA:810,0
DA:811,0
DA:812,0
DA:813,0
DA:814,0
DA:815,0
DA:818,0
DA:819,0
DA:820,0
DA:821,0
DA:823,0
DA:824,0
DA:825,0
DA:828,0
DA:829,0
DA:830,0
DA:833,0
DA:834,0
DA:835,0
DA:836,0
DA:837,0
DA:838,0
DA:839,0
DA:840,0
DA:841,0
DA:842,0
DA:843,0
DA:844,0
DA:845,0
DA:846,0
DA:847,0
DA:848,0
DA:849,0
DA:850,0
DA:851,0
DA:852,0
DA:853,0
DA:854,0
DA:855,0
DA:856,0
DA:857,0
DA:858,0
DA:859,0
DA:860,0
DA:862,0
DA:863,0
DA:864,0
DA:865,0
DA:867,0
DA:869,0
DA:870,0
DA:871,0
DA:881,0
DA:882,0
DA:883,0
DA:884,0
DA:885,0
DA:886,0
DA:887,0
DA:888,0
DA:889,0
DA:890,0
DA:891,0
DA:892,0
DA:894,0
DA:895,0
DA:896,0
DA:897,0
DA:898,0
DA:899,0
DA:900,0
DA:901,0
DA:902,0
DA:903,0
DA:904,0
DA:905,0
DA:907,0
DA:908,0
DA:909,0
DA:910,0
DA:911,0
DA:912,0
DA:913,0
DA:915,0
DA:916,0
DA:917,0
DA:918,0
DA:919,0
DA:920,0
DA:921,0
DA:923,0
DA:924,0
DA:925,0
DA:926,0
DA:929,0
DA:930,0
DA:931,0
DA:932,0
DA:933,0
DA:934,0
DA:935,0
DA:937,0
DA:938,0
DA:939,0
DA:940,0
DA:941,0
DA:942,0
DA:943,0
DA:944,0
DA:945,0
DA:946,0
DA:947,0
DA:948,0
DA:949,0
DA:950,0
DA:951,0
DA:953,0
DA:954,0
DA:955,0
DA:956,0
DA:957,0
DA:958,0
DA:960,0
DA:961,0
DA:963,0
DA:964,0
DA:966,0
DA:967,0
DA:968,0
DA:969,0
DA:970,0
DA:972,0
DA:973,0
DA:974,0
DA:975,0
DA:976,0
DA:977,0
DA:978,0
DA:979,0
DA:980,0
DA:981,0
DA:982,0
DA:984,0
DA:985,0
DA:986,0
DA:987,0
DA:988,0
DA:989,0
DA:990,0
DA:991,0
DA:992,0
DA:993,0
DA:994,0
DA:995,0
DA:996,0
DA:997,0
DA:998,0
DA:999,0
DA:1000,0
DA:1001,0
DA:1003,0
DA:1004,0
DA:1005,0
DA:1007,0
DA:1008,0
DA:1009,0
DA:1010,0
DA:1013,0
DA:1014,0
DA:1015,0
DA:1016,0
DA:1018,0
DA:1019,0
DA:1020,0
DA:1021,0
DA:1022,0
DA:1023,0
DA:1024,0
DA:1025,0
DA:1026,0
DA:1027,0
DA:1028,0
DA:1029,0
DA:1030,0
DA:1031,0
DA:1032,0
DA:1033,0
DA:1034,0
DA:1035,0
DA:1036,0
DA:1037,0
DA:1038,0
DA:1039,0
DA:1040,0
DA:1041,0
DA:1042,0
DA:1043,0
DA:1044,0
DA:1045,0
DA:1046,0
DA:1047,0
DA:1048,0
DA:1049,0
DA:1050,0
DA:1051,0
DA:1052,0
DA:1053,0
DA:1054,0
DA:1055,0
DA:1056,0
DA:1057,0
DA:1058,0
DA:1059,0
DA:1060,0
DA:1061,0
DA:1063,0
DA:1066,0
DA:1067,0
DA:1068,0
DA:1069,0
DA:1070,0
DA:1071,0
DA:1074,0
DA:1075,0
DA:1076,0
DA:1077,0
DA:1078,0
DA:1079,0
DA:1080,0
DA:1081,0
DA:1082,0
DA:1083,0
DA:1084,0
DA:1085,0
DA:1086,0
DA:1087,0
DA:1088,0
DA:1089,0
DA:1090,0
DA:1091,0
DA:1092,0
DA:1093,0
DA:1094,0
DA:1095,0
DA:1096,0
DA:1097,0
DA:1098,0
DA:1099,0
DA:1100,0
DA:1101,0
DA:1102,0
DA:1103,0
DA:1104,0
DA:1105,0
DA:1106,0
DA:1108,0
DA:1109,0
DA:1110,0
DA:1111,0
DA:1112,0
DA:1113,0
DA:1114,0
DA:1115,0
DA:1116,0
DA:1117,0
DA:1118,0
DA:1119,0
DA:1120,0
DA:1121,0
DA:1122,0
DA:1123,0
DA:1124,0
DA:1125,0
DA:1128,0
DA:1129,0
DA:1131,0
DA:1132,0
DA:1134,0
DA:1135,0
DA:1138,0
DA:1139,0
DA:1140,0
DA:1141,0
DA:1142,0
DA:1143,0
DA:1144,0
DA:1148,0
DA:1149,0
DA:1150,0
DA:1151,0
DA:1152,0
DA:1154,0
DA:1155,0
DA:1156,0
DA:1157,0
DA:1158,0
DA:1159,0
DA:1160,0
DA:1161,0
DA:1162,0
DA:1163,0
DA:1164,0
DA:1165,0
DA:1166,0
DA:1167,0
DA:1168,0
DA:1169,0
DA:1170,0
DA:1171,0
DA:1172,0
DA:1174,0
DA:1175,0
DA:1176,0
DA:1179,0
DA:1180,0
DA:1181,0
DA:1182,0
DA:1183,0
DA:1184,0
DA:1185,0
DA:1186,0
DA:1187,0
DA:1188,0
DA:1189,0
DA:1190,0
DA:1191,0
DA:1192,0
DA:1193,0
DA:1194,0
DA:1195,0
DA:1196,0
DA:1197,0
DA:1198,0
DA:1199,0
DA:1200,0
DA:1201,0
DA:1202,0
DA:1203,0
DA:1204,0
DA:1205,0
DA:1206,0
DA:1207,0
DA:1208,0
DA:1209,0
DA:1211,0
DA:1212,0
DA:1213,0
DA:1215,0
DA:1216,0
DA:1217,0
DA:1218,0
DA:1221,0
DA:1222,0
DA:1223,0
DA:1224,0
DA:1225,0
DA:1226,0
DA:1227,0
DA:1228,0
DA:1229,0
DA:1230,0
DA:1231,0
DA:1232,0
DA:1233,0
DA:1234,0
DA:1235,0
DA:1236,0
DA:1238,0
DA:1242,0
DA:1243,0
DA:1244,0
DA:1245,0
DA:1246,0
DA:1247,0
DA:1248,0
DA:1249,0
DA:1251,0
DA:1252,0
DA:1253,0
DA:1254,0
DA:1256,0
DA:1260,0
DA:1261,0
DA:1262,0
DA:1266,0
DA:1267,0
DA:1268,0
DA:1273,0
DA:1274,0
DA:1275,0
DA:1276,0
DA:1277,0
DA:1278,0
DA:1279,0
DA:1280,0
DA:1281,0
DA:1282,0
DA:1283,0
DA:1284,0
DA:1285,0
DA:1286,0
DA:1287,0
DA:1288,0
DA:1289,0
DA:1290,0
DA:1291,0
DA:1292,0
DA:1293,0
DA:1294,0
DA:1295,0
DA:1296,0
DA:1298,0
DA:1299,0
DA:1300,0
DA:1301,0
DA:1303,0
DA:1304,0
DA:1305,0
DA:1306,0
DA:1307,0
DA:1308,0
DA:1309,0
DA:1310,0
DA:1311,0
DA:1312,0
DA:1313,0
DA:1314,0
DA:1315,0
DA:1316,0
DA:1317,0
DA:1318,0
DA:1319,0
DA:1320,0
DA:1321,0
DA:1322,0
DA:1323,0
DA:1324,0
DA:1325,0
DA:1326,0
DA:1328,0
DA:1329,0
DA:1330,0
DA:1331,0
DA:1332,0
DA:1333,0
DA:1334,0
DA:1335,0
DA:1336,0
DA:1337,0
DA:1338,0
DA:1339,0
DA:1340,0
DA:1341,0
DA:1342,0
DA:1343,0
DA:1344,0
DA:1345,0
DA:1346,0
DA:1347,0
DA:1348,0
DA:1349,0
DA:1350,0
DA:1351,0
DA:1352,0
DA:1353,0
DA:1354,0
DA:1355,0
DA:1356,0
DA:1357,0
DA:1358,0
DA:1359,0
DA:1360,0
DA:1361,0
DA:1362,0
DA:1363,0
DA:1364,0
DA:1365,0
DA:1366,0
DA:1367,0
DA:1368,0
DA:1369,0
DA:1370,0
DA:1371,0
DA:1372,0
DA:1373,0
DA:1374,0
DA:1375,0
DA:1376,0
DA:1378,0
DA:1379,0
DA:1380,0
DA:1381,0
DA:1382,0
DA:1383,0
DA:1385,0
DA:1386,0
DA:1387,0
DA:1388,0
DA:1390,0
DA:1391,0
DA:1392,0
DA:1393,0
DA:1394,0
DA:1395,0
DA:1396,0
DA:1397,0
DA:1398,0
DA:1399,0
DA:1400,0
DA:1401,0
DA:1402,0
DA:1403,0
DA:1404,0
DA:1405,0
DA:1406,0
DA:1407,0
DA:1408,0
DA:1409,0
DA:1410,0
DA:1411,0
DA:1412,0
DA:1413,0
DA:1414,0
DA:1415,0
DA:1416,0
DA:1417,0
DA:1418,0
DA:1419,0
DA:1420,0
DA:1421,0
DA:1423,0
DA:1424,0
DA:1425,0
DA:1426,0
DA:1427,0
DA:1428,0
DA:1430,0
DA:1431,0
DA:1432,0
DA:1433,0
DA:1435,0
DA:1436,0
DA:1437,0
DA:1438,0
DA:1439,0
DA:1440,0
DA:1441,0
DA:1442,0
DA:1443,0
DA:1444,0
DA:1445,0
DA:1446,0
DA:1447,0
DA:1448,0
DA:1449,0
DA:1450,0
DA:1451,0
DA:1452,0
DA:1453,0
DA:1454,0
DA:1455,0
DA:1457,0
DA:1458,0
DA:1459,0
DA:1460,0
DA:1461,0
DA:1462,0
DA:1464,0
DA:1465,0
DA:1466,0
DA:1467,0
DA:1469,0
DA:1470,0
DA:1471,0
DA:1472,0
DA:1473,0
DA:1474,0
DA:1476,0
DA:1477,0
DA:1478,0
DA:1479,0
DA:1480,0
DA:1481,0
DA:1483,0
DA:1484,0
DA:1485,0
DA:1486,0
DA:1487,0
DA:1488,0
DA:1490,0
DA:1491,0
DA:1492,0
DA:1493,0
DA:1494,0
DA:1495,0
DA:1496,0
DA:1497,0
DA:1498,0
DA:1499,0
DA:1500,0
DA:1501,0
DA:1502,0
DA:1504,0
DA:1505,0
DA:1506,0
DA:1507,0
DA:1508,0
DA:1509,0
DA:1510,0
DA:1511,0
DA:1512,0
DA:1513,0
DA:1514,0
DA:1515,0
DA:1516,0
DA:1517,0
DA:1519,0
DA:1520,0
DA:1521,0
DA:1522,0
DA:1523,0
DA:1524,0
DA:1526,0
DA:1527,0
DA:1528,0
DA:1529,0
DA:1530,0
DA:1531,0
DA:1533,0
DA:1534,0
DA:1535,0
DA:1536,0
DA:1538,0
DA:1539,0
DA:1540,0
DA:1541,0
DA:1542,0
DA:1543,0
DA:1545,0
DA:1546,0
DA:1547,0
DA:1548,0
DA:1549,0
DA:1550,0
DA:1552,0
DA:1553,0
DA:1554,0
DA:1555,0
DA:1556,0
DA:1557,0
DA:1559,0
DA:1560,0
DA:1561,0
DA:1562,0
DA:1563,0
DA:1564,0
DA:1566,0
DA:1567,0
DA:1568,0
DA:1569,0
DA:1570,0
DA:1571,0
DA:1573,0
DA:1574,0
DA:1575,0
DA:1576,0
DA:1577,0
DA:1578,0
DA:1580,0
DA:1581,0
DA:1582,0
DA:1583,0
DA:1584,0
DA:1585,0
DA:1587,0
DA:1588,0
DA:1589,0
DA:1590,0
DA:1591,0
DA:1592,0
DA:1594,0
DA:1595,0
DA:1596,0
DA:1597,0
DA:1598,0
DA:1599,0
DA:1601,0
DA:1602,0
DA:1603,0
DA:1604,0
DA:1605,0
DA:1606,0
DA:1608,0
DA:1609,0
DA:1610,0
DA:1611,0
DA:1613,0
DA:1614,0
DA:1615,0
DA:1616,0
DA:1617,0
DA:1618,0
DA:1619,0
DA:1620,0
DA:1621,0
DA:1622,0
DA:1623,0
DA:1624,0
DA:1625,0
DA:1626,0
DA:1627,0
DA:1628,0
DA:1630,0
DA:1631,0
DA:1632,0
DA:1633,0
DA:1634,0
DA:1635,0
DA:1636,0
DA:1637,0
DA:1638,0
DA:1639,0
DA:1640,0
DA:1641,0
DA:1642,0
DA:1643,0
DA:1644,0
DA:1645,0
DA:1647,0
DA:1648,0
DA:1649,0
DA:1650,0
DA:1651,0
DA:1652,0
DA:1653,0
DA:1654,0
DA:1655,0
DA:1656,0
DA:1657,0
DA:1658,0
DA:1659,0
DA:1660,0
DA:1662,0
DA:1663,0
DA:1664,0
DA:1665,0
DA:1666,0
DA:1667,0
DA:1669,0
DA:1670,0
DA:1671,0
DA:1672,0
DA:1673,0
DA:1674,0
DA:1676,0
DA:1677,0
DA:1678,0
DA:1679,0
DA:1680,0
DA:1681,0
DA:1683,0
DA:1684,0
DA:1685,0
DA:1686,0
DA:1687,0
DA:1688,0
DA:1690,0
DA:1691,0
DA:1692,0
DA:1693,0
DA:1695,0
DA:1696,0
DA:1697,0
DA:1698,0
DA:1699,0
DA:1700,0
DA:1702,0
DA:1703,0
DA:1704,0
DA:1705,0
DA:1706,0
DA:1707,0
DA:1708,0
DA:1709,0
DA:1710,0
DA:1711,0
DA:1712,0
DA:1713,0
DA:1714,0
DA:1715,0
DA:1716,0
DA:1717,0
DA:1718,0
DA:1719,0
DA:1720,0
DA:1721,0
DA:1722,0
DA:1723,0
DA:1724,0
DA:1725,0
DA:1726,0
DA:1727,0
DA:1728,0
DA:1729,0
DA:1730,0
DA:1731,0
DA:1732,0
DA:1733,0
DA:1734,0
DA:1735,0
DA:1736,0
DA:1737,0
DA:1738,0
DA:1740,0
DA:1741,0
DA:1742,0
DA:1743,0
DA:1744,0
DA:1745,0
DA:1747,0
DA:1748,0
DA:1749,0
DA:1750,0
DA:1751,0
DA:1752,0
DA:1753,0
DA:1754,0
DA:1755,0
DA:1756,0
DA:1757,0
DA:1758,0
DA:1759,0
DA:1760,0
DA:1761,0
DA:1762,0
DA:1763,0
DA:1764,0
DA:1765,0
DA:1766,0
DA:1767,0
DA:1769,0
DA:1770,0
DA:1771,0
DA:1772,0
DA:1773,0
DA:1774,0
DA:1775,0
DA:1776,0
DA:1777,0
DA:1778,0
DA:1779,0
DA:1780,0
DA:1781,0
DA:1782,0
DA:1783,0
DA:1784,0
DA:1785,0
DA:1786,0
DA:1787,0
DA:1788,0
DA:1789,0
DA:1790,0
DA:1791,0
DA:1792,0
DA:1793,0
DA:1794,0
DA:1796,0
DA:1800,0
DA:1801,0
DA:1802,0
DA:1803,0
DA:1804,0
DA:1805,0
DA:1806,0
DA:1807,0
DA:1808,0
DA:1809,0
DA:1810,0
DA:1811,0
DA:1812,0
DA:1813,0
DA:1814,0
DA:1815,0
DA:1816,0
DA:1817,0
DA:1818,0
DA:1820,0
DA:1821,0
DA:1822,0
DA:1823,0
DA:1824,0
DA:1825,0
DA:1826,0
DA:1827,0
DA:1828,0
DA:1829,0
DA:1830,0
DA:1831,0
DA:1832,0
DA:1833,0
DA:1834,0
DA:1835,0
DA:1836,0
DA:1837,0
DA:1838,0
DA:1839,0
DA:1840,0
DA:1841,0
DA:1842,0
DA:1843,0
DA:1844,0
DA:1845,0
DA:1846,0
DA:1847,0
DA:1848,0
DA:1849,0
DA:1850,0
DA:1851,0
DA:1853,0
DA:1854,0
DA:1855,0
DA:1856,0
DA:1858,0
DA:1859,0
DA:1860,0
DA:1861,0
DA:1862,0
DA:1863,0
DA:1864,0
DA:1865,0
DA:1866,0
DA:1867,0
DA:1868,0
DA:1869,0
DA:1870,0
DA:1871,0
DA:1872,0
DA:1873,0
DA:1874,0
DA:1875,0
DA:1876,0
DA:1877,0
DA:1878,0
DA:1879,0
DA:1880,0
DA:1881,0
DA:1883,0
DA:1884,0
DA:1885,0
DA:1886,0
DA:1887,0
DA:1888,0
DA:1890,0
DA:1891,0
DA:1892,0
DA:1893,0
DA:1894,0
DA:1895,0
DA:1896,0
DA:1897,0
DA:1898,0
DA:1899,0
DA:1901,0
DA:1902,0
DA:1903,0
DA:1904,0
DA:1905,0
DA:1906,0
DA:1908,0
DA:1909,0
DA:1910,0
DA:1911,0
DA:1913,0
DA:1914,0
DA:1915,0
DA:1916,0
DA:1917,0
DA:1918,0
DA:1919,0
DA:1920,0
DA:1921,0
DA:1922,0
DA:1923,0
DA:1924,0
DA:1925,0
DA:1926,0
DA:1928,0
DA:1929,0
DA:1930,0
DA:1931,0
DA:1932,0
DA:1933,0
DA:1935,0
DA:1936,0
DA:1937,0
DA:1938,0
DA:1940,0
DA:1941,0
DA:1942,0
DA:1943,0
DA:1944,0
DA:1945,0
DA:1947,0
DA:1948,0
DA:1949,0
DA:1950,0
DA:1951,0
DA:1952,0
DA:1953,0
DA:1954,0
DA:1955,0
DA:1957,0
DA:1961,0
DA:1962,0
DA:1963,0
DA:1964,0
DA:1965,0
DA:1966,0
DA:1967,0
DA:1968,0
DA:1969,0
DA:1970,0
DA:1971,0
DA:1973,0
DA:1974,0
DA:1975,0
DA:1976,0
DA:1977,0
DA:1978,0
DA:1979,0
DA:1980,0
DA:1981,0
DA:1982,0
DA:1983,0
DA:1984,0
DA:1985,0
DA:1986,0
DA:1987,0
DA:1988,0
DA:1989,0
DA:1990,0
DA:1991,0
DA:1992,0
DA:1993,0
DA:1994,0
DA:1995,0
DA:1996,0
DA:1997,0
DA:1998,0
DA:1999,0
DA:2000,0
DA:2001,0
DA:2002,0
DA:2003,0
DA:2004,0
DA:2005,0
DA:2007,0
DA:2008,0
DA:2009,0
DA:2010,0
DA:2011,0
DA:2012,0
DA:2014,0
DA:2015,0
DA:2016,0
DA:2017,0
DA:2019,0
DA:2020,0
DA:2021,0
DA:2022,0
DA:2023,0
DA:2024,0
DA:2026,0
DA:2027,0
DA:2028,0
DA:2029,0
DA:2030,0
DA:2031,0
DA:2033,0
DA:2034,0
DA:2035,0
DA:2036,0
DA:2038,0
DA:2039,0
DA:2040,0
DA:2041,0
DA:2042,0
DA:2043,0
DA:2044,0
DA:2045,0
DA:2046,0
DA:2047,0
DA:2048,0
DA:2049,0
DA:2050,0
DA:2051,0
DA:2053,0
DA:2054,0
DA:2055,0
DA:2056,0
DA:2057,0
DA:2059,0
DA:2063,0
DA:2064,0
DA:2065,0
DA:2066,0
DA:2068,0
DA:2069,0
DA:2070,0
DA:2071,0
DA:2072,0
DA:2073,0
DA:2074,0
DA:2076,0
DA:2077,0
DA:2078,0
DA:2079,0
DA:2080,0
DA:2082,0
DA:2083,0
DA:2084,0
DA:2085,0
DA:2086,0
DA:2087,0
DA:2088,0
DA:2089,0
DA:2090,0
DA:2091,0
DA:2092,0
DA:2094,0
DA:2095,0
DA:2096,0
DA:2097,0
DA:2098,0
DA:2099,0
DA:2101,0
DA:2102,0
DA:2103,0
DA:2104,0
DA:2105,0
DA:2106,0
DA:2108,0
DA:2109,0
DA:2110,0
DA:2111,0
DA:2112,0
DA:2113,0
DA:2115,0
DA:2116,0
DA:2117,0
DA:2118,0
DA:2119,0
DA:2120,0
DA:2122,0
DA:2123,0
DA:2124,0
DA:2125,0
DA:2126,0
DA:2127,0
DA:2128,0
DA:2129,0
DA:2131,0
DA:2132,0
DA:2133,0
DA:2134,0
DA:2135,0
DA:2136,0
DA:2137,0
DA:2138,0
DA:2139,0
DA:2140,0
DA:2141,0
DA:2142,0
DA:2143,0
DA:2144,0
DA:2145,0
DA:2146,0
DA:2147,0
DA:2148,0
DA:2149,0
DA:2150,0
DA:2151,0
DA:2152,0
DA:2153,0
DA:2154,0
DA:2155,0
DA:2156,0
DA:2157,0
DA:2158,0
DA:2159,0
DA:2160,0
DA:2161,0
DA:2162,0
DA:2163,0
DA:2164,0
DA:2165,0
DA:2166,0
DA:2167,0
DA:2169,0
DA:2170,0
DA:2171,0
DA:2172,0
DA:2173,0
DA:2174,0
DA:2176,0
DA:2177,0
DA:2178,0
DA:2179,0
DA:2180,0
DA:2181,0
DA:2182,0
DA:2183,0
DA:2185,0
DA:2187,0
DA:2191,0
DA:2192,0
DA:2193,0
DA:2194,0
DA:2195,0
DA:2196,0
DA:2197,0
DA:2198,0
DA:2200,0
DA:2201,0
DA:2202,0
DA:2204,0
DA:2206,0
DA:2207,0
DA:2208,0
DA:2209,0
DA:2210,0
DA:2211,0
DA:2212,0
DA:2213,0
DA:2214,0
DA:2215,0
DA:2216,0
DA:2217,0
DA:2218,0
DA:2220,0
DA:2221,0
DA:2222,0
DA:2223,0
DA:2224,0
DA:2226,0
DA:2227,0
DA:2228,0
DA:2229,0
DA:2230,0
DA:2231,0
DA:2232,0
DA:2233,0
DA:2234,0
DA:2235,0
DA:2237,0
DA:2238,0
DA:2239,0
DA:2240,0
DA:2242,0
DA:2243,0
DA:2244,0
DA:2245,0
DA:2246,0
DA:2247,0
DA:2248,0
DA:2249,0
DA:2250,0
DA:2251,0
DA:2252,0
DA:2253,0
DA:2255,0
DA:2256,0
DA:2257,0
DA:2258,0
DA:2260,0
DA:2261,0
DA:2262,0
DA:2263,0
DA:2264,0
DA:2265,0
DA:2267,0
DA:2270,0
DA:2271,0
DA:2272,0
DA:2273,0
DA:2274,0
DA:2275,0
DA:2276,0
DA:2277,0
DA:2278,0
DA:2279,0
DA:2280,0
DA:2281,0
DA:2282,0
DA:2283,0
DA:2284,0
DA:2285,0
DA:2286,0
DA:2287,0
DA:2288,0
DA:2289,0
DA:2290,0
DA:2291,0
DA:2292,0
DA:2293,0
DA:2294,0
DA:2295,0
DA:2296,0
DA:2297,0
DA:2298,0
DA:2299,0
DA:2300,0
DA:2301,0
DA:2302,0
DA:2303,0
DA:2304,0
DA:2306,0
DA:2307,0
DA:2308,0
DA:2309,0
DA:2310,0
DA:2311,0
DA:2312,0
DA:2313,0
DA:2314,0
DA:2315,0
DA:2316,0
DA:2318,0
DA:2319,0
DA:2320,0
DA:2321,0
DA:2322,0
DA:2323,0
DA:2324,0
DA:2325,0
DA:2326,0
DA:2327,0
DA:2328,0
DA:2329,0
DA:2330,0
DA:2331,0
DA:2332,0
DA:2333,0
DA:2334,0
DA:2336,0
DA:2337,0
DA:2338,0
DA:2339,0
DA:2340,0
DA:2341,0
DA:2342,0
DA:2343,0
DA:2344,0
DA:2345,0
DA:2346,0
DA:2347,0
DA:2348,0
DA:2349,0
DA:2350,0
DA:2351,0
DA:2352,0
DA:2353,0
DA:2354,0
DA:2355,0
DA:2356,0
DA:2357,0
DA:2358,0
DA:2359,0
DA:2360,0
DA:2361,0
DA:2363,0
DA:2364,0
DA:2365,0
DA:2366,0
DA:2367,0
DA:2368,0
DA:2369,0
DA:2370,0
DA:2371,0
DA:2372,0
DA:2373,0
DA:2374,0
DA:2375,0
DA:2376,0
DA:2377,0
DA:2378,0
DA:2379,0
DA:2380,0
DA:2381,0
DA:2382,0
DA:2383,0
DA:2384,0
DA:2385,0
DA:2386,0
DA:2387,0
DA:2388,0
DA:2389,0
DA:2390,0
DA:2391,0
DA:2392,0
DA:2393,0
DA:2394,0
DA:2395,0
DA:2396,0
DA:2397,0
DA:2398,0
DA:2399,0
DA:2400,0
DA:2401,0
DA:2402,0
DA:2403,0
DA:2404,0
DA:2405,0
DA:2406,0
DA:2407,0
DA:2408,0
DA:2409,0
DA:2410,0
DA:2411,0
DA:2412,0
DA:2413,0
DA:2414,0
DA:2415,0
DA:2416,0
DA:2417,0
DA:2418,0
DA:2419,0
DA:2420,0
DA:2421,0
DA:2422,0
DA:2423,0
DA:2424,0
DA:2425,0
DA:2426,0
DA:2427,0
DA:2428,0
DA:2429,0
DA:2430,0
DA:2431,0
DA:2432,0
DA:2433,0
DA:2434,0
DA:2435,0
DA:2436,0
DA:2437,0
DA:2438,0
DA:2439,0
DA:2440,0
DA:2441,0
DA:2443,0
DA:2444,0
DA:2446,0
DA:2447,0
DA:2448,0
DA:2450,0
DA:2451,0
DA:2452,0
DA:2453,0
DA:2454,0
DA:2455,0
DA:2456,0
DA:2458,0
DA:2459,0
DA:2460,0
DA:2461,0
DA:2462,0
DA:2463,0
DA:2464,0
DA:2465,0
DA:2466,0
DA:2467,0
DA:2468,0
DA:2469,0
DA:2470,0
DA:2471,0
DA:2473,0
DA:2475,0
DA:2477,0
DA:2480,0
DA:2481,0
DA:2482,0
DA:2483,0
DA:2484,0
DA:2485,0
DA:2486,0
DA:2487,0
DA:2488,0
DA:2489,0
DA:2491,0
DA:2492,0
DA:2493,0
DA:2494,0
DA:2495,0
DA:2496,0
DA:2497,0
DA:2498,0
DA:2499,0
DA:2500,0
DA:2501,0
DA:2502,0
DA:2503,0
DA:2504,0
DA:2505,0
DA:2506,0
DA:2507,0
DA:2508,0
DA:2509,0
DA:2510,0
DA:2511,0
DA:2512,0
DA:2513,0
DA:2514,0
DA:2515,0
DA:2516,0
DA:2517,0
DA:2518,0
DA:2519,0
DA:2520,0
DA:2521,0
DA:2522,0
DA:2524,0
DA:2526,0
DA:2529,0
DA:2530,0
DA:2531,0
DA:2532,0
DA:2533,0
DA:2534,0
DA:2536,0
DA:2537,0
DA:2538,0
DA:2539,0
DA:2540,0
DA:2541,0
DA:2542,0
DA:2543,0
DA:2544,0
DA:2545,0
DA:2546,0
DA:2547,0
DA:2548,0
DA:2549,0
DA:2551,0
DA:2552,0
DA:2553,0
DA:2555,0
DA:2556,0
DA:2558,0
DA:2559,0
DA:2560,0
DA:2561,0
DA:2562,0
DA:2564,0
DA:2565,0
DA:2566,0
DA:2567,0
DA:2568,0
DA:2569,0
DA:2570,0
DA:2571,0
DA:2572,0
DA:2573,0
DA:2574,0
DA:2575,0
DA:2576,0
DA:2577,0
DA:2578,0
DA:2579,0
DA:2580,0
DA:2581,0
DA:2582,0
DA:2583,0
DA:2584,0
DA:2586,0
DA:2587,0
DA:2588,0
DA:2589,0
DA:2590,0
DA:2591,0
DA:2592,0
DA:2593,0
DA:2594,0
DA:2595,0
DA:2597,0
DA:2599,0
DA:2603,0
DA:2604,0
DA:2605,0
DA:2606,0
DA:2607,0
DA:2609,0
DA:2610,0
DA:2611,0
DA:2612,0
DA:2613,0
DA:2615,0
DA:2616,0
DA:2617,0
DA:2619,0
DA:2620,0
DA:2621,0
DA:2624,0
DA:2625,0
DA:2626,0
DA:2627,0
DA:2629,0
DA:2630,0
DA:2631,0
DA:2632,0
DA:2634,0
DA:2635,0
DA:2636,0
DA:2637,0
DA:2638,0
DA:2639,0
DA:2641,0
DA:2642,0
DA:2643,0
DA:2645,0
DA:2646,0
DA:2647,0
DA:2648,0
DA:2649,0
DA:2650,0
DA:2651,0
DA:2652,0
DA:2653,0
DA:2654,0
DA:2655,0
DA:2656,0
DA:2657,0
DA:2658,0
DA:2659,0
DA:2660,0
DA:2661,0
DA:2662,0
DA:2663,0
DA:2665,0
DA:2666,0
DA:2667,0
DA:2668,0
DA:2670,0
DA:2671,0
DA:2672,0
DA:2673,0
DA:2674,0
DA:2675,0
DA:2676,0
DA:2677,0
DA:2678,0
DA:2679,0
DA:2680,0
DA:2681,0
DA:2682,0
DA:2683,0
DA:2684,0
DA:2686,0
DA:2687,0
DA:2688,0
DA:2689,0
DA:2690,0
DA:2691,0
DA:2693,0
DA:2694,0
DA:2695,0
DA:2696,0
DA:2697,0
DA:2698,0
DA:2699,0
DA:2700,0
DA:2701,0
DA:2702,0
DA:2703,0
DA:2704,0
DA:2705,0
DA:2708,0
DA:2709,0
DA:2710,0
DA:2711,0
DA:2712,0
DA:2713,0
DA:2715,0
DA:2716,0
DA:2717,0
DA:2718,0
DA:2719,0
DA:2720,0
DA:2722,0
LF:2318
LH:213
BRDA:51,0,0,12
BRDA:81,1,0,0
BRDA:87,2,0,2
BRDA:102,3,0,10
BRDA:107,4,0,1
BRDA:112,5,0,0
BRDA:117,6,0,0
BRDA:122,7,0,0
BRDA:127,8,0,0
BRDA:142,9,0,0
BRDA:147,10,0,0
BRDA:150,11,0,0
BRDA:61,12,0,5
BRDA:69,13,0,1
BRDA:94,14,0,99
BRDA:95,15,0,11
BRDA:95,16,0,88
BRDA:96,17,0,11
BRDA:96,18,0,88
BRDA:96,19,0,11
BRDA:96,20,0,77
BRDA:96,21,0,11
BRDA:96,22,0,66
BRDA:95,23,0,1
BRDA:159,24,0,12
BRDA:176,25,0,7
BRDA:176,26,0,6
BRDA:182,27,0,5
BRDA:184,28,0,0
BRDA:191,29,0,5
BRDA:203,30,0,1
BRDA:203,31,0,4
BRDA:208,32,0,1
BRDA:208,33,0,4
BRDA:217,34,0,5
BRDA:217,35,0,0
BRDA:218,36,0,5
BRDA:218,37,0,0
BRDA:242,38,0,5
BRDA:242,39,0,0
BRDA:243,40,0,5
BRDA:243,41,0,0
BRDA:256,42,0,5
BRDA:262,43,0,0
BRDA:279,44,0,0
BRDA:282,45,0,0
BRDA:282,46,0,5
BRDA:283,47,0,0
BRDA:283,48,0,5
BRDA:287,49,0,0
BRDA:299,50,0,5
BRDA:164,51,0,5
BRDA:170,52,0,5
BRDA:171,53,0,5
BRDA:174,54,0,5
BRDA:313,55,0,1
BRDA:365,56,0,0
BRDA:393,57,0,0
BRDA:395,58,0,0
BRDA:320,59,0,1
BRF:60
BRH:39
end_of_record
TN:
SF:src\pages\AuditLogs.tsx
FN:4,AuditLogs
FN:51,onClick
FN:55,onClick
FNF:3
FNH:2
FNDA:11,AuditLogs
FNDA:0,onClick
FNDA:1,onClick
DA:1,1
DA:4,11
DA:5,11
DA:6,11
DA:8,11
DA:9,7
DA:10,11
DA:12,11
DA:13,11
DA:14,11
DA:16,11
DA:17,11
DA:18,11
DA:19,11
DA:20,11
DA:21,11
DA:22,11
DA:23,11
DA:24,11
DA:25,11
DA:26,11
DA:27,11
DA:28,11
DA:29,11
DA:30,152
DA:31,152
DA:32,152
DA:33,152
DA:34,152
DA:35,152
DA:36,152
DA:37,152
DA:38,152
DA:39,152
DA:40,152
DA:41,152
DA:42,152
DA:43,152
DA:44,152
DA:45,152
DA:46,11
DA:47,11
DA:48,11
DA:50,11
DA:51,11
DA:53,11
DA:54,11
DA:55,11
DA:57,11
DA:58,11
DA:59,11
DA:60,11
DA:62,11
LF:53
LH:53
BRDA:4,0,0,11
BRDA:8,1,0,7
BRDA:29,2,0,152
BRDA:37,3,0,0
BRDA:55,4,0,1
BRF:5
BRH:4
end_of_record
TN:
SF:src\pages\Credentials.tsx
FN:26,Credentials
FN:74,handleSaveProfile
FN:103,handleDeleteProfile
FN:116,handleAddMapping
FN:134,handler
FN:147,positionMenu
FN:171,handleRemoveMapping
FN:231,onClick
FN:256,onChange
FN:266,onChange
FN:276,onChange
FN:291,onChange
FN:307,onClick
FN:335,onClick
FN:367,onClick
FN:376,onClick
FN:440,onClick
FN:474,onChange
FN:475,onClick
FN:523,onClick
FN:531,onClick
FN:553,onClick
FN:557,onClick
FN:578,onClick
FN:584,onClick
FNF:25
FNH:1
FNDA:8,Credentials
FNDA:0,handleSaveProfile
FNDA:0,handleDeleteProfile
FNDA:0,handleAddMapping
FNDA:0,handler
FNDA:0,positionMenu
FNDA:0,handleRemoveMapping
FNDA:0,onClick
FNDA:0,onChange
FNDA:0,onChange
FNDA:0,onChange
FNDA:0,onChange
FNDA:0,onClick
FNDA:0,onClick
FNDA:0,onClick
FNDA:0,onClick
FNDA:0,onClick
FNDA:0,onChange
FNDA:0,onClick
FNDA:0,onClick
FNDA:0,onClick
FNDA:0,onClick
FNDA:0,onClick
FNDA:0,onClick
FNDA:0,onClick
DA:1,1
DA:26,8
DA:27,8
DA:28,8
DA:29,8
DA:30,8
DA:31,8
DA:32,8
DA:33,8
DA:34,8
DA:35,8
DA:36,8
DA:37,8
DA:38,8
DA:39,8
DA:40,8
DA:41,8
DA:42,8
DA:44,8
DA:45,4
DA:46,4
DA:47,4
DA:48,4
DA:49,4
DA:50,4
DA:51,3
DA:52,3
DA:53,3
DA:56,3
DA:57,3
DA:58,3
DA:59,1
DA:60,1
DA:61,1
DA:62,0
DA:63,0
DA:64,3
DA:65,3
DA:66,3
DA:67,4
DA:68,1
DA:69,1
DA:70,8
DA:72,8
DA:74,8
DA:75,0
DA:76,0
DA:77,0
DA:78,0
DA:79,0
DA:80,0
DA:81,0
DA:82,0
DA:83,0
DA:84,0
DA:85,0
DA:86,0
DA:87,0
DA:88,0
DA:89,0
DA:90,0
DA:91,0
DA:92,0
DA:93,0
DA:94,0
DA:95,0
DA:96,0
DA:97,0
DA:98,0
DA:99,0
DA:100,0
DA:101,0
DA:103,8
DA:104,0
DA:105,0
DA:106,0
DA:107,0
DA:108,0
DA:109,0
DA:110,0
DA:111,0
DA:112,0
DA:113,0
DA:114,0
DA:116,8
DA:117,0
DA:118,0
DA:119,0
DA:120,0
DA:121,0
DA:122,0
DA:123,0
DA:124,0
DA:125,0
DA:126,0
DA:127,0
DA:128,0
DA:129,0
DA:130,0
DA:133,8
DA:134,4
DA:135,0
DA:136,0
DA:137,0
DA:138,0
DA:139,0
DA:140,4
DA:141,4
DA:142,8
DA:145,8
DA:146,4
DA:147,0
DA:148,0
DA:149,0
DA:150,0
DA:151,0
DA:152,0
DA:153,0
DA:154,0
DA:155,0
DA:156,0
DA:157,0
DA:158,0
DA:159,0
DA:160,0
DA:161,0
DA:162,0
DA:163,0
DA:164,0
DA:165,0
DA:166,0
DA:167,0
DA:168,0
DA:169,8
DA:171,8
DA:172,0
DA:173,0
DA:174,0
DA:175,0
DA:176,0
DA:177,0
DA:178,0
DA:179,0
DA:182,8
DA:183,8
DA:184,8
DA:186,8
DA:188,8
DA:189,0
DA:190,0
DA:191,0
DA:192,0
DA:193,0
DA:194,0
DA:195,8
DA:197,8
DA:198,6
DA:199,6
DA:200,6
DA:201,6
DA:202,6
DA:203,6
DA:204,6
DA:205,6
DA:206,6
DA:207,6
DA:208,6
DA:209,6
DA:212,6
DA:213,6
DA:214,6
DA:215,6
DA:216,6
DA:218,6
DA:220,2
DA:221,2
DA:222,2
DA:223,2
DA:224,2
DA:225,2
DA:227,2
DA:228,2
DA:229,2
DA:230,2
DA:231,2
DA:233,2
DA:234,2
DA:235,2
DA:236,2
DA:238,2
DA:239,2
DA:240,2
DA:242,2
DA:243,0
DA:244,0
DA:245,0
DA:249,8
DA:250,0
DA:251,0
DA:252,0
DA:253,0
DA:254,0
DA:255,0
DA:256,0
DA:257,0
DA:258,0
DA:259,0
DA:260,0
DA:261,0
DA:262,0
DA:263,0
DA:264,0
DA:265,0
DA:266,0
DA:267,0
DA:268,0
DA:269,0
DA:270,0
DA:271,0
DA:272,0
DA:273,0
DA:274,0
DA:275,0
DA:276,0
DA:277,0
DA:278,0
DA:279,0
DA:280,0
DA:281,0
DA:282,0
DA:283,0
DA:284,0
DA:285,0
DA:286,0
DA:287,0
DA:288,0
DA:289,0
DA:290,0
DA:291,0
DA:292,0
DA:293,0
DA:294,0
DA:295,0
DA:296,0
DA:297,0
DA:298,0
DA:299,0
DA:301,0
DA:302,0
DA:303,0
DA:304,0
DA:305,0
DA:306,0
DA:307,0
DA:308,0
DA:309,0
DA:313,8
DA:314,1
DA:315,1
DA:316,1
DA:317,1
DA:318,1
DA:320,1
DA:321,1
DA:323,1
DA:324,1
DA:325,1
DA:326,1
DA:327,1
DA:329,1
DA:330,1
DA:332,1
DA:333,1
DA:334,1
DA:335,1
DA:337,1
DA:338,1
DA:339,1
DA:340,1
DA:342,1
DA:343,1
DA:344,1
DA:345,1
DA:346,1
DA:347,1
DA:348,1
DA:349,1
DA:350,1
DA:351,1
DA:352,0
DA:354,0
DA:356,1
DA:357,1
DA:358,1
DA:359,1
DA:360,1
DA:362,1
DA:363,1
DA:364,1
DA:365,1
DA:366,1
DA:367,1
DA:368,0
DA:369,0
DA:370,0
DA:371,1
DA:373,1
DA:374,1
DA:375,1
DA:376,1
DA:377,0
DA:378,0
DA:379,0
DA:380,1
DA:382,1
DA:383,1
DA:384,1
DA:385,1
DA:387,1
DA:388,1
DA:389,1
DA:390,1
DA:393,1
DA:394,0
DA:395,0
DA:396,0
DA:397,0
DA:398,0
DA:399,0
DA:400,0
DA:401,0
DA:402,0
DA:403,0
DA:404,0
DA:405,0
DA:406,0
DA:407,0
DA:408,0
DA:409,0
DA:410,0
DA:411,0
DA:412,0
DA:413,0
DA:414,0
DA:415,0
DA:416,0
DA:417,0
DA:418,0
DA:420,0
DA:421,0
DA:422,0
DA:423,0
DA:424,0
DA:425,0
DA:427,0
DA:429,0
DA:433,0
DA:434,0
DA:435,0
DA:436,0
DA:437,0
DA:438,0
DA:439,0
DA:440,0
DA:442,0
DA:443,0
DA:444,0
DA:445,0
DA:446,0
DA:447,0
DA:448,0
DA:449,0
DA:450,0
DA:451,0
DA:453,0
DA:454,0
DA:455,0
DA:456,0
DA:457,0
DA:458,0
DA:460,0
DA:461,0
DA:462,0
DA:464,0
DA:465,0
DA:466,0
DA:467,0
DA:468,0
DA:469,0
DA:470,0
DA:471,0
DA:472,0
DA:473,0
DA:474,0
DA:475,0
DA:476,0
DA:477,0
DA:478,0
DA:479,0
DA:480,0
DA:481,0
DA:483,0
DA:484,0
DA:485,0
DA:486,0
DA:487,0
DA:488,0
DA:489,0
DA:490,0
DA:491,0
DA:492,0
DA:493,0
DA:494,0
DA:495,0
DA:496,0
DA:497,0
DA:498,0
DA:500,0
DA:501,0
DA:502,0
DA:503,0
DA:504,0
DA:506,0
DA:507,0
DA:508,0
DA:509,0
DA:510,0
DA:511,0
DA:513,0
DA:514,0
DA:515,0
DA:516,0
DA:517,0
DA:518,0
DA:519,0
DA:520,0
DA:521,0
DA:522,0
DA:523,0
DA:525,0
DA:526,0
DA:527,0
DA:529,0
DA:530,0
DA:531,0
DA:533,0
DA:534,0
DA:535,0
DA:536,0
DA:538,0
DA:539,0
DA:541,0
DA:543,1
DA:545,1
DA:546,1
DA:550,8
DA:551,0
DA:552,0
DA:553,0
DA:555,0
DA:556,0
DA:557,0
DA:558,0
DA:560,0
DA:561,0
DA:562,0
DA:563,0
DA:564,0
DA:565,0
DA:566,0
DA:567,0
DA:568,0
DA:570,0
DA:571,0
DA:572,0
DA:573,0
DA:575,0
DA:576,0
DA:577,0
DA:578,0
DA:579,0
DA:581,0
DA:582,0
DA:583,0
DA:584,0
DA:585,0
DA:587,0
DA:588,0
DA:589,0
DA:590,0
DA:591,0
DA:592,0
DA:593,8
DA:595,8
LF:494
LH:164
BRDA:26,0,0,8
BRDA:197,1,0,6
BRDA:218,2,0,2
BRDA:242,3,0,0
BRDA:249,4,0,0
BRDA:313,5,0,1
BRDA:313,6,0,1
BRDA:321,7,0,1
BRDA:550,8,0,0
BRDA:44,9,0,4
BRDA:50,10,0,3
BRDA:67,11,0,1
BRDA:58,12,0,1
BRDA:61,13,0,0
BRDA:72,14,0,4
BRDA:133,15,0,4
BRDA:141,16,0,4
BRDA:145,17,0,4
BRDA:146,18,0,0
BRDA:146,19,0,0
BRDA:324,20,0,1
BRDA:326,21,0,0
BRDA:330,22,0,0
BRDA:334,23,0,0
BRDA:349,24,0,0
BRDA:351,25,0,0
BRDA:384,26,0,0
BRDA:393,27,0,0
BRF:28
BRH:15
end_of_record
TN:
SF:src\pages\Dashboard.tsx
FN:9,ProtocolIcon
FN:47,Dashboard
FN:411,onChange
FN:433,onClick
FN:444,onClick
FN:514,onToggleCollapse
FN:533,onToggleChecked
FN:535,onToggleFavorite
FN:540,onConnect
FN:564,onClick
FN:583,onClick
FN:603,onClick
FN:608,onClick
FN:615,onSubmit
FN:657,onClick
FN:674,ConnectionRow
FN:755,onChange
FN:772,ConnectionGroupRows
FNF:18
FNH:4
FNDA:40,ProtocolIcon
FNDA:53,Dashboard
FNDA:14,onChange
FNDA:0,onClick
FNDA:0,onClick
FNDA:0,onToggleCollapse
FNDA:0,onToggleChecked
FNDA:0,onToggleFavorite
FNDA:0,onConnect
FNDA:0,onClick
FNDA:0,onClick
FNDA:0,onClick
FNDA:0,onClick
FNDA:0,onSubmit
FNDA:0,onClick
FNDA:40,ConnectionRow
FNDA:0,onChange
FNDA:0,ConnectionGroupRows
DA:1,1
DA:7,1
DA:9,40
DA:10,40
DA:11,40
DA:12,9
DA:13,9
DA:14,9
DA:15,9
DA:17,9
DA:18,40
DA:19,12
DA:20,12
DA:21,12
DA:22,12
DA:24,12
DA:25,19
DA:26,19
DA:27,19
DA:28,19
DA:29,19
DA:31,19
DA:32,0
DA:33,0
DA:34,0
DA:35,0
DA:37,0
DA:47,53
DA:48,53
DA:49,53
DA:50,53
DA:51,53
DA:52,53
DA:53,53
DA:54,53
DA:55,53
DA:56,53
DA:57,53
DA:58,53
DA:59,53
DA:60,53
DA:62,53
DA:63,53
DA:64,53
DA:65,53
DA:67,53
DA:68,8
DA:69,8
DA:70,8
DA:72,8
DA:73,8
DA:74,8
DA:75,0
DA:76,0
DA:77,0
DA:78,0
DA:79,0
DA:80,0
DA:81,8
DA:82,8
DA:83,8
DA:84,8
DA:85,53
DA:87,53
DA:88,8
DA:89,8
DA:90,8
DA:91,8
DA:92,53
DA:94,53
DA:95,30
DA:96,30
DA:97,0
DA:98,0
DA:99,30
DA:100,14
DA:101,14
DA:102,14
DA:103,30
DA:104,0
DA:105,0
DA:106,30
DA:107,53
DA:109,53
DA:110,53
DA:113,53
DA:114,52
DA:115,0
DA:116,0
DA:117,0
DA:118,0
DA:119,0
DA:120,0
DA:121,0
DA:122,0
DA:123,0
DA:124,0
DA:125,0
DA:126,0
DA:127,53
DA:129,53
DA:130,0
DA:131,0
DA:132,0
DA:133,0
DA:134,0
DA:135,53
DA:138,53
DA:139,18
DA:140,18
DA:141,18
DA:142,18
DA:143,53
DA:145,53
DA:146,15
DA:147,53
DA:148,53
DA:150,53
DA:151,0
DA:152,0
DA:153,0
DA:154,0
DA:155,0
DA:156,0
DA:157,0
DA:158,0
DA:159,0
DA:160,0
DA:161,0
DA:162,0
DA:163,0
DA:164,53
DA:166,53
DA:168,53
DA:169,0
DA:170,0
DA:171,0
DA:172,0
DA:173,0
DA:174,0
DA:175,53
DA:177,53
DA:178,0
DA:179,0
DA:180,0
DA:181,0
DA:182,0
DA:183,53
DA:185,53
DA:186,0
DA:187,0
DA:188,0
DA:189,53
DA:191,53
DA:192,0
DA:195,0
DA:196,0
DA:197,0
DA:199,0
DA:200,0
DA:201,0
DA:202,0
DA:203,0
DA:204,0
DA:205,0
DA:206,0
DA:207,0
DA:208,0
DA:210,0
DA:211,0
DA:212,0
DA:213,0
DA:214,0
DA:215,0
DA:216,0
DA:217,0
DA:218,0
DA:220,0
DA:222,0
DA:224,0
DA:225,0
DA:226,0
DA:227,0
DA:228,0
DA:229,0
DA:231,0
DA:232,0
DA:233,53
DA:236,53
DA:237,0
DA:238,0
DA:239,0
DA:240,0
DA:241,0
DA:242,0
DA:243,0
DA:245,0
DA:246,0
DA:247,0
DA:248,0
DA:251,0
DA:252,0
DA:253,0
DA:254,0
DA:255,0
DA:256,0
DA:257,0
DA:258,0
DA:259,0
DA:260,0
DA:261,0
DA:262,0
DA:263,0
DA:264,0
DA:266,0
DA:267,0
DA:268,0
DA:269,0
DA:270,0
DA:271,0
DA:273,0
DA:274,0
DA:275,0
DA:276,0
DA:277,0
DA:278,0
DA:279,0
DA:280,0
DA:281,0
DA:283,0
DA:284,0
DA:285,0
DA:286,0
DA:287,0
DA:288,0
DA:289,0
DA:290,0
DA:291,0
DA:292,53
DA:295,53
DA:296,0
DA:297,0
DA:298,0
DA:299,53
DA:302,53
DA:303,15
DA:304,15
DA:305,15
DA:306,15
DA:307,53
DA:310,53
DA:311,0
DA:312,0
DA:313,0
DA:314,0
DA:315,0
DA:316,53
DA:318,53
DA:319,53
DA:320,53
DA:323,53
DA:324,0
DA:325,0
DA:326,0
DA:327,0
DA:328,0
DA:329,0
DA:330,0
DA:331,0
DA:332,0
DA:333,0
DA:336,0
DA:337,0
DA:338,0
DA:339,0
DA:340,0
DA:341,0
DA:342,0
DA:343,0
DA:344,0
DA:345,0
DA:346,0
DA:349,0
DA:350,0
DA:351,0
DA:354,0
DA:355,0
DA:356,0
DA:357,0
DA:358,0
DA:359,0
DA:360,0
DA:361,0
DA:362,0
DA:363,0
DA:364,0
DA:365,0
DA:366,0
DA:367,0
DA:369,0
DA:370,0
DA:371,0
DA:372,0
DA:373,0
DA:374,0
DA:375,0
DA:376,0
DA:379,0
DA:380,0
DA:381,0
DA:382,0
DA:383,0
DA:384,0
DA:385,0
DA:386,0
DA:388,0
DA:389,0
DA:390,0
DA:392,0
DA:393,0
DA:395,0
DA:396,0
DA:397,0
DA:401,53
DA:402,53
DA:403,53
DA:404,53
DA:405,53
DA:406,53
DA:407,53
DA:408,53
DA:409,53
DA:410,53
DA:411,53
DA:412,53
DA:413,53
DA:414,53
DA:416,53
DA:417,53
DA:418,53
DA:419,53
DA:420,53
DA:421,53
DA:422,53
DA:423,53
DA:424,53
DA:425,53
DA:426,53
DA:427,53
DA:428,53
DA:429,53
DA:431,53
DA:432,53
DA:433,53
DA:434,53
DA:436,53
DA:437,53
DA:438,53
DA:439,53
DA:440,53
DA:442,53
DA:443,53
DA:444,53
DA:445,53
DA:447,53
DA:448,53
DA:449,53
DA:451,53
DA:453,53
DA:454,0
DA:455,0
DA:456,0
DA:457,0
DA:458,0
DA:459,0
DA:461,53
DA:464,53
DA:465,53
DA:466,53
DA:467,53
DA:468,53
DA:469,53
DA:470,53
DA:471,53
DA:472,53
DA:473,53
DA:474,53
DA:475,53
DA:476,53
DA:477,53
DA:478,53
DA:479,53
DA:480,53
DA:481,53
DA:482,53
DA:483,53
DA:484,53
DA:485,53
DA:486,53
DA:487,0
DA:488,0
DA:489,0
DA:490,0
DA:491,0
DA:492,0
DA:493,0
DA:494,0
DA:495,0
DA:496,0
DA:497,0
DA:498,0
DA:499,0
DA:500,0
DA:501,0
DA:502,0
DA:503,0
DA:504,0
DA:505,0
DA:506,0
DA:507,0
DA:508,0
DA:509,0
DA:510,0
DA:511,0
DA:512,0
DA:513,0
DA:514,0
DA:515,0
DA:516,0
DA:517,0
DA:518,0
DA:519,0
DA:520,0
DA:521,0
DA:522,0
DA:523,0
DA:524,0
DA:526,0
DA:528,52
DA:529,62
DA:530,62
DA:531,62
DA:532,62
DA:533,62
DA:534,62
DA:535,62
DA:536,62
DA:537,62
DA:538,62
DA:539,62
DA:540,62
DA:541,62
DA:542,52
DA:544,53
DA:545,14
DA:546,14
DA:547,14
DA:548,14
DA:549,0
DA:550,14
DA:551,14
DA:553,53
DA:554,53
DA:555,53
DA:558,53
DA:559,0
DA:560,0
DA:561,0
DA:562,0
DA:563,0
DA:564,0
DA:565,0
DA:567,0
DA:568,0
DA:569,0
DA:570,0
DA:571,0
DA:572,0
DA:573,0
DA:574,0
DA:575,0
DA:576,0
DA:577,0
DA:579,0
DA:580,0
DA:582,0
DA:583,0
DA:585,0
DA:586,0
DA:587,0
DA:588,0
DA:592,53
DA:593,0
DA:594,0
DA:595,0
DA:596,0
DA:597,0
DA:598,0
DA:599,0
DA:600,0
DA:601,0
DA:602,0
DA:603,0
DA:605,0
DA:606,0
DA:607,0
DA:608,0
DA:610,0
DA:611,0
DA:613,0
DA:614,0
DA:615,0
DA:616,0
DA:617,0
DA:618,0
DA:620,0
DA:621,0
DA:622,0
DA:623,0
DA:624,0
DA:625,0
DA:626,0
DA:627,0
DA:628,0
DA:629,0
DA:630,0
DA:631,0
DA:632,0
DA:633,0
DA:634,0
DA:635,0
DA:636,0
DA:638,0
DA:639,0
DA:640,0
DA:641,0
DA:642,0
DA:643,0
DA:644,0
DA:645,0
DA:646,0
DA:647,0
DA:648,0
DA:649,0
DA:651,0
DA:652,0
DA:653,0
DA:654,0
DA:655,0
DA:656,0
DA:657,0
DA:659,0
DA:660,0
DA:661,0
DA:662,0
DA:663,0
DA:664,0
DA:665,0
DA:666,0
DA:668,53
DA:670,53
DA:674,40
DA:685,40
DA:686,40
DA:687,18
DA:688,18
DA:689,18
DA:690,40
DA:692,40
DA:693,40
DA:694,40
DA:695,40
DA:696,40
DA:698,40
DA:699,40
DA:700,40
DA:701,40
DA:702,40
DA:703,40
DA:704,40
DA:705,40
DA:706,40
DA:707,40
DA:708,40
DA:709,40
DA:710,40
DA:711,40
DA:712,40
DA:713,40
DA:714,40
DA:715,40
DA:716,40
DA:717,40
DA:718,0
DA:719,0
DA:720,0
DA:721,0
DA:722,40
DA:723,40
DA:724,40
DA:725,40
DA:726,40
DA:727,40
DA:728,40
DA:729,40
DA:731,40
DA:732,40
DA:733,40
DA:734,40
DA:735,40
DA:736,40
DA:737,40
DA:738,40
DA:739,40
DA:740,40
DA:741,40
DA:742,40
DA:743,40
DA:744,40
DA:745,40
DA:746,40
DA:747,40
DA:748,40
DA:750,40
DA:751,40
DA:752,0
DA:753,0
DA:754,0
DA:755,0
DA:756,0
DA:757,0
DA:758,0
DA:759,0
DA:760,0
DA:761,0
DA:762,0
DA:764,40
DA:765,40
DA:766,40
DA:768,40
DA:772,0
DA:787,0
DA:788,0
DA:789,0
DA:790,0
DA:791,0
DA:792,0
DA:794,0
DA:795,0
DA:796,0
DA:797,0
DA:798,0
DA:799,0
DA:800,0
DA:801,0
DA:802,0
DA:803,0
DA:804,0
DA:805,0
DA:806,0
DA:807,0
DA:808,0
DA:809,0
DA:810,0
DA:811,0
DA:812,0
DA:813,0
DA:814,0
DA:815,0
DA:816,0
DA:817,0
DA:818,0
DA:819,0
DA:820,0
DA:821,0
DA:822,0
DA:824,0
LF:677
LH:275
BRDA:9,0,0,40
BRDA:11,1,0,9
BRDA:17,2,0,31
BRDA:18,3,0,12
BRDA:24,4,0,19
BRDA:31,5,0,0
BRDA:47,6,0,53
BRDA:323,7,0,0
BRDA:432,8,0,0
BRDA:432,9,0,52
BRDA:434,10,0,0
BRDA:434,11,0,52
BRDA:436,12,0,0
BRDA:436,13,0,52
BRDA:436,14,0,0
BRDA:436,15,0,52
BRDA:439,16,0,0
BRDA:439,17,0,52
BRDA:443,18,0,0
BRDA:443,19,0,52
BRDA:445,20,0,0
BRDA:445,21,0,52
BRDA:447,22,0,0
BRDA:447,23,0,52
BRDA:453,24,0,0
BRDA:472,25,0,38
BRDA:486,26,0,0
BRDA:486,27,0,0
BRDA:526,28,0,52
BRDA:544,29,0,14
BRDA:548,30,0,0
BRDA:558,31,0,0
BRDA:592,32,0,0
BRDA:67,33,0,8
BRDA:84,34,0,0
BRDA:87,35,0,8
BRDA:88,36,0,1
BRDA:89,37,0,8
BRDA:90,38,0,8
BRDA:94,39,0,30
BRDA:96,40,0,0
BRDA:99,41,0,14
BRDA:103,42,0,0
BRDA:101,43,0,42
BRDA:101,44,0,36
BRDA:101,45,0,36
BRDA:101,46,0,0
BRDA:113,47,0,52
BRDA:114,48,0,0
BRDA:138,49,0,18
BRDA:140,50,0,0
BRDA:145,51,0,15
BRDA:146,52,0,18
BRDA:166,53,0,22
BRDA:302,54,0,15
BRDA:304,55,0,18
BRDA:411,56,0,14
BRDA:425,57,0,114
BRDA:528,58,0,62
BRDA:674,59,0,40
BRDA:717,60,0,0
BRDA:729,61,0,0
BRDA:732,62,0,0
BRDA:733,63,0,0
BRDA:751,64,0,0
BRDA:686,65,0,18
BRDA:688,66,0,0
BRDA:689,67,0,0
BRF:68
BRH:39
end_of_record
TN:
SF:src\pages\Login.tsx
FN:10,Login
FN:29,init
FN:40,handleSubmit
FN:85,onChange
FN:98,onChange
FNF:5
FNH:5
FNDA:72,Login
FNDA:7,init
FNDA:3,handleSubmit
FNDA:26,onChange
FNDA:27,onChange
DA:1,1
DA:10,72
DA:11,72
DA:12,72
DA:13,72
DA:14,72
DA:15,72
DA:16,72
DA:17,72
DA:19,72
DA:21,7
DA:22,7
DA:23,0
DA:24,0
DA:25,0
DA:26,0
DA:29,7
DA:30,7
DA:31,7
DA:32,7
DA:33,7
DA:35,0
DA:36,7
DA:37,7
DA:38,72
DA:40,72
DA:41,3
DA:42,3
DA:43,3
DA:45,3
DA:46,3
DA:47,1
DA:48,1
DA:49,1
DA:50,1
DA:51,3
DA:52,2
DA:53,2
DA:54,3
DA:56,72
DA:57,72
DA:58,72
DA:60,72
DA:61,72
DA:62,72
DA:63,72
DA:64,72
DA:65,72
DA:66,72
DA:67,72
DA:68,72
DA:71,72
DA:72,72
DA:73,1
DA:74,1
DA:75,1
DA:78,72
DA:79,65
DA:80,65
DA:81,65
DA:82,65
DA:83,65
DA:84,65
DA:85,65
DA:86,65
DA:87,65
DA:88,65
DA:89,65
DA:90,65
DA:91,65
DA:93,65
DA:94,65
DA:95,65
DA:96,65
DA:97,65
DA:98,65
DA:99,65
DA:100,65
DA:101,65
DA:102,65
DA:103,65
DA:105,65
DA:106,65
DA:107,65
DA:108,65
DA:109,65
DA:111,65
DA:112,65
DA:113,65
DA:116,72
DA:117,0
DA:118,0
DA:119,0
DA:120,0
DA:121,0
DA:123,0
DA:124,0
DA:125,0
DA:126,0
DA:127,0
DA:128,0
DA:130,0
DA:131,0
DA:134,72
DA:135,7
DA:136,7
DA:137,7
DA:138,7
DA:140,72
DA:142,72
DA:144,72
DA:145,72
DA:146,72
DA:148,72
LF:114
LH:96
BRDA:10,0,0,72
BRDA:62,1,0,0
BRDA:72,2,0,1
BRDA:78,3,0,65
BRDA:78,4,0,65
BRDA:79,5,0,0
BRDA:108,6,0,62
BRDA:108,7,0,55
BRDA:111,8,0,3
BRDA:111,9,0,62
BRDA:116,10,0,65
BRDA:116,11,0,0
BRDA:134,12,0,7
BRDA:134,13,0,7
BRDA:19,14,0,7
BRDA:22,15,0,0
BRDA:29,16,0,7
BRDA:33,17,0,0
BRDA:40,18,0,3
BRDA:46,19,0,1
BRDA:50,20,0,0
BRDA:51,21,0,2
BRDA:85,22,0,26
BRDA:98,23,0,27
BRF:24
BRH:18
end_of_record
TN:
SF:src\pages\NvrPlayer.tsx
FN:8,NvrPlayer
FN:79,tunnel.oninstruction
FN:96,client.onerror
FN:101,tunnel.onerror
FN:106,tunnel.onstatechange
FN:146,formatTime
FN:157,onClick
FN:217,onClick
FN:226,onClick
FN:247,onClick
FNF:10
FNH:2
FNDA:6,NvrPlayer
FNDA:0,tunnel.oninstruction
FNDA:0,client.onerror
FNDA:0,tunnel.onerror
FNDA:0,tunnel.onstatechange
FNDA:6,formatTime
FNDA:0,onClick
FNDA:0,onClick
FNDA:0,onClick
FNDA:0,onClick
DA:1,1
DA:8,6
DA:9,6
DA:10,6
DA:11,6
DA:12,6
DA:13,6
DA:14,6
DA:16,6
DA:17,6
DA:18,3
DA:19,3
DA:20,6
DA:21,6
DA:22,6
DA:23,6
DA:24,6
DA:26,6
DA:27,6
DA:30,6
DA:31,6
DA:32,3
DA:33,3
DA:34,3
DA:35,6
DA:36,3
DA:37,3
DA:38,3
DA:39,6
DA:40,3
DA:41,3
DA:42,3
DA:43,6
DA:46,6
DA:47,3
DA:48,3
DA:50,3
DA:51,3
DA:53,3
DA:54,3
DA:55,3
DA:56,3
DA:57,3
DA:59,3
DA:60,3
DA:61,3
DA:63,3
DA:64,3
DA:66,3
DA:67,3
DA:68,3
DA:69,3
DA:74,3
DA:75,3
DA:76,3
DA:77,3
DA:79,3
DA:80,0
DA:81,0
DA:82,0
DA:83,0
DA:87,0
DA:88,0
DA:89,0
DA:90,0
DA:91,0
DA:92,3
DA:93,0
DA:94,0
DA:96,3
DA:97,0
DA:98,0
DA:99,0
DA:101,3
DA:102,0
DA:103,0
DA:104,0
DA:106,3
DA:107,0
DA:108,0
DA:109,0
DA:110,0
DA:113,3
DA:114,0
DA:115,0
DA:116,0
DA:117,0
DA:118,0
DA:119,0
DA:120,0
DA:121,0
DA:122,0
DA:123,0
DA:124,3
DA:125,3
DA:128,3
DA:129,0
DA:130,0
DA:131,3
DA:133,3
DA:135,3
DA:136,0
DA:137,0
DA:138,6
DA:141,6
DA:142,3
DA:143,3
DA:144,6
DA:146,6
DA:147,6
DA:148,6
DA:149,6
DA:150,6
DA:152,6
DA:153,6
DA:155,6
DA:156,6
DA:157,6
DA:158,6
DA:160,6
DA:161,6
DA:162,6
DA:164,6
DA:166,6
DA:168,6
DA:169,6
DA:170,6
DA:171,6
DA:172,6
DA:173,6
DA:174,6
DA:176,6
DA:178,6
DA:181,6
DA:182,6
DA:183,3
DA:185,6
DA:186,3
DA:188,3
DA:190,6
DA:191,0
DA:193,0
DA:195,6
DA:196,0
DA:198,6
DA:199,0
DA:201,6
DA:203,6
DA:205,6
DA:206,6
DA:207,6
DA:209,6
DA:212,6
DA:213,6
DA:214,6
DA:215,24
DA:216,24
DA:217,24
DA:218,24
DA:220,24
DA:221,24
DA:222,6
DA:223,6
DA:225,6
DA:226,6
DA:227,6
DA:228,6
DA:230,6
DA:231,6
DA:232,6
DA:235,6
DA:236,0
DA:237,0
DA:238,0
DA:242,6
DA:243,0
DA:244,0
DA:245,0
DA:246,0
DA:247,0
DA:248,0
DA:249,0
DA:251,0
DA:252,0
DA:253,0
DA:257,6
DA:258,6
DA:259,6
DA:260,6
DA:261,6
DA:263,6
LF:191
LH:139
BRDA:8,0,0,6
BRDA:26,1,0,0
BRDA:27,2,0,0
BRDA:182,3,0,3
BRDA:185,4,0,3
BRDA:190,5,0,0
BRDA:195,6,0,0
BRDA:198,7,0,0
BRDA:235,8,0,0
BRDA:235,9,0,0
BRDA:242,10,0,0
BRDA:17,11,0,3
BRDA:19,12,0,0
BRDA:30,13,0,6
BRDA:31,14,0,3
BRDA:35,15,0,3
BRDA:39,16,0,3
BRDA:46,17,0,3
BRDA:47,18,0,0
BRDA:92,19,0,0
BRDA:141,20,0,3
BRDA:146,21,0,6
BRDA:214,22,0,24
BRDA:220,23,0,6
BRDA:220,24,0,18
BRF:25
BRH:14
end_of_record
TN:
SF:src\pages\SessionClient.tsx
FN:31,SessionClient
FN:291,handleResize
FN:324,kb.onkeydown
FN:329,kb.onkeyup
FN:339,trapKeyDown
FN:367,handleDragOver
FN:368,handleDrop
FN:432,onFocus
FN:433,onBlur
FN:438,onMouseDown
FN:498,onClick
FN:516,onClick
FN:526,onSubmit
FN:534,onClick
FN:545,onSubmit
FN:563,attachSession
FNF:16
FNH:1
FNDA:3,SessionClient
FNDA:0,handleResize
FNDA:0,kb.onkeydown
FNDA:0,kb.onkeyup
FNDA:0,trapKeyDown
FNDA:0,handleDragOver
FNDA:0,handleDrop
FNDA:0,onFocus
FNDA:0,onBlur
FNDA:0,onMouseDown
FNDA:0,onClick
FNDA:0,onClick
FNDA:0,onSubmit
FNDA:0,onClick
FNDA:0,onSubmit
FNDA:0,attachSession
DA:1,1
DA:27,1
DA:28,1
DA:29,1
DA:31,3
DA:32,3
DA:33,3
DA:34,3
DA:35,3
DA:36,3
DA:38,3
DA:39,3
DA:40,3
DA:41,3
DA:42,3
DA:43,3
DA:44,3
DA:45,3
DA:46,3
DA:47,3
DA:48,3
DA:49,3
DA:51,3
DA:54,3
DA:55,3
DA:56,3
DA:58,3
DA:61,3
DA:62,2
DA:63,2
DA:64,2
DA:65,2
DA:66,2
DA:67,0
DA:68,0
DA:69,0
DA:70,0
DA:71,0
DA:72,0
DA:73,3
DA:76,3
DA:77,2
DA:79,2
DA:80,2
DA:81,0
DA:82,0
DA:83,0
DA:84,0
DA:85,0
DA:86,0
DA:88,2
DA:89,2
DA:90,2
DA:91,2
DA:92,2
DA:93,2
DA:94,2
DA:95,2
DA:96,2
DA:97,2
DA:98,2
DA:99,0
DA:100,2
DA:101,2
DA:102,2
DA:103,0
DA:104,0
DA:105,2
DA:106,2
DA:107,2
DA:108,3
DA:111,3
DA:112,0
DA:113,0
DA:114,0
DA:115,0
DA:116,0
DA:117,3
DA:120,3
DA:121,0
DA:123,0
DA:124,0
DA:126,0
DA:128,0
DA:129,0
DA:130,0
DA:131,0
DA:133,0
DA:134,0
DA:135,0
DA:137,0
DA:138,0
DA:139,0
DA:140,0
DA:141,0
DA:142,0
DA:144,0
DA:146,0
DA:147,0
DA:148,0
DA:149,0
DA:150,0
DA:151,0
DA:153,0
DA:154,0
DA:155,0
DA:156,0
DA:157,0
DA:158,0
DA:159,0
DA:161,0
DA:162,0
DA:163,0
DA:164,0
DA:165,0
DA:166,0
DA:167,0
DA:168,0
DA:169,0
DA:170,0
DA:171,0
DA:172,0
DA:173,3
DA:176,3
DA:177,0
DA:178,0
DA:180,0
DA:181,0
DA:182,0
DA:184,0
DA:185,0
DA:186,0
DA:187,0
DA:188,0
DA:190,0
DA:191,0
DA:192,0
DA:193,0
DA:194,0
DA:195,0
DA:196,0
DA:197,0
DA:199,0
DA:200,0
DA:202,0
DA:203,0
DA:204,0
DA:205,0
DA:206,0
DA:207,0
DA:209,0
DA:210,0
DA:211,0
DA:212,3
DA:215,3
DA:216,2
DA:218,0
DA:219,0
DA:220,0
DA:221,0
DA:222,0
DA:224,0
DA:227,0
DA:228,0
DA:229,0
DA:230,0
DA:231,0
DA:234,0
DA:235,0
DA:236,0
DA:237,0
DA:238,0
DA:239,0
DA:240,0
DA:241,0
DA:242,0
DA:243,0
DA:244,0
DA:245,0
DA:246,0
DA:247,0
DA:248,0
DA:250,0
DA:252,0
DA:253,0
DA:254,0
DA:255,0
DA:256,0
DA:257,0
DA:259,0
DA:260,0
DA:261,0
DA:262,0
DA:263,0
DA:264,0
DA:265,0
DA:267,0
DA:269,0
DA:270,0
DA:272,0
DA:273,0
DA:275,0
DA:276,3
DA:279,3
DA:280,2
DA:281,0
DA:282,3
DA:285,3
DA:286,2
DA:287,0
DA:288,0
DA:289,0
DA:291,0
DA:292,0
DA:293,0
DA:294,0
DA:296,0
DA:297,0
DA:298,0
DA:299,0
DA:300,0
DA:301,0
DA:302,0
DA:305,0
DA:307,0
DA:308,0
DA:309,3
DA:312,3
DA:313,2
DA:314,0
DA:315,0
DA:316,0
DA:318,2
DA:319,0
DA:320,0
DA:321,0
DA:322,0
DA:324,0
DA:325,0
DA:326,0
DA:327,0
DA:328,0
DA:329,0
DA:330,0
DA:331,0
DA:332,0
DA:339,0
DA:340,0
DA:342,0
DA:343,0
DA:344,0
DA:345,0
DA:346,0
DA:348,0
DA:349,0
DA:350,0
DA:351,0
DA:352,0
DA:353,3
DA:356,3
DA:357,2
DA:358,0
DA:359,0
DA:360,3
DA:363,3
DA:364,2
DA:365,2
DA:367,0
DA:368,0
DA:369,0
DA:370,0
DA:371,0
DA:372,0
DA:373,0
DA:374,0
DA:375,0
DA:376,0
DA:377,0
DA:378,0
DA:379,0
DA:380,0
DA:381,0
DA:382,0
DA:383,0
DA:384,0
DA:385,0
DA:386,0
DA:387,3
DA:390,3
DA:391,2
DA:392,2
DA:393,2
DA:394,0
DA:395,0
DA:396,0
DA:397,2
DA:398,3
DA:401,3
DA:402,0
DA:403,0
DA:404,0
DA:405,0
DA:406,0
DA:407,0
DA:408,0
DA:409,0
DA:410,0
DA:411,3
DA:413,3
DA:414,3
DA:415,0
DA:416,2
DA:419,3
DA:420,3
DA:421,3
DA:422,3
DA:423,3
DA:424,3
DA:425,3
DA:426,3
DA:427,3
DA:428,3
DA:429,3
DA:430,3
DA:431,3
DA:432,3
DA:433,3
DA:435,0
DA:436,0
DA:437,0
DA:438,3
DA:439,3
DA:440,3
DA:441,3
DA:442,3
DA:443,3
DA:444,3
DA:445,3
DA:446,3
DA:447,3
DA:450,3
DA:451,0
DA:452,0
DA:453,0
DA:454,0
DA:455,0
DA:456,0
DA:457,0
DA:458,0
DA:459,0
DA:460,0
DA:461,0
DA:465,3
DA:466,0
DA:467,0
DA:468,0
DA:469,0
DA:470,0
DA:472,0
DA:473,0
DA:474,0
DA:475,0
DA:478,3
DA:479,2
DA:480,2
DA:481,2
DA:485,3
DA:486,0
DA:487,0
DA:488,0
DA:489,0
DA:490,0
DA:491,0
DA:492,0
DA:493,0
DA:494,0
DA:495,0
DA:496,0
DA:497,0
DA:498,0
DA:499,0
DA:500,0
DA:501,0
DA:502,0
DA:503,0
DA:504,0
DA:505,0
DA:506,0
DA:507,0
DA:508,0
DA:511,3
DA:512,0
DA:513,0
DA:514,0
DA:515,0
DA:516,0
DA:517,0
DA:518,0
DA:521,3
DA:522,0
DA:523,0
DA:524,0
DA:525,0
DA:526,0
DA:527,0
DA:528,0
DA:529,0
DA:530,0
DA:531,0
DA:532,0
DA:533,0
DA:534,0
DA:535,0
DA:536,0
DA:537,0
DA:540,3
DA:541,0
DA:542,0
DA:543,0
DA:544,0
DA:545,0
DA:546,0
DA:547,0
DA:548,0
DA:549,0
DA:550,0
DA:551,0
DA:552,0
DA:553,0
DA:554,0
DA:555,0
DA:557,3
DA:558,3
DA:559,3
DA:560,3
DA:563,0
DA:564,0
DA:565,0
DA:567,0
DA:568,0
DA:569,0
DA:570,0
DA:572,0
DA:573,0
DA:574,0
DA:575,0
DA:576,0
DA:578,0
DA:579,0
LF:449
LH:132
BRDA:31,0,0,3
BRDA:56,1,0,2
BRDA:414,2,0,0
BRDA:415,3,0,2
BRDA:444,4,0,0
BRDA:444,5,0,2
BRDA:450,6,0,0
BRDA:450,7,0,0
BRDA:465,8,0,0
BRDA:478,9,0,2
BRDA:478,10,0,2
BRDA:478,11,0,2
BRDA:485,12,0,0
BRDA:511,13,0,0
BRDA:511,14,0,0
BRDA:511,15,0,0
BRDA:511,16,0,0
BRDA:521,17,0,0
BRDA:540,18,0,0
BRDA:61,19,0,2
BRDA:66,20,0,0
BRDA:76,21,0,2
BRDA:77,22,0,0
BRDA:80,23,0,0
BRDA:91,24,0,2
BRDA:93,25,0,2
BRDA:94,26,0,0
BRDA:96,27,0,0
BRDA:97,28,0,0
BRDA:98,29,0,0
BRDA:102,30,0,0
BRDA:107,31,0,2
BRDA:215,32,0,2
BRDA:216,33,0,0
BRDA:216,34,0,0
BRDA:216,35,0,0
BRDA:279,36,0,2
BRDA:280,37,0,0
BRDA:280,38,0,0
BRDA:280,39,0,0
BRDA:285,40,0,2
BRDA:286,41,0,0
BRDA:286,42,0,0
BRDA:312,43,0,2
BRDA:313,44,0,0
BRDA:318,45,0,0
BRDA:318,46,0,0
BRDA:356,47,0,2
BRDA:357,48,0,0
BRDA:357,49,0,0
BRDA:363,50,0,2
BRDA:365,51,0,0
BRDA:390,52,0,2
BRDA:391,53,0,2
BRDA:393,54,0,0
BRF:55
BRH:20
end_of_record
TN:
SF:src\pages\SetupWizard.tsx
FN:10,SetupWizard
FN:18,handleSubmit
FN:80,onChange
FN:100,onChange
FN:110,onChange
FN:122,onChange
FNF:6
FNH:2
FNDA:8,SetupWizard
FNDA:2,handleSubmit
FNDA:0,onChange
FNDA:0,onChange
FNDA:0,onChange
FNDA:0,onChange
DA:1,1
DA:10,8
DA:11,8
DA:12,8
DA:13,8
DA:14,8
DA:15,8
DA:16,8
DA:18,8
DA:19,2
DA:20,2
DA:22,2
DA:24,2
DA:25,2
DA:26,2
DA:27,2
DA:28,0
DA:29,0
DA:30,0
DA:31,0
DA:32,0
DA:34,2
DA:35,2
DA:36,1
DA:37,1
DA:38,1
DA:39,2
DA:40,2
DA:41,2
DA:42,2
DA:44,8
DA:45,8
DA:46,8
DA:47,8
DA:48,8
DA:51,8
DA:53,8
DA:54,1
DA:55,1
DA:56,1
DA:59,8
DA:60,8
DA:61,8
DA:62,8
DA:63,8
DA:64,8
DA:65,8
DA:66,8
DA:67,24
DA:68,24
DA:69,24
DA:70,24
DA:71,8
DA:72,16
DA:73,24
DA:75,24
DA:76,24
DA:77,24
DA:78,24
DA:79,24
DA:80,24
DA:81,24
DA:82,24
DA:83,24
DA:84,24
DA:85,24
DA:86,24
DA:87,24
DA:88,8
DA:89,8
DA:90,8
DA:92,8
DA:93,0
DA:94,0
DA:95,0
DA:96,0
DA:97,0
DA:98,0
DA:99,0
DA:100,0
DA:101,0
DA:102,0
DA:104,0
DA:105,0
DA:106,0
DA:107,0
DA:108,0
DA:109,0
DA:110,0
DA:111,0
DA:112,0
DA:113,0
DA:116,8
DA:117,8
DA:118,8
DA:119,8
DA:120,8
DA:121,8
DA:122,8
DA:123,8
DA:124,8
DA:127,8
DA:128,8
DA:129,8
DA:130,8
DA:131,8
DA:133,8
LF:107
LH:82
BRDA:10,0,0,8
BRDA:53,1,0,1
BRDA:92,2,0,0
BRDA:128,3,0,2
BRDA:128,4,0,6
BRDA:18,5,0,2
BRDA:26,6,0,0
BRDA:27,7,0,0
BRDA:35,8,0,1
BRDA:38,9,0,0
BRDA:66,10,0,24
BRDA:70,11,0,8
BRDA:71,12,0,16
BRF:13
BRH:9
end_of_record
TN:
SF:src\pages\SharedViewer.tsx
FN:11,SharedViewer
FN:52,keyboard.onkeydown
FN:53,keyboard.onkeyup
FN:56,display.onresize
FN:66,tunnel.onerror
FN:69,client.onerror
FN:73,client.onstatechange
FN:95,handleResize
FNF:8
FNH:1
FNDA:3,SharedViewer
FNDA:0,keyboard.onkeydown
FNDA:0,keyboard.onkeyup
FNDA:0,display.onresize
FNDA:0,tunnel.onerror
FNDA:0,client.onerror
FNDA:0,client.onstatechange
FNDA:0,handleResize
DA:1,1
DA:11,3
DA:12,3
DA:13,3
DA:14,3
DA:15,3
DA:16,3
DA:17,3
DA:18,3
DA:20,3
DA:21,3
DA:22,3
DA:23,3
DA:25,3
DA:26,3
DA:28,3
DA:29,3
DA:30,3
DA:32,3
DA:33,3
DA:34,3
DA:35,3
DA:37,3
DA:38,3
DA:39,3
DA:40,3
DA:43,3
DA:44,3
DA:45,0
DA:46,3
DA:49,3
DA:50,3
DA:51,0
DA:52,0
DA:53,0
DA:54,0
DA:56,3
DA:57,0
DA:58,0
DA:59,0
DA:60,0
DA:61,0
DA:62,0
DA:63,0
DA:64,0
DA:66,3
DA:67,0
DA:68,0
DA:69,3
DA:70,0
DA:71,0
DA:73,3
DA:74,0
DA:75,0
DA:76,0
DA:77,0
DA:78,0
DA:79,0
DA:80,0
DA:81,0
DA:82,0
DA:83,0
DA:84,0
DA:85,0
DA:86,0
DA:88,3
DA:89,3
DA:90,3
DA:91,3
DA:93,3
DA:95,3
DA:96,0
DA:97,0
DA:98,0
DA:99,0
DA:100,0
DA:101,0
DA:102,0
DA:103,0
DA:104,0
DA:105,3
DA:107,3
DA:108,3
DA:109,3
DA:110,3
DA:111,3
DA:113,3
DA:114,3
DA:116,3
DA:117,3
DA:118,3
DA:119,3
DA:120,3
DA:121,3
DA:122,3
DA:123,3
DA:124,3
DA:125,3
DA:126,3
DA:127,3
DA:128,3
DA:129,3
DA:130,3
DA:131,3
DA:133,3
DA:134,3
DA:135,0
DA:136,3
DA:137,3
DA:138,3
DA:140,3
DA:141,3
DA:142,3
DA:143,3
DA:144,3
DA:145,3
DA:146,3
DA:147,3
DA:149,3
DA:150,0
DA:151,0
DA:152,0
DA:153,0
DA:154,0
DA:156,0
DA:157,0
DA:158,0
DA:160,3
DA:161,3
DA:162,3
DA:163,3
LF:131
LH:83
BRDA:11,0,0,3
BRDA:134,1,0,0
BRDA:149,2,0,0
BRDA:20,3,0,3
BRDA:22,4,0,0
BRDA:25,5,0,3
BRDA:26,6,0,0
BRDA:28,7,0,0
BRDA:30,8,0,0
BRDA:50,9,0,0
BRDA:107,10,0,3
BRDA:109,11,0,0
BRF:12
BRH:4
end_of_record
TN:
SF:src\pages\TiledView.tsx
FN:13,computeGrid
FN:20,TiledView
FN:197,TiledTile
FNF:3
FNH:1
FNDA:11,computeGrid
FNDA:0,TiledView
FNDA:0,TiledTile
DA:1,1
DA:13,1
DA:14,11
DA:15,8
DA:16,8
DA:17,8
DA:18,8
DA:20,0
DA:21,0
DA:22,0
DA:23,0
DA:24,0
DA:25,0
DA:26,0
DA:27,0
DA:28,0
DA:29,0
DA:30,0
DA:31,0
DA:33,0
DA:36,0
DA:37,0
DA:38,0
DA:39,0
DA:40,0
DA:41,0
DA:43,0
DA:46,0
DA:47,0
DA:48,0
DA:49,0
DA:50,0
DA:51,0
DA:52,0
DA:53,0
DA:54,0
DA:55,0
DA:58,0
DA:59,0
DA:60,0
DA:63,0
DA:64,0
DA:65,0
DA:66,0
DA:67,0
DA:68,0
DA:69,0
DA:70,0
DA:71,0
DA:72,0
DA:73,0
DA:74,0
DA:77,0
DA:78,0
DA:79,0
DA:80,0
DA:81,0
DA:82,0
DA:83,0
DA:84,0
DA:85,0
DA:86,0
DA:87,0
DA:88,0
DA:89,0
DA:90,0
DA:91,0
DA:92,0
DA:93,0
DA:96,0
DA:97,0
DA:100,0
DA:101,0
DA:102,0
DA:103,0
DA:104,0
DA:105,0
DA:106,0
DA:107,0
DA:108,0
DA:111,0
DA:112,0
DA:113,0
DA:114,0
DA:115,0
DA:116,0
DA:119,0
DA:120,0
DA:121,0
DA:122,0
DA:124,0
DA:125,0
DA:126,0
DA:127,0
DA:129,0
DA:130,0
DA:131,0
DA:132,0
DA:133,0
DA:134,0
DA:135,0
DA:136,0
DA:139,0
DA:140,0
DA:141,0
DA:144,0
DA:145,0
DA:147,0
DA:148,0
DA:149,0
DA:150,0
DA:151,0
DA:152,0
DA:154,0
DA:155,0
DA:156,0
DA:157,0
DA:159,0
DA:161,0
DA:162,0
DA:163,0
DA:164,0
DA:165,0
DA:166,0
DA:167,0
DA:168,0
DA:169,0
DA:170,0
DA:171,0
DA:172,0
DA:173,0
DA:174,0
DA:175,0
DA:176,0
DA:178,0
DA:179,0
DA:180,0
DA:181,0
DA:182,0
DA:183,0
DA:184,0
DA:185,0
DA:186,0
DA:187,0
DA:188,0
DA:189,0
DA:190,0
DA:191,0
DA:192,0
DA:193,0
DA:197,0
DA:198,0
DA:199,0
DA:200,0
DA:201,0
DA:202,0
DA:203,0
DA:204,0
DA:211,0
DA:212,0
DA:213,0
DA:216,0
DA:217,0
DA:218,0
DA:219,0
DA:220,0
DA:221,0
DA:222,0
DA:223,0
DA:226,0
DA:227,0
DA:228,0
DA:229,0
DA:231,0
DA:232,0
DA:233,0
DA:234,0
DA:235,0
DA:236,0
DA:237,0
DA:238,0
DA:240,0
DA:241,0
DA:242,0
DA:243,0
DA:244,0
DA:246,0
DA:247,0
DA:248,0
DA:249,0
DA:250,0
DA:251,0
DA:252,0
DA:253,0
DA:254,0
DA:255,0
DA:256,0
DA:257,0
DA:260,0
DA:261,0
DA:262,0
DA:263,0
DA:264,0
DA:265,0
DA:266,0
DA:267,0
DA:268,0
DA:269,0
DA:270,0
DA:271,0
DA:272,0
DA:273,0
DA:274,0
DA:276,0
DA:277,0
DA:278,0
DA:279,0
DA:280,0
DA:281,0
DA:282,0
DA:283,0
DA:284,0
DA:285,0
DA:286,0
DA:287,0
DA:288,0
DA:289,0
DA:290,0
DA:291,0
DA:292,0
DA:293,0
DA:294,0
DA:295,0
DA:296,0
DA:297,0
DA:298,0
DA:299,0
DA:300,0
DA:301,0
DA:302,0
DA:303,0
DA:305,0
DA:306,0
DA:307,0
DA:308,0
DA:309,0
DA:312,0
DA:313,0
DA:314,0
DA:315,0
DA:316,0
DA:317,0
DA:318,0
DA:319,0
DA:320,0
DA:323,0
DA:324,0
DA:325,0
DA:326,0
DA:327,0
DA:328,0
DA:329,0
DA:330,0
DA:331,0
DA:332,0
DA:333,0
DA:334,0
DA:335,0
DA:336,0
DA:338,0
DA:339,0
DA:340,0
DA:341,0
DA:342,0
DA:343,0
DA:344,0
DA:345,0
DA:346,0
DA:347,0
DA:348,0
DA:349,0
DA:350,0
DA:352,0
DA:354,0
DA:355,0
DA:356,0
DA:357,0
DA:358,0
DA:359,0
DA:360,0
DA:361,0
DA:362,0
DA:363,0
DA:364,0
DA:365,0
DA:366,0
DA:367,0
DA:368,0
DA:369,0
DA:370,0
DA:371,0
DA:372,0
DA:373,0
DA:374,0
DA:375,0
DA:376,0
DA:377,0
DA:378,0
DA:380,0
DA:381,0
DA:382,0
DA:385,0
DA:386,0
DA:387,0
DA:388,0
DA:389,0
DA:390,0
DA:391,0
DA:392,0
DA:393,0
DA:394,0
DA:395,0
DA:396,0
DA:397,0
DA:398,0
DA:399,0
DA:400,0
DA:402,0
DA:404,0
LF:329
LH:7
BRDA:13,0,0,11
BRDA:14,1,0,3
BRDA:14,2,0,8
BRF:3
BRH:3
end_of_record
